1RIETVELD ANALYSIS PROGRAM DBWS-9807, RELEASE  21.09.98,
   COPYRIGHT 1998 BY R.A.YOUNG,
   SEE APPENDIX B ON COPYRIGHT-AND-FAIR-USE IN USERS GUIDE FOR CONDITIONS,
   THIS PROGRAM SHOULD BE CITED IN ALL WORK TO WHICH IT HAS CONTRIBUTED AS AN UPGRADE OF:
  "DBWS-9411 - an upgrade of the DBWS programs for Rietveld
   Refinement with PC and mainframe computers",
   J. Appl. Cryst., Vol. 28, 366-7; 1995
 PROGRAM PARAMETERS:
 IDSZ=20000    IRS= 2048    NATS= 128     MSZ=140     NOV= 256
 FAp Test case FDATA Y-286 15-90 F.IN  1/32 F.OUT    29.7.98           
 FOR X-RAY DATA
 READ DATA IN TRADITIONAL DBWS FORMAT
 NUMBER OF PHASES=    1
 NUMBER OF EXCLUDED REGIONS=    1
 NUMBER OF SCATTERING SETS=    1
 BACKGROUND TO BE REFINED  
 PSEUDO-VOIGT (PV) PROFILE, NPROF =    5
 IPREF=1, MARCH-DOLLASE PREFERRED ORIENTATION FUNCTION
 IABSR=1, CORRECTION OF SURFACE ROUGHNESS BY YOUNG
 IASYM=1, Asymmetry by Riello et al.: Powder Diffraction,10,204-206,1995
 NO AMOPHOUS AND COMPTON CORRECTION TO THE BGD
 GENERATE PARAMETER LIST
 OUTPUT INTENSITIES 
 OUTPUT CORRELATION MATRIX
 GENERATE NEW INPUT FILE
 PRINT REFLECTION LIST
 WAVELENGTHS=    1.54050  1.54430  LAMDA MEAN =    1.54177
 ALPHA2:ALPHA1 RATIO =    .5000
 BASE OF PEAK = 2.0*HW*    8.00
 MONOCHROMATOR CORRECTION =   .8009
 ABSORPTION CORRECTION COEFFICIENT =   1.0000 CM-1
 SLAB-WIDTH =    .0000 CM.
 ASYMMETRY CORRECTION FOR ANGLES LESS THAN   55.000 DEGREES
                          AND GREATER THAN  125.000 DEGREES
 NUMBER OF CYCLES =    1
 RELAXATION FACTORS
 FOR COORDINATES=  .95
 FOR ANISOTRPIC TEMPERATURE FACTORS=  .95
 FOR FWHM PARAMETERS=   .95
 FOR LATTICE CONSTANTS=  .95
 EPS-VALUE=    .1
 EXCLUDED REGIONS 
 FROM     TO
  15.0000  25.0000

 FORMFACTORS
 FOR P-1  DFP=   .100000 DFPP=   .120000
 COEFFICIENTS= -1.739570  2.000000   .362660  4.272240  2.747610  6.958600  5.403990  9.414380  6.260430
 NUMBER OF PARAMETERS VARIED=   32
 GLOBAL PARAMETERS AND CODEWORDS
 ZEROPOINT=     .00     .00
 BACKGROUND PARAMETERS AND CODEWORDS
 ORIGIN OF BACKGROUND POLYNOMIAL AT TWO-THETA =   90.000DEGREES
 77.3000     198.730     539.340     .000000     .000000     .000000    
  31.000      41.000      71.000        .000        .000        .000
 DISPLACEMENT PEAKSHIFT PARAMETER AND CODEWORD    -.04   21.00
 TRANSPARENCY PEAKSHIFT PARAMETER AND CODEWORD     .00     .00
 SURFACE ROUGHNESS P PARAMETER AND CODEWORD    .0000    .0000
 SURFACE ROUGHNESS Q PARAMETER AND CODEWORD    .0000    .0000
 SURFACE ROUGHNESS R PARAMETER AND CODEWORD   1.0000    .0000
 SURFACE ROUGHNESS T PARAMETER AND CODEWORD    .0000    .0000

     DATA ID PS1286 90MR21 Y286 DOUBLE  T=19X2        15.000         
 DATA RANGE (2THETA):  START =  15.000, STOP =  90.000, STEP =    .020

1PHASE  1
 Fluorapatite                                      
 NUMBER OF ATOMS=    7
 NUMBER OF FORMULA UNITS PER UNIT CELL=    6
 PARTICLE ABSORPTION FACTOR =   1.0000
 PREFERRED ORIENTATION VECTOR=    .0000   .0000  1.0000

0THE SPACE GROUP IS P 63/M              
 The multiplicity of the general site is  12

 ***INITIAL PARAMETERS***
 ATOM    M NTYP              X         Y         Z         B        So
                           B11       B22       B33       B12       B13       B23
 O1      6 O-1            .32537    .48663    .25000    .00000    .97877
                          .00350    .00260    .00410    .00230    .00000    .00000
 O2      6 O-1            .58913    .46860    .25000    .00000    .98454
                          .00160    .00240    .00700    .00070    .00000    .00000
 O3     12 O-1            .33962    .25918    .07217    .00000   1.00000
                          .00610    .00310    .00310    .00290    .00210    .00140
 P       6 P-1            .39651    .36655    .25000    .00000    .95407
                          .00140    .00120    .00170    .00070    .00000    .00000
 CA1     4 CA+2           .33333    .66667    .00251    .00000    .96913
                          .00110    .00300    .00300    .00200    .00150    .00000
 CA2     6 CA+2           .24139    .99187    .25000    .00000    .96654
                          .00200    .00200    .00270    .00110    .00000    .00000
 F       2 F-1            .00000    .00000    .25000    .00000   1.00017
                          .00250    .00250    .01290    .00120    .00000    .00000
 OVERALL SCALE FACTOR= .108000E-02
 OVERALL TEMP. FACTOR=      .04540
 DIRECT CELL PARAMETERS=   9.3728   9.3728   6.8866  90.0000  90.0000 120.0000
 PREFERRED ORIENTATION PARAMETERS=   .991   .000
 ASYMMETRY PARAMETER=-.133600
 MIXING PARAMETERS = .647    .800E-03.000    

 FWHM PARAMETERS (U,V,W,CT,Z,X,Y)=    .0098   -.0051    .0064    .0000    .0000    .0000    .0000

0THE LAUE SYMMETRY IS 6/M     
 CELL VOLUME PHASE( 1 ) =     523.9311
0***Coding of variables***
 ATOM                        X         Y         Z         B         So
                           B11       B22       B33       B12       B13       B23
 O1                       160.00    171.00       .00       .00    131.00
                             .00       .00       .00       .00       .00       .00
 O2                       180.00    191.00       .00       .00    141.00
                             .00       .00       .00       .00       .00       .00
 O3                       200.00    211.00    221.00       .00       .00
                             .00       .00       .00       .00       .00       .00
 P                        230.00    241.00       .00       .00    151.00
                             .00       .00       .00       .00       .00       .00
 CA1                         .00       .00    271.00       .00    291.00
                             .00       .00       .00       .00       .00       .00
 CA2                      250.00    261.00       .00       .00    121.00
                             .00       .00       .00       .00       .00       .00
 F                           .00       .00       .00       .00    281.00
                             .00       .00       .00       .00       .00       .00
 OVERALL SCALE FACTOR=   11.00
 OVERALL TEMP. FACTOR=  311.00
 DIRECT CELL PARAMETERS=  100.50  100.50  110.50     .00     .00  100.50
 PREFERRED ORIENTATION PARAMETERS=   60.30     .00
 ASYMMETRY PARAMETER=  300.50
 MIXING PARAMETERS =    90.50  320.30     .00

 FWHM PARAMETERS (U,V,W,CT,Z,X,Y)=   80.20  320.10   50.50     .00     .00     .00     .00

 ATOM =O-1  dfp,dfpp=    .04920     .03220  MASS=  15.999  Wlenght:1.540500
 Scat Coef.=  4.19160  12.85730   1.63969   4.17236   1.52673  47.01790 -20.30700   -.01404  21.94120
 ATOM =CA+2 dfp,dfpp=    .36410    1.28550  MASS=  40.080  Wlenght:1.540500
 Scat Coef.= 15.63480   -.00740   7.95180    .60890   8.43720  10.31160    .85370  25.99050 -14.87500
 ATOM =F-1  dfp,dfpp=    .07270     .05340  MASS=  18.998  Wlenght:1.540500
 Scat Coef.=  3.63220   5.27756   3.51057  14.73530   1.26064    .44226    .94071  47.34370    .65340
 LAUE SYMMETRY 6/M      WILL BE USED TO GENERATE INDICES
1The operations of the space group are
0 ( 1. 0. 0. )     ( X )     (  .000 )     ( X2 )
 (  0. 1. 0.  ) * (  Y  ) + (   .000  ) = (  Y2  )
  ( 0. 0. 1. )     ( Z )     (  .000 )     ( Z2 )          IVEC(  1) =      755450384
0 ( 0.-1. 0. )     ( X )     (  .000 )     ( X2 )
 (  1.-1. 0.  ) * (  Y  ) + (   .000  ) = (  Y2  )
  ( 0. 0. 1. )     ( Z )     (  .000 )     ( Z2 )          IVEC(  2) =      355942928
0 (-1. 1. 0. )     ( X )     (  .000 )     ( X2 )
 ( -1. 0. 0.  ) * (  Y  ) + (   .000  ) = (  Y2  )
  ( 0. 0. 1. )     ( Z )     (  .000 )     ( Z2 )          IVEC(  3) =      239550992
0 (-1. 0. 0. )     ( X )     (  .000 )     ( X2 )
 (  0.-1. 0.  ) * (  Y  ) + (   .000  ) = (  Y2  )
  ( 0. 0. 1. )     ( Z )     (  .500 )     ( Z2 )          IVEC(  4) =      145179158
0 ( 0. 1. 0. )     ( X )     (  .000 )     ( X2 )
 ( -1. 1. 0.  ) * (  Y  ) + (   .000  ) = (  Y2  )
  ( 0. 0. 1. )     ( Z )     (  .500 )     ( Z2 )          IVEC(  5) =      544686614
0 ( 1.-1. 0. )     ( X )     (  .000 )     ( X2 )
 (  1. 0. 0.  ) * (  Y  ) + (   .000  ) = (  Y2  )
  ( 0. 0. 1. )     ( Z )     (  .500 )     ( Z2 )          IVEC(  6) =      661078550
0 ( 1. 0. 0. )     ( X )     (  .000 )     ( X2 )
 (  0. 1. 0.  ) * (  Y  ) + (   .000  ) = (  Y2  )
  ( 0. 0.-1. )     ( Z )     (  .500 )     ( Z2 )          IVEC(  7) =      755384854
0 ( 0.-1. 0. )     ( X )     (  .000 )     ( X2 )
 (  1.-1. 0.  ) * (  Y  ) + (   .000  ) = (  Y2  )
  ( 0. 0.-1. )     ( Z )     (  .500 )     ( Z2 )          IVEC(  8) =      355877398
0 (-1. 1. 0. )     ( X )     (  .000 )     ( X2 )
 ( -1. 0. 0.  ) * (  Y  ) + (   .000  ) = (  Y2  )
  ( 0. 0.-1. )     ( Z )     (  .500 )     ( Z2 )          IVEC(  9) =      239485462
0 (-1. 0. 0. )     ( X )     (  .000 )     ( X2 )
 (  0.-1. 0.  ) * (  Y  ) + (   .000  ) = (  Y2  )
  ( 0. 0.-1. )     ( Z )     (  .000 )     ( Z2 )          IVEC( 10) =      145113616
0 ( 0. 1. 0. )     ( X )     (  .000 )     ( X2 )
 ( -1. 1. 0.  ) * (  Y  ) + (   .000  ) = (  Y2  )
  ( 0. 0.-1. )     ( Z )     (  .000 )     ( Z2 )          IVEC( 11) =      544621072
0 ( 1.-1. 0. )     ( X )     (  .000 )     ( X2 )
 (  1. 0. 0.  ) * (  Y  ) + (   .000  ) = (  Y2  )
  ( 0. 0.-1. )     ( Z )     (  .000 )     ( Z2 )          IVEC( 12) =      661013008
1NO.  CODE    H   K   L  MULT     HW    POSN    FACTOR  

    1   1      0   1   1     6    .077  16.832 40.726360
    2   1      1   0   1     6    .077  16.832 40.726360
    3   2      0   1   1     6    .077  16.874 40.520760
    4   2      1   0   1     6    .077  16.874 40.520760
    5   1      1   1   0     6    .076  18.884 32.212570
    6   2      1   1   0     6    .076  18.931 32.048890
    7   1      0   2   0     3    .076  21.844 23.889850
    8   1      2   0   0     3    .076  21.844 23.889850
    9   2      0   2   0     3    .076  21.899 23.767180
   10   2      2   0   0     3    .076  21.899 23.767180
   11   1      1   1   1    12    .076  22.898 21.676760
   12   2      1   1   1    12    .076  22.955 21.565020
   13   1      0   2   1     6    .076  25.416 17.460030
   14   1      2   0   1     6    .076  25.416 17.460030
   15   2      0   2   1     6    .076  25.480 17.369120
   16   2      2   0   1     6    .076  25.480 17.369120
   17   1      0   0   2     2    .076  25.816 16.901400
   18   2      0   0   2     2    .076  25.881 16.813250
   19   1      0   1   2     6    .076  28.090 14.167850
   20   1      1   0   2     6    .076  28.090 14.167850
   21   2      0   1   2     6    .076  28.161 14.093240
   22   2      1   0   2     6    .076  28.161 14.093240
   23   1      1   2   0     6    .076  29.045 13.207780
   24   1      2   1   0     6    .076  29.045 13.207780
   25   2      1   2   0     6    .076  29.118 13.137940
   26   2      2   1   0     6    .076  29.118 13.137940
   27   1      1   2   1    12    .076  31.871 10.857200
   28   1      2   1   1    12    .076  31.871 10.857200
   29   2      1   2   1    12    .076  31.951 10.799070
   30   2      2   1   1    12    .076  31.951 10.799070
   31   1      1   1   2    12    .076  32.197 10.625250
   32   2      1   1   2    12    .076  32.278 10.568270
   33   1      0   3   0     3    .076  33.044 10.055070
   34   1      3   0   0     3    .076  33.044 10.055070
   35   2      0   3   0     3    .076  33.128 10.000950
   36   2      3   0   0     3    .076  33.128 10.000950
   37   1      0   2   2     6    .076  34.083  9.413515
   38   1      2   0   2     6    .076  34.083  9.413515
   39   2      0   2   2     6    .076  34.169  9.362609
   40   2      2   0   2     6    .076  34.169  9.362609
   41   1      0   3   1     6    .076  35.585  8.584679
   42   1      3   0   1     6    .076  35.585  8.584679
   43   2      0   3   1     6    .076  35.676  8.537942
   44   2      3   0   1     6    .076  35.676  8.537942
   45   1      2   2   0     6    .076  38.347  7.310813
   46   2      2   2   0     6    .076  38.445  7.270525
   47   1      1   2   2    12    .076  39.264  6.947408
   48   1      2   1   2    12    .076  39.264  6.947408
   49   2      1   2   2    12    .076  39.365  6.908971
   50   2      2   1   2    12    .076  39.365  6.908971
   51   1      1   3   0     6    .076  39.980  6.681158
   52   1      3   1   0     6    .076  39.980  6.681158
   53   2      1   3   0     6    .076  40.083  6.644083
   54   2      3   1   0     6    .076  40.083  6.644083
   55   1      2   2   1    12    .077  40.601  6.461963
   56   2      2   2   1    12    .077  40.705  6.426013
   57   1      0   1   3     6    .077  40.781  6.400083
   58   1      1   0   3     6    .077  40.781  6.400083
   59   2      0   1   3     6    .077  40.887  6.364450
   60   2      1   0   3     6    .077  40.887  6.364450
1NO.  CODE    H   K   L  MULT     HW    POSN    FACTOR  

   61   1      1   3   1    12    .077  42.161  5.954432
   62   1      3   1   1    12    .077  42.161  5.954432
   63   2      1   3   1    12    .077  42.270  5.921095
   64   2      3   1   1    12    .077  42.270  5.921095
   65   1      0   3   2     6    .077  42.418  5.876245
   66   1      3   0   2     6    .077  42.418  5.876245
   67   2      0   3   2     6    .077  42.528  5.843313
   68   2      3   0   2     6    .077  42.528  5.843313
   69   1      1   1   3    12    .077  43.846  5.467908
   70   2      1   1   3    12    .077  43.960  5.437100
   71   1      0   4   0     3    .077  44.580  5.273579
   72   1      4   0   0     3    .077  44.580  5.273579
   73   2      0   4   0     3    .077  44.696  5.243787
   74   2      4   0   0     3    .077  44.696  5.243787
   75   1      0   2   3     6    .077  45.315  5.088810
   76   1      2   0   3     6    .077  45.315  5.088810
   77   2      0   2   3     6    .077  45.433  5.059989
   78   2      2   0   3     6    .077  45.433  5.059989
   79   1      0   4   1     6    .078  46.586  4.790658
   80   1      4   0   1     6    .078  46.586  4.790658
   81   2      0   4   1     6    .078  46.708  4.763415
   82   2      4   0   1     6    .078  46.708  4.763415
   83   1      2   2   2    12    .078  46.824  4.737679
   84   2      2   2   2    12    .078  46.947  4.710717
   85   1      1   3   2    12    .078  48.222  4.442718
   86   1      3   1   2    12    .078  48.222  4.442718
   87   2      1   3   2    12    .078  48.349  4.417334
   88   2      3   1   2    12    .078  48.349  4.417334
   89   1      2   3   0     6    .078  48.832  4.322447
   90   1      3   2   0     6    .078  48.832  4.322447
   91   2      2   3   0     6    .078  48.961  4.297712
   92   2      3   2   0     6    .078  48.961  4.297712
   93   1      1   2   3    12    .078  49.518  4.192661
   94   1      2   1   3    12    .078  49.518  4.192661
   95   2      1   2   3    12    .078  49.649  4.168629
   96   2      2   1   3    12    .078  49.649  4.168629
   97   1      2   3   1    12    .079  50.709  3.980718
   98   1      3   2   1    12    .079  50.709  3.980718
   99   2      2   3   1    12    .079  50.843  3.957845
  100   2      3   2   1    12    .079  50.843  3.957845
  101   1      1   4   0     6    .079  51.519  3.845584
  102   1      4   1   0     6    .079  51.519  3.845584
  103   2      1   4   0     6    .079  51.655  3.823457
  104   2      4   1   0     6    .079  51.655  3.823457
  105   1      0   3   3     6    .079  52.179  3.740295
  106   1      3   0   3     6    .079  52.179  3.740295
  107   1      0   4   2     6    .079  52.249  3.729397
  108   1      4   0   2     6    .079  52.249  3.729397
  109   2      0   3   3     6    .079  52.318  3.718753
  110   2      3   0   3     6    .079  52.318  3.718753
  111   2      0   4   2     6    .079  52.388  3.707916
  112   2      4   0   2     6    .079  52.388  3.707916
  113   1      0   0   4     2    .079  53.120  3.597632
  114   2      0   0   4     2    .079  53.261  3.576890
  115   1      1   4   1    12    .079  53.327  3.567333
  116   1      4   1   1    12    .079  53.327  3.567333
  117   2      1   4   1    12    .079  53.469  3.546762
  118   2      4   1   1    12    .079  53.469  3.546762
  119   1      0   1   4     6    .080  54.399  3.416493
  120   1      1   0   4     6    .080  54.399  3.416493
1NO.  CODE    H   K   L  MULT     HW    POSN    FACTOR  

  121   2      0   1   4     6    .080  54.544  3.396780
  122   2      1   0   4     6    .080  54.544  3.396780
  123   1      2   2   3    12    .080  56.001  3.208652
  124   1      2   3   2    12    .080  56.067  3.200430
  125   1      3   2   2    12    .080  56.067  3.200430
  126   2      2   2   3    12    .080  56.151  3.190140
  127   2      2   3   2    12    .080  56.218  3.181966
  128   2      3   2   2    12    .080  56.218  3.181966
  129   1      0   5   0     3    .081  56.616  3.133964
  130   1      5   0   0     3    .081  56.616  3.133964
  131   2      0   5   0     3    .081  56.769  3.115889
  132   2      5   0   0     3    .081  56.769  3.115889
  133   1      1   1   4    12    .081  56.898  3.100671
  134   2      1   1   4    12    .081  57.051  3.082793
  135   1      1   3   3    12    .081  57.236  3.061469
  136   1      3   1   3    12    .081  57.236  3.061469
  137   2      1   3   3    12    .081  57.391  3.043823
  138   2      3   1   3    12    .081  57.391  3.043823
  139   1      0   2   4     6    .081  58.121  2.962481
  140   1      2   0   4     6    .081  58.121  2.962481
  141   2      0   2   4     6    .081  58.278  2.945427
  142   2      2   0   4     6    .081  58.278  2.945427
  143   1      0   5   1     6    .081  58.316  2.941345
  144   1      5   0   1     6    .081  58.316  2.941345
  145   2      0   5   1     6    .081  58.474  2.924419
  146   2      5   0   1     6    .081  58.474  2.924419
  147   1      1   4   2    12    .081  58.520  2.919584
  148   1      4   1   2    12    .081  58.520  2.919584
  149   2      1   4   2    12    .081  58.678  2.902790
  150   2      4   1   2    12    .081  58.678  2.902790
  151   1      3   3   0     6    .082  59.054  2.863615
  152   2      3   3   0     6    .082  59.214  2.847161
  153   1      2   4   0     6    .082  60.249  2.744527
  154   1      4   2   0     6    .082  60.249  2.744527
  155   2      2   4   0     6    .082  60.414  2.728808
  156   2      4   2   0     6    .082  60.414  2.728808
  157   1      3   3   1    12    .082  60.711  2.700727
  158   1      0   4   3     6    .082  60.846  2.688131
  159   1      4   0   3     6    .082  60.846  2.688131
  160   2      3   3   1    12    .082  60.877  2.685284
  161   2      0   4   3     6    .082  61.012  2.672766
  162   2      4   0   3     6    .082  61.012  2.672766
  163   1      1   2   4    12    .083  61.699  2.610820
  164   1      2   1   4    12    .083  61.699  2.610820
  165   2      1   2   4    12    .083  61.868  2.595946
  166   2      2   1   4    12    .083  61.868  2.595946
  167   1      2   4   1    12    .083  61.887  2.594266
  168   1      4   2   1    12    .083  61.887  2.594266
  169   2      2   4   1    12    .083  62.057  2.579499
  170   2      4   2   1    12    .083  62.057  2.579499
  171   1      0   5   2     6    .083  63.245  2.480061
  172   1      5   0   2     6    .083  63.245  2.480061
  173   2      0   5   2     6    .084  63.419  2.466038
  174   2      5   0   2     6    .084  63.419  2.466038
  175   1      1   5   0     6    .084  63.755  2.439370
  176   1      5   1   0     6    .084  63.755  2.439370
  177   2      1   5   0     6    .084  63.931  2.425618
  178   2      5   1   0     6    .084  63.931  2.425618
  179   1      0   3   4     6    .084  64.018  2.418906
  180   1      3   0   4     6    .084  64.018  2.418906
1NO.  CODE    H   K   L  MULT     HW    POSN    FACTOR  

  181   2      0   3   4     6    .084  64.195  2.405291
  182   2      3   0   4     6    .084  64.195  2.405291
  183   1      2   3   3    12    .084  64.333  2.394741
  184   1      3   2   3    12    .084  64.333  2.394741
  185   2      2   3   3    12    .084  64.511  2.381289
  186   2      3   2   3    12    .084  64.511  2.381289
  187   1      1   5   1    12    .085  65.343  2.320225
  188   1      5   1   1    12    .085  65.343  2.320225
  189   2      1   5   1    12    .085  65.524  2.307284
  190   2      5   1   1    12    .085  65.524  2.307284
  191   1      3   3   2    12    .085  65.533  2.306652
  192   2      3   3   2    12    .085  65.715  2.293805
  193   1      1   4   3    12    .085  66.602  2.233192
  194   1      4   1   3    12    .085  66.602  2.233192
  195   1      2   4   2    12    .085  66.662  2.229183
  196   1      4   2   2    12    .085  66.662  2.229183
  197   2      1   4   3    12    .085  66.787  2.220864
  198   2      4   1   3    12    .085  66.787  2.220864
  199   2      2   4   2    12    .085  66.848  2.216883
  200   2      4   2   2    12    .085  66.848  2.216883
  201   1      2   2   4    12    .086  67.414  2.180270
  202   2      2   2   4    12    .086  67.603  2.168324
  203   1      1   3   4    12    .086  68.527  2.111692
  204   1      3   1   4    12    .086  68.527  2.111692
  205   2      1   3   4    12    .086  68.720  2.100256
  206   2      3   1   4    12    .086  68.720  2.100256
  207   1      0   1   5     6    .087  69.084  2.078986
  208   1      1   0   5     6    .087  69.084  2.078986
  209   2      0   1   5     6    .087  69.279  2.067799
  210   2      1   0   5     6    .087  69.279  2.067799
  211   1      0   6   0     3    .087  69.380  2.062057
  212   1      6   0   0     3    .087  69.380  2.062057
  213   2      0   6   0     3    .087  69.576  2.051000
  214   2      6   0   0     3    .087  69.576  2.051000
  215   1      1   5   2    12    .087  69.993  2.027878
  216   1      5   1   2    12    .087  69.993  2.027878
  217   2      1   5   2    12    .087  70.191  2.017088
  218   2      5   1   2    12    .087  70.191  2.017088
  219   1      3   4   0     6    .088  70.479  2.001660
  220   1      4   3   0     6    .088  70.479  2.001660
  221   2      3   4   0     6    .088  70.679  1.991079
  222   2      4   3   0     6    .088  70.679  1.991079
  223   1      0   6   1     6    .088  70.904  1.979286
  224   1      6   0   1     6    .088  70.904  1.979286
  225   1      0   5   3     6    .088  71.029  1.972835
  226   1      5   0   3     6    .088  71.029  1.972835
  227   2      0   6   1     6    .088  71.106  1.968885
  228   2      6   0   1     6    .088  71.106  1.968885
  229   2      0   5   3     6    .088  71.231  1.962488
  230   2      5   0   3     6    .088  71.231  1.962488
  231   1      1   1   5    12    .088  71.278  1.960091
  232   2      1   1   5    12    .088  71.481  1.949847
  233   1      0   4   4     6    .088  71.818  1.933101
  234   1      4   0   4     6    .088  71.818  1.933101
  235   1      3   4   1    12    .089  71.993  1.924562
  236   1      4   3   1    12    .089  71.993  1.924562
  237   2      0   4   4     6    .089  72.023  1.923082
  238   2      4   0   4     6    .089  72.023  1.923082
  239   2      3   4   1    12    .089  72.198  1.914614
  240   2      4   3   1    12    .089  72.198  1.914614
1NO.  CODE    H   K   L  MULT     HW    POSN    FACTOR  

  241   1      0   2   5     6    .089  72.364  1.906678
  242   1      2   0   5     6    .089  72.364  1.906678
  243   2      0   2   5     6    .089  72.571  1.896883
  244   2      2   0   5     6    .089  72.571  1.896883
  245   1      2   5   0     6    .089  72.654  1.892995
  246   1      5   2   0     6    .089  72.654  1.892995
  247   2      2   5   0     6    .089  72.862  1.883318
  248   2      5   2   0     6    .089  72.862  1.883318
  249   1      3   3   3    12    .089  73.198  1.867975
  250   2      3   3   3    12    .090  73.408  1.858516
  251   1      2   5   1    12    .090  74.150  1.826068
  252   1      5   2   1    12    .090  74.150  1.826068
  253   1      2   4   3    12    .090  74.273  1.820851
  254   1      4   2   3    12    .090  74.273  1.820851
  255   2      2   5   1    12    .090  74.364  1.816986
  256   2      5   2   1    12    .090  74.364  1.816986
  257   2      2   4   3    12    .090  74.487  1.811817
  258   2      4   2   3    12    .090  74.487  1.811817
  259   1      2   3   4    12    .091  75.048  1.788716
  260   1      3   2   4    12    .091  75.048  1.788716
  261   2      2   3   4    12    .091  75.266  1.779983
  262   2      3   2   4    12    .091  75.266  1.779983
  263   1      0   6   2     6    .091  75.399  1.774686
  264   1      6   0   2     6    .091  75.399  1.774686
  265   1      1   2   5    12    .091  75.586  1.767352
  266   1      2   1   5    12    .091  75.586  1.767352
  267   2      0   6   2     6    .091  75.618  1.766088
  268   2      6   0   2     6    .091  75.618  1.766088
  269   2      1   2   5    12    .091  75.805  1.758825
  270   2      2   1   5    12    .091  75.805  1.758825
  271   1      3   4   2    12    .092  76.463  1.733963
  272   1      4   3   2    12    .092  76.463  1.733963
  273   2      3   4   2    12    .092  76.686  1.725768
  274   2      4   3   2    12    .092  76.686  1.725768
  275   1      1   6   0     6    .092  76.933  1.716840
  276   1      6   1   0     6    .092  76.933  1.716840
  277   2      1   6   0     6    .092  77.158  1.708821
  278   2      6   1   0     6    .092  77.158  1.708821
  279   1      1   4   4    12    .092  77.175  1.708218
  280   1      4   1   4    12    .092  77.175  1.708218
  281   2      1   4   4    12    .093  77.400  1.700288
  282   2      4   1   4    12    .093  77.400  1.700288
  283   1      1   5   3    12    .093  77.465  1.698026
  284   1      5   1   3    12    .093  77.465  1.698026
  285   2      1   5   3    12    .093  77.693  1.690205
  286   2      5   1   3    12    .093  77.693  1.690205
  287   1      0   3   5     6    .093  77.707  1.689713
  288   1      3   0   5     6    .093  77.707  1.689713
  289   2      0   3   5     6    .093  77.935  1.681980
  290   2      3   0   5     6    .093  77.935  1.681980
  291   1      1   6   1    12    .093  78.400  1.666559
  292   1      6   1   1    12    .093  78.400  1.666559
  293   1      2   5   2    12    .094  78.577  1.660823
  294   1      5   2   2    12    .094  78.577  1.660823
  295   2      1   6   1    12    .094  78.631  1.659080
  296   2      6   1   1    12    .094  78.631  1.659080
  297   2      2   5   2    12    .094  78.809  1.653408
  298   2      5   2   2    12    .094  78.809  1.653408
  299   1      2   2   5    12    .096  80.858  1.592643
  300   2      2   2   5    12    .096  81.099  1.586046
1NO.  CODE    H   K   L  MULT     HW    POSN    FACTOR  

  301   1      0   5   4     6    .096  81.377  1.578600
  302   1      5   0   4     6    .096  81.377  1.578600
  303   2      0   5   4     6    .096  81.620  1.572186
  304   2      5   0   4     6    .096  81.620  1.572186
  305   1      1   3   5    12    .097  81.902  1.564902
  306   1      3   1   5    12    .097  81.902  1.564902
  307   2      1   3   5    12    .097  82.148  1.558673
  308   2      3   1   5    12    .097  82.148  1.558673
  309   1      4   4   0     6    .097  82.181  1.557831
  310   2      4   4   0     6    .097  82.428  1.551700
  311   1      0   6   3     6    .097  82.705  1.544948
  312   1      6   0   3     6    .097  82.705  1.544948
  313   1      1   6   2    12    .097  82.761  1.543608
  314   1      6   1   2    12    .097  82.761  1.543608
  315   2      0   6   3     6    .098  82.955  1.539001
  316   2      6   0   3     6    .098  82.955  1.539001
  317   2      1   6   2    12    .098  83.011  1.537679
  318   2      6   1   2    12    .098  83.011  1.537679
  319   1      0   7   0     3    .098  83.222  1.532751
  320   1      7   0   0     3    .098  83.222  1.532751
  321   1      3   5   0     6    .098  83.222  1.532751
  322   1      5   3   0     6    .098  83.222  1.532751
  323   1      3   3   4    12    .098  83.459  1.527303
  324   2      0   7   0     3    .098  83.473  1.526983
  325   2      7   0   0     3    .098  83.473  1.526983
  326   2      3   5   0     6    .098  83.473  1.526983
  327   2      5   3   0     6    .098  83.473  1.526983
  328   1      4   4   1    12    .098  83.626  1.523530
  329   2      3   3   4    12    .098  83.712  1.521617
  330   1      3   4   3    12    .098  83.745  1.520880
  331   1      4   3   3    12    .098  83.745  1.520880
  332   2      4   4   1    12    .098  83.879  1.517902
  333   2      3   4   3    12    .099  83.998  1.515294
  334   2      4   3   3    12    .099  83.998  1.515294
  335   1      0   0   6     2    .099  84.275  1.509345
  336   1      2   4   4    12    .099  84.497  1.504650
  337   1      4   2   4    12    .099  84.497  1.504650
  338   2      0   0   6     2    .099  84.531  1.503942
  339   1      0   7   1     6    .099  84.663  1.501185
  340   1      3   5   1    12    .099  84.663  1.501185
  341   1      5   3   1    12    .099  84.663  1.501185
  342   1      7   0   1     6    .099  84.663  1.501185
  343   2      2   4   4    12    .099  84.754  1.499324
  344   2      4   2   4    12    .099  84.754  1.499324
  345   2      0   7   1     6    .100  84.921  1.495917
  346   2      3   5   1    12    .100  84.921  1.495917
  347   2      5   3   1    12    .100  84.921  1.495917
  348   2      7   0   1     6    .100  84.921  1.495917
  349   1      0   4   5     6    .100  85.019  1.493960
  350   1      4   0   5     6    .100  85.019  1.493960
  351   2      0   4   5     6    .100  85.278  1.488814
  352   2      4   0   5     6    .100  85.278  1.488814
  353   1      0   1   6     6    .100  85.311  1.488175
  354   1      1   0   6     6    .100  85.311  1.488175
  355   2      0   1   6     6    .100  85.572  1.483130
  356   2      1   0   6     6    .100  85.572  1.483130
  357   1      2   5   3    12    .100  85.817  1.478481
  358   1      5   2   3    12    .100  85.817  1.478481
  359   2      2   5   3    12    .101  86.081  1.473610
  360   2      5   2   3    12    .101  86.081  1.473610
1NO.  CODE    H   K   L  MULT     HW    POSN    FACTOR  

  361   1      2   6   0     6    .101  86.331  1.469081
  362   1      6   2   0     6    .101  86.331  1.469081
  363   2      2   6   0     6    .101  86.597  1.464388
  364   2      6   2   0     6    .101  86.597  1.464388
  365   1      1   1   6    12    .102  87.379  1.451208
  366   1      1   5   4    12    .102  87.601  1.447652
  367   1      5   1   4    12    .102  87.601  1.447652
  368   2      1   1   6    12    .102  87.650  1.446875
  369   1      2   6   1    12    .103  87.767  1.445036
  370   1      6   2   1    12    .103  87.767  1.445036
  371   2      1   5   4    12    .103  87.872  1.443396
  372   2      5   1   4    12    .103  87.872  1.443396
  373   1      4   4   2    12    .103  87.940  1.442350
  374   2      2   6   1    12    .103  88.039  1.440837
  375   2      6   2   1    12    .103  88.039  1.440837
  376   1      2   3   5    12    .103  88.121  1.439601
  377   1      3   2   5    12    .103  88.121  1.439601
  378   2      4   4   2    12    .103  88.213  1.438211
  379   2      2   3   5    12    .103  88.395  1.435524
  380   2      3   2   5    12    .103  88.395  1.435524
  381   1      0   2   6     6    .103  88.412  1.435272
  382   1      2   0   6     6    .103  88.412  1.435272
  383   2      0   2   6     6    .104  88.687  1.431295
  384   2      2   0   6     6    .104  88.687  1.431295
  385   1      0   7   2     6    .104  88.973  1.427299
  386   1      3   5   2    12    .104  88.973  1.427299
  387   1      5   3   2    12    .104  88.973  1.427299
  388   1      7   0   2     6    .104  88.973  1.427299
  389   2      0   7   2     6    .104  89.251  1.423517
  390   2      3   5   2    12    .104  89.251  1.423517
  391   2      5   3   2    12    .104  89.251  1.423517
  392   2      7   0   2     6    .104  89.251  1.423517
  393   1      1   6   3    12    .105  89.949  1.414516
  394   1      6   1   3    12    .105  89.949  1.414516
  395   1      1   4   5    12    .105  90.185  1.411638
  396   1      4   1   5    12    .105  90.185  1.411638
  397   2      1   6   3    12    .105  90.232  1.411073
  398   2      6   1   3    12    .105  90.232  1.411073
0******* CODEWORD  10 is used   3 times **
0******* CODEWORD  32 is used   2 times **

 R-P        =     7.36%
 R-WP       =     9.44%
 R-EXPECTED =     4.94%
 S          =     1.91     SQRT(RESIDUAL/N-P)GOODNESS OF FIT
 D - W D    =      .85     UNWEIGHTED DURBIN-WATSON STATISTIC D
0N-P        =     3218

       SUMYDIF       SUMYOBS      SUMYCALC      SUMWYOBSSQ      RESIDUAL      CONDITION
      .9690E+05     .1316E+07     .1308E+07     .1316E+07     .1173E+05     .3037E+17

1++++++++++++++++++++++++++++++++++++++++++++++++++++++++++++++++++++++++++++++++++++++++++++++++++++++++++++++++++++++++

 CYCLE NUMBER=   1
0PHASE  1: Fluorapatite                                      
 NEW PARAMETERS, SHIFTS, AND STANDARD DEVIATIONS=

 ATOM     X      DX     SX      Y      DY     SY      Z      DZ     SZ      B      DB     SB      So     DSo    SSo
 O1      .3254  .0000  .0005   .4866  .0000  .0005   .2500  .0000  .0000   .0000  .0000  .0000   .9788  .0000  .0091
 O2      .5891  .0000  .0005   .4686  .0000  .0006   .2500  .0000  .0000   .0000  .0000  .0000   .9845  .0000  .0098
 O3      .3396  .0000  .0004   .2592  .0000  .0004   .0722  .0000  .0004   .0000  .0000  .0000  1.0000  .0000  .0000
 P       .3965  .0000  .0003   .3665  .0000  .0003   .2500  .0000  .0000   .0000  .0000  .0000   .9541  .0000  .0059
 CA1     .3333  .0000  .0000   .6667  .0000  .0000   .0025  .0000  .0004   .0000  .0000  .0000   .9691  .0000  .0067
 CA2     .2414  .0000  .0002   .9919  .0000  .0002   .2500  .0000  .0000   .0000  .0000  .0000   .9665  .0000  .0060
 F       .0000  .0000  .0000   .0000  .0000  .0000   .2500  .0000  .0000   .0000  .0000  .0000  1.0002  .0000  .0109
0ATOM       B11      DB11      SB11       B22      DB22      SB22       B33      DB33      SB33
            B12      DB12      SB12       B13      DB13      SB13       B23      DB23      SB23
 O1     .003500   .000000   .000000   .002600   .000000   .000000   .004100   .000000   .000000
        .002300   .000000   .000000   .000000   .000000   .000000   .000000   .000000   .000000
 O2     .001600   .000000   .000000   .002400   .000000   .000000   .007000   .000000   .000000
        .000700   .000000   .000000   .000000   .000000   .000000   .000000   .000000   .000000
 O3     .006100   .000000   .000000   .003100   .000000   .000000   .003100   .000000   .000000
        .002900   .000000   .000000   .002100   .000000   .000000   .001400   .000000   .000000
 P      .001400   .000000   .000000   .001200   .000000   .000000   .001700   .000000   .000000
        .000700   .000000   .000000   .000000   .000000   .000000   .000000   .000000   .000000
 CA1    .001100   .000000   .000000   .003000   .000000   .000000   .003000   .000000   .000000
        .002000   .000000   .000000   .001500   .000000   .000000   .000000   .000000   .000000
 CA2    .002000   .000000   .000000   .002000   .000000   .000000   .002700   .000000   .000000
        .001100   .000000   .000000   .000000   .000000   .000000   .000000   .000000   .000000
 F      .002500   .000000   .000000   .002500   .000000   .000000   .012900   .000000   .000000
        .001200   .000000   .000000   .000000   .000000   .000000   .000000   .000000   .000000
0OVERALL SCALE FACTOR= .108E-02-.403E-05 .131E-04
0OVERALL TEMP. FACTOR=    .0454    .0000    .0271
0CELL PARAMETERS=
   9.372796   -.000004    .000034
   9.372796   -.000004    .000034
   6.886617    .000017    .000029
    90.0000      .0000      .0000
    90.0000      .0000      .0000
   120.0000      .0000      .0000
0PREFERRED ORIENTATION PARAMETERS=
   .99051 -.00001  .00178
   .00000  .00000  .00000
0ASYMMETRY PARAMETER=
  -.13376 -.00016  .00558
0LORENTZIAN HALF WIDTH PARAMS (X AND Y) 
   .00000  .00000  .00000
   .00000  .00000  .00000

0MIXING PARAMETERS 
 NA=  .6466    -.2352E-03 .2062E-01
 NB=  .8012E-03 .1205E-05 .4182E-03
 NC=  .0000     .0000     .0000    

0FWHM PARAMETERS=
 U =    .009773   .000003   .000388
 V =   -.005140   .000000   .000418
 W =    .006424   .000004   .000092
 CT=    .000000   .000000   .000000
 Z =    .000000   .000000   .000000

Volume=   523.932(+/-)   .003 UCW=  983.56 U.C.Density =   3.118 gr/cm^3
                     _____________________________
 PHASE =  1 => %MASS = 100.00(+/-)   .00  %MOLAR = 100.00(+/-)   .00


0GLOBAL PARAMETERS
 ZEROPOINT (ZER)             :   .0000   .0000   .0000
 SAMPLE DISPLACEMENT (DISP)  :  -.0369   .0000   .0005
 SAMPLE TRANSPARENCY (TRANSP):   .0000   .0000   .0000
 ROUGHNESS PARAMETERS        :
              P              :   .0000   .0000   .0000
              Q              :   .0000   .0000   .0000
              R              :  1.0000   .0000   .0000
              T              :   .0000   .0000   .0000

 AMORPHOUS SCALE (SCAM):   .0000   .0000   .0000

 MONOCROMATOR BANDPASS PARAMETERS (PMONI) 
   .0000   .0000   .0000   .0000   .0000   .0000

0BACKGROUND PARAMETERS
  77.2994    -.620703E-03 1.32917    
  198.725    -.498888E-02 8.26453    
  539.295    -.454338E-01 11.6524    
  .000000     .000000     .000000    
  .000000     .000000     .000000    
  .000000     .000000     .000000    


0CORRELATION MATRIX=
0         1     2     3     4     5     6     7     8     9    10    11    12    13    14    15    16    17    18    19
    1   100    -1     4    -2     0   -33    -7     0     8     2     2   -87   -54   -60   -80   -15   -30   -15   -22
    2    -1   100     3     3    29     0     4   -12   -10   -85   -71     1     1     1     1     0    -1     0     0
    3     4     3   100    84     5     4    68    -1    13    -2    -1     5     6     2     2    -2     3     8     3
    4    -2     3    84   100     7     4    96    -5    -2    -2    -1     6     8     4     5    -2     8     9     4
    5     0    29     5     7   100     0     8   -75   -66   -20   -16     0     1     0     0     0     0     1     0
    6   -33     0     4     4     0   100     5     0    -1     1     0    35    28    32    28     9     0     3    18
    7    -7     4    68    96     8     5   100    -6   -10    -2    -2     8     9     5     8     0     9     9     3
    8     0   -12    -1    -5   -75     0    -6   100    70     9     7     1     1     0     2     1     1     0     1
    9     8   -10    13    -2   -66    -1   -10    70   100     7     6     1     0     1     0     0     0     0     1
   10     2   -85    -2    -2   -20     1    -2     9     7   100    54     0     0     0     0     1     2     0     0
   11     2   -71    -1    -1   -16     0    -2     7     6    54   100     0    -1     0     0     0     0     1     0
   12   -87     1     5     6     0    35     8     1     1     0     0   100    49    62    71    15    30    24    25
   13   -54     1     6     8     1    28     9     1     0     0    -1    49   100    16    43    10    23     4    20
   14   -60     1     2     4     0    32     5     0     1     0     0    62    16   100    50    17    24    14    15
   15   -80     1     2     5     0    28     8     2     0     0     0    71    43    50   100     4    25    23    20
   16   -15     0    -2    -2     0     9     0     1     0     1     0    15    10    17     4   100    45     1    13
   17   -30    -1     3     8     0     0     9     1     0     2     0    30    23    24    25    45   100     6    23
   18   -15     0     8     9     1     3     9     0     0     0     1    24     4    14    23     1     6   100    35
   19   -22     0     3     4     0    18     3     1     1     0     0    25    20    15    20    13    23    35   100
   20    23    -2    -9    -6     0   -14    -4     1    -1     2     2   -31   -20    -6   -17     8     8    -6     9
   21     9     0    -7    -4    -1   -18    -2     3     0     1     0   -23     1    -1    -8    14    13    -3    16
   22     5     1    -2    -5     0    21    -6     0     1     0     0   -17     8   -11    -9    -1   -10    -4    -4
   23    -4    -2     4     2     0     3     2     2     3     1     3     2    -6     0    11   -12    -5    28    19
   24   -12     0     1     2     1    17     2     0     0     0     2    15     5    12     5    17    10    21    11
   25     4     0     0    -2     1    -2    -3     0     0     0     1     5   -16     6    -3    11    -1     8   -19
   26    10     0    -5    -9     0     0    -9     0     0     1     2    -1   -10     2   -10    18    -9     8   -14
   27   -22     0     6     7     0     3     6     0     0     0     0    19    22    10    22    -5    14     6    13
   28   -56    -2     3     3    -1    29     2     2     3     2     1    53    26    36    52     1    15     2     6
   29   -84     3     8    11     1    29    11     0     0    -1    -1    81    58    58    72     3    32    20    16
   30     4   -82    -2    -2   -25     2    -4    11    15    60    48    -1    -2     0    -1     0     2     0     0
   31    35     0    41    17    -1    -2     4     6    29     0     1    -4    -5    -4    -9   -13    -7     9    -3
   32    -5     6   -16     1    54     1     9   -73   -93    -2    -1    -1     0     0     0     0     1     0    -1
0        20    21    22    23    24    25    26    27    28    29    30    31    32
    1    23     9     5    -4   -12     4    10   -22   -56   -84     4    35    -5
    2    -2     0     1    -2     0     0     0     0    -2     3   -82     0     6
    3    -9    -7    -2     4     1     0    -5     6     3     8    -2    41   -16
    4    -6    -4    -5     2     2    -2    -9     7     3    11    -2    17     1
    5     0    -1     0     0     1     1     0     0    -1     1   -25    -1    54
    6   -14   -18    21     3    17    -2     0     3    29    29     2    -2     1
    7    -4    -2    -6     2     2    -3    -9     6     2    11    -4     4     9
    8     1     3     0     2     0     0     0     0     2     0    11     6   -73
    9    -1     0     1     3     0     0     0     0     3     0    15    29   -93
   10     2     1     0     1     0     0     1     0     2    -1    60     0    -2
   11     2     0     0     3     2     1     2     0     1    -1    48     1    -1
   12   -31   -23   -17     2    15     5    -1    19    53    81    -1    -4    -1
   13   -20     1     8    -6     5   -16   -10    22    26    58    -2    -5     0
   14    -6    -1   -11     0    12     6     2    10    36    58     0    -4     0
   15   -17    -8    -9    11     5    -3   -10    22    52    72    -1    -9     0
   16     8    14    -1   -12    17    11    18    -5     1     3     0   -13     0
   17     8    13   -10    -5    10    -1    -9    14    15    32     2    -7     1
   18    -6    -3    -4    28    21     8     8     6     2    20     0     9     0
   19     9    16    -4    19    11   -19   -14    13     6    16     0    -3    -1
   20   100    64     3     4     4   -10   -13   -11   -24   -27     3   -10     2
   21    64   100     8    10     4   -20   -14     8   -20   -17     1   -17     0
   22     3     8   100     3    11   -16   -10    -8     3    -3    -1   -10     0
   23     4    10     3   100    41     0   -14     4    10     4     4     0    -3
   24     4     4    11    41   100    11     5    -6     0    12     0    -3     1
   25   -10   -20   -16     0    11   100    65    -7    -4    -5     0     9     0
   26   -13   -14   -10   -14     5    65   100    -5   -10   -11     2     5     0
   27   -11     8    -8     4    -6    -7    -5   100    13    24     2    -3     0
   28   -24   -20     3    10     0    -4   -10    13   100    53     3    -5    -2
   29   -27   -17    -3     4    12    -5   -11    24    53   100    -4    -2     0
   30     3     1    -1     4     0     0     2     2     3    -4   100     2    -7
   31   -10   -17   -10     0    -3     9     5    -3    -5    -2     2   100   -31
   32     2     0     0    -3     1     0     0     0    -2     0    -7   -31   100

 R-P        =     7.37%
 R-WP       =     9.45%
 R-EXPECTED =     4.94%
 S          =     1.90     SQRT(RESIDUAL/N-P)GOODNESS OF FIT
 D - W D    =      .86     UNWEIGHTED DURBIN-WATSON STATISTIC D
0N-P        =     3250

       SUMYDIF       SUMYOBS      SUMYCALC      SUMWYOBSSQ      RESIDUAL      CONDITION
      .9696E+05     .1316E+07     .1304E+07     .1316E+07     .1176E+05     .0000E+00


0AVERAGE INTENSITY DIFFERENCE FOR PATTERN,
0GIVEN FOR BLOCKS OF 20 OBSERVATIONS.
0         1  322.7   2  311.6   3  305.0   4  297.6   5  495.5   6  252.0   7  230.1   8  216.5   9  204.7  10  286.5
0        11  184.4  12  170.8  13  142.3  14  152.7  15  128.8  16  118.0  17  197.6  18  531.7  19  102.2  20  511.6
0        21  115.3  22   81.2  23   76.3  24   66.4  25   72.4  26   62.4  27  120.4  28    9.5  29   33.2  30   34.4
0        31   36.6  32   26.2  33   26.1  34   52.3  35   25.8  36   76.3  37    8.9  38   10.0  39    6.5  40   11.7
0        41   25.9  42  -12.4  43  *****  44  -10.3  45    2.7  46  164.6  47  -14.6  48  -60.1  49    3.2  50  -15.2
0        51   -8.4  52   14.2  53  -12.4  54  -16.5  55  -14.7  56  -12.7  57  -15.7  58  -21.3  59  -12.5  60  -11.9
0        61   15.9  62   -4.4  63   66.0  64  -29.3  65  -23.4  66  -18.1  67  -16.4  68  -18.2  69  -13.3  70  -14.3
0        71  -13.0  72  -14.1  73  -33.2  74  -16.0  75  -11.9  76   -3.9  77   -7.3  78   -2.1  79   -6.2  80  -54.4
0        81   23.4  82    4.1  83  -10.8  84  -12.5  85   11.2  86   22.4  87  -43.1  88    4.0  89   18.0  90   28.2
0        91   17.1  92  123.1  93    7.1  94   13.3  95   17.6  96   97.6  97   -9.9  98    5.5  99    8.5 100     .5
0       101   -3.7 102    9.3 103  -44.1 104  -15.4 105    2.3 106    7.0 107    3.2 108    2.7 109    2.1 110    2.0
0       111  -13.5 112    1.3 113    4.4 114    1.9 115   23.4 116    -.4 117   14.6 118   -3.4 119    6.4 120   14.6
0       121   38.1 122   21.7 123   -5.0 124  -25.9 125    5.1 126   24.6 127   -8.2 128    3.9 129   16.0 130   18.4
0       131    -.6 132    2.0 133    -.9 134   -1.5 135    1.7 136   -1.1 137     .4 138    -.8 139    5.3 140    1.9
0       141   -6.3 142    9.7 143   17.9 144   13.5 145  -10.2 146    6.5 147    5.6 148   14.0 149    8.9 150    9.9
0       151   23.4 152   34.0 153   16.6 154    4.2 155   31.2 156   -7.4 157  -10.7 158    3.9 159   -2.3 160  -19.5
0       161    1.5 162    1.7 163    -.9 164   -3.3 165    2.8 166    5.4 167   11.7 168   10.5 169  -18.1 170    2.2
0       171   13.7 172   12.2 173   -5.1 174  -11.2 175   -6.5 176     .3 177   -5.5 178  -24.8 179   -8.0 180   -1.1
0       181    6.3 182   -7.0 183    2.5 184   -2.2 185   10.1 186  -13.3 187  -14.2 188  -12.7

1PHASE NO. =   1     PHASE NAME Fluorapatite                                      
0NO.  CODE    H   K   L   HW    POSN      ICALC     IOBS 
   17   1      0   0   2    .076  25.816    37241.    40294.
   18   2      0   0   2    .076  25.881    18528.    18671.
   19   1      0   1   2    .076  28.090     6037.     6763.
   20   1      1   0   2    .076  28.090     6037.     6763.
   21   2      0   1   2    .076  28.161     3004.     3309.
   22   2      1   0   2    .076  28.161     3004.     3309.
   23   1      1   2   0    .076  29.045      955.     1072.
   24   1      2   1   0    .076  29.045    13980.    15683.
   25   2      1   2   0    .076  29.118      475.      499.
   26   2      2   1   0    .076  29.118     6952.     7304.
   27   1      1   2   1    .076  31.871    26924.    27420.
   28   1      2   1   1    .076  31.871    68248.    69507.
   29   2      1   2   1    .076  31.951    13389.    12681.
   30   2      2   1   1    .076  31.951    33941.    32146.
   31   1      1   1   2    .076  32.197    40099.    39703.
   32   2      1   1   2    .076  32.278    19943.    19826.
   33   1      0   3   0    .076  33.044    30245.    31529.
   34   1      3   0   0    .076  33.044    30245.    31529.
   35   2      0   3   0    .076  33.128    15033.    15273.
   36   2      3   0   0    .076  33.128    15033.    15273.
   37   1      0   2   2    .076  34.083    12578.    12153.
   38   1      2   0   2    .076  34.083    12578.    12153.
   39   2      0   2   2    .076  34.169     6251.     6015.
   40   2      2   0   2    .076  34.169     6251.     6015.
   41   1      0   3   1    .076  35.585     1971.     1919.
   42   1      3   0   1    .076  35.585     1971.     1919.
   43   2      0   3   1    .076  35.676      980.      857.
   44   2      3   0   1    .076  35.676      980.      857.
   45   1      2   2   0    .076  38.347      182.      -78.
   46   2      2   2   0    .076  38.445       90.     -149.
   47   1      1   2   2    .076  39.264      549.      554.
   48   1      2   1   2    .076  39.264     5164.     5212.
   49   2      1   2   2    .076  39.365      273.      274.
   50   2      2   1   2    .076  39.365     2568.     2577.
   51   1      1   3   0    .076  39.980    18218.    18674.
   52   1      3   1   0    .076  39.980     4851.     4972.
   53   2      1   3   0    .076  40.083     9058.     9566.
   54   2      3   1   0    .076  40.083     2412.     2547.
   55   1      2   2   1    .077  40.601     3568.     2890.
   56   2      2   2   1    .077  40.705     1774.     1401.
   57   1      0   1   3    .077  40.781      144.      120.
   58   1      1   0   3    .077  40.781      144.      120.
   59   2      0   1   3    .077  40.887       72.       41.
   60   2      1   0   3    .077  40.887       72.       41.
   61   1      1   3   1    .077  42.161     3670.     3337.
   62   1      3   1   1    .077  42.161     2544.     2312.
   63   2      1   3   1    .077  42.270     1826.     1665.
   64   2      3   1   1    .077  42.270     1265.     1154.
   65   1      0   3   2    .077  42.418      599.      534.
   66   1      3   0   2    .077  42.418      599.      534.
   67   2      0   3   2    .077  42.528      298.      202.
   68   2      3   0   2    .077  42.528      298.      202.
   69   1      1   1   3    .077  43.846     5312.     4488.
   70   2      1   1   3    .077  43.959     2640.     2254.
   71   1      0   4   0    .077  44.580      777.      668.
   72   1      4   0   0    .077  44.580      777.      668.
   73   2      0   4   0    .077  44.696      386.      303.
   74   2      4   0   0    .077  44.696      386.      303.
   75   1      0   2   3    .077  45.315     2062.     1988.
   76   1      2   0   3    .077  45.315     2062.     1988.
0NO.  CODE    H   K   L   HW    POSN      ICALC     IOBS 
   77   2      0   2   3    .077  45.433     1025.      946.
   78   2      2   0   3    .077  45.433     1025.      946.
   79   1      0   4   1    .078  46.586      202.      217.
   80   1      4   0   1    .078  46.586      202.      217.
   81   2      0   4   1    .078  46.708      101.       93.
   82   2      4   0   1    .078  46.708      101.       93.
   83   1      2   2   2    .078  46.824    28378.    27612.
   84   2      2   2   2    .078  46.946    14108.    14495.
   85   1      1   3   2    .078  48.222     8593.     8438.
   86   1      3   1   2    .078  48.222     5373.     5277.
   87   2      1   3   2    .078  48.349     4270.     4315.
   88   2      3   1   2    .078  48.349     2670.     2698.
   89   1      2   3   0    .078  48.832     3742.     3970.
   90   1      3   2   0    .078  48.832       31.       33.
   91   2      2   3   0    .078  48.961     1861.     1950.
   92   2      3   2   0    .078  48.961       15.       16.
   93   1      1   2   3    .078  49.518    11019.    10875.
   94   1      2   1   3    .078  49.518    24844.    24521.
   95   2      1   2   3    .078  49.649     5475.     5531.
   96   2      2   1   3    .078  49.649    12345.    12470.
   97   1      2   3   1    .079  50.709     8567.     8865.
   98   1      3   2   1    .079  50.709     8237.     8524.
   99   2      2   3   1    .079  50.843     4261.     4498.
  100   2      3   2   1    .079  50.843     4097.     4325.
  101   1      1   4   0    .079  51.519     7911.     8884.
  102   1      4   1   0    .079  51.519     6233.     7000.
  103   2      1   4   0    .079  51.655     3933.     4563.
  104   2      4   1   0    .079  51.655     3098.     3595.
  105   1      0   3   3    .079  52.179      558.      552.
  106   1      3   0   3    .079  52.179      558.      552.
  107   1      0   4   2    .079  52.249     6655.     6722.
  108   1      4   0   2    .079  52.249     6655.     6722.
  109   2      0   3   3    .079  52.318      278.      283.
  110   2      3   0   3    .079  52.318      278.      283.
  111   2      0   4   2    .079  52.388     3308.     3499.
  112   2      4   0   2    .079  52.388     3308.     3499.
  113   1      0   0   4    .079  53.120    16605.    18042.
  114   2      0   0   4    .079  53.261     8255.     8924.
  115   1      1   4   1    .079  53.327      535.      556.
  116   1      4   1   1    .079  53.327      986.     1025.
  117   2      1   4   1    .079  53.469      266.      246.
  118   2      4   1   1    .079  53.469      490.      452.
  119   1      0   1   4    .080  54.399      215.      288.
  120   1      1   0   4    .080  54.399      215.      288.
  121   2      0   1   4    .080  54.544      107.      136.
  122   2      1   0   4    .080  54.544      107.      136.
  123   1      2   2   3    .080  56.001       49.       51.
  124   1      2   3   2    .080  56.067      347.      322.
  125   1      3   2   2    .080  56.067     8034.     7441.
  126   2      2   2   3    .080  56.151       24.       21.
  127   2      2   3   2    .080  56.218      173.      156.
  128   2      3   2   2    .080  56.218     3996.     3611.
  129   1      0   5   0    .081  56.616      117.      157.
  130   1      5   0   0    .081  56.616      117.      157.
  131   2      0   5   0    .081  56.769       58.       76.
  132   2      5   0   0    .081  56.769       58.       76.
  133   1      1   1   4    .081  56.898      572.      511.
  134   2      1   1   4    .081  57.051      284.      323.
  135   1      1   3   3    .081  57.236     1613.     1682.
  136   1      3   1   3    .081  57.236     1705.     1777.
0NO.  CODE    H   K   L   HW    POSN      ICALC     IOBS 
  137   2      1   3   3    .081  57.390      802.      816.
  138   2      3   1   3    .081  57.390      847.      862.
  139   1      0   2   4    .081  58.121       45.       51.
  140   1      2   0   4    .081  58.121       45.       51.
  141   2      0   2   4    .081  58.278       22.       23.
  142   2      2   0   4    .081  58.278       22.       23.
  143   1      0   5   1    .081  58.316      866.      885.
  144   1      5   0   1    .081  58.316      866.      885.
  145   2      0   5   1    .081  58.474      431.      444.
  146   2      5   0   1    .081  58.474      431.      444.
  147   1      1   4   2    .081  58.520       14.       15.
  148   1      4   1   2    .081  58.520      450.      479.
  149   2      1   4   2    .081  58.678        7.        8.
  150   2      4   1   2    .081  58.678      224.      244.
  151   1      3   3   0    .082  59.054     1039.      853.
  152   2      3   3   0    .082  59.214      516.      429.
  153   1      2   4   0    .082  60.249     4746.     4882.
  154   1      4   2   0    .082  60.249      159.      164.
  155   2      2   4   0    .082  60.414     2360.     2383.
  156   2      4   2   0    .082  60.414       79.       80.
  157   1      3   3   1    .082  60.711     4336.     4700.
  158   1      0   4   3    .082  60.846       29.       29.
  159   1      4   0   3    .082  60.846       29.       29.
  160   2      3   3   1    .082  60.877     2155.     2275.
  161   2      0   4   3    .082  61.012       14.       15.
  162   2      4   0   3    .082  61.012       14.       15.
  163   1      1   2   4    .083  61.699     2732.     2885.
  164   1      2   1   4    .083  61.699     1287.     1359.
  165   2      1   2   4    .083  61.868     1358.     1369.
  166   2      2   1   4    .083  61.868      640.      645.
  167   1      2   4   1    .083  61.887     2229.     2251.
  168   1      4   2   1    .083  61.887      451.      455.
  169   2      2   4   1    .083  62.057     1108.     1160.
  170   2      4   2   1    .083  62.057      224.      235.
  171   1      0   5   2    .083  63.245     5717.     6275.
  172   1      5   0   2    .083  63.245     5717.     6275.
  173   2      0   5   2    .084  63.419     2842.     3042.
  174   2      5   0   2    .084  63.419     2842.     3042.
  175   1      1   5   0    .084  63.755       24.       25.
  176   1      5   1   0    .084  63.755     1552.     1616.
  177   2      1   5   0    .084  63.931       12.       12.
  178   2      5   1   0    .084  63.931      771.      765.
  179   1      0   3   4    .084  64.018     4405.     4401.
  180   1      3   0   4    .084  64.018     4405.     4401.
  181   2      0   3   4    .084  64.195     2190.     2195.
  182   2      3   0   4    .084  64.195     2190.     2195.
  183   1      2   3   3    .084  64.333      510.      479.
  184   1      3   2   3    .084  64.333     6761.     6355.
  185   2      2   3   3    .084  64.511      254.      247.
  186   2      3   2   3    .084  64.511     3363.     3283.
  187   1      1   5   1    .085  65.343      742.      791.
  188   1      5   1   1    .085  65.343     6169.     6575.
  189   2      1   5   1    .085  65.524      369.      366.
  190   2      5   1   1    .085  65.524     3068.     3037.
  191   1      3   3   2    .085  65.533     1636.     1623.
  192   2      3   3   2    .085  65.715      813.      840.
  193   1      1   4   3    .085  66.601      989.     1162.
  194   1      4   1   3    .085  66.601      923.     1083.
  195   1      2   4   2    .085  66.662      252.      297.
  196   1      4   2   2    .085  66.662      582.      686.
0NO.  CODE    H   K   L   HW    POSN      ICALC     IOBS 
  197   2      1   4   3    .085  66.787      492.      553.
  198   2      4   1   3    .085  66.787      459.      516.
  199   2      2   4   2    .085  66.848      125.      151.
  200   2      4   2   2    .085  66.848      289.      348.
  201   1      2   2   4    .086  67.414       16.       36.
  202   2      2   2   4    .086  67.603        8.       24.
  203   1      1   3   4    .086  68.527      277.      268.
  204   1      3   1   4    .086  68.527      225.      217.
  205   2      1   3   4    .086  68.720      138.      146.
  206   2      3   1   4    .086  68.720      112.      118.
  207   1      0   1   5    .087  69.084       17.       22.
  208   1      1   0   5    .087  69.084       17.       22.
  209   2      0   1   5    .087  69.279        8.        7.
  210   2      1   0   5    .087  69.279        8.        7.
  211   1      0   6   0    .087  69.380      235.      210.
  212   1      6   0   0    .087  69.380      235.      210.
  213   2      0   6   0    .087  69.576      117.      114.
  214   2      6   0   0    .087  69.576      117.      114.
  215   1      1   5   2    .087  69.993     1941.     1934.
  216   1      5   1   2    .087  69.993      746.      744.
  217   2      1   5   2    .087  70.191      965.      992.
  218   2      5   1   2    .087  70.191      371.      381.
  219   1      3   4   0    .088  70.479        3.        3.
  220   1      4   3   0    .088  70.479      330.      424.
  221   2      3   4   0    .088  70.679        1.        2.
  222   2      4   3   0    .088  70.679      164.      204.
  223   1      0   6   1    .088  70.904       32.       29.
  224   1      6   0   1    .088  70.904       32.       29.
  225   1      0   5   3    .088  71.029      179.      139.
  226   1      5   0   3    .088  71.029      179.      139.
  227   2      0   6   1    .088  71.106       16.       11.
  228   2      6   0   1    .088  71.106       16.       11.
  229   2      0   5   3    .088  71.231       89.       80.
  230   2      5   0   3    .088  71.231       89.       80.
  231   1      1   1   5    .088  71.278      357.      355.
  232   2      1   1   5    .088  71.481      177.      215.
  233   1      0   4   4    .088  71.818      339.      360.
  234   1      4   0   4    .088  71.818      339.      360.
  235   1      3   4   1    .089  71.993      159.      172.
  236   1      4   3   1    .089  71.993     4333.     4683.
  237   2      0   4   4    .089  72.023      169.      177.
  238   2      4   0   4    .089  72.023      169.      177.
  239   2      3   4   1    .089  72.198       79.       88.
  240   2      4   3   1    .089  72.198     2155.     2394.
  241   1      0   2   5    .089  72.364      134.      145.
  242   1      2   0   5    .089  72.364      134.      145.
  243   2      0   2   5    .089  72.571       67.       73.
  244   2      2   0   5    .089  72.571       67.       73.
  245   1      2   5   0    .089  72.654      744.      734.
  246   1      5   2   0    .089  72.654     2944.     2904.
  247   2      2   5   0    .089  72.862      370.      362.
  248   2      5   2   0    .089  72.862     1464.     1433.
  249   1      3   3   3    .089  73.198      426.      505.
  250   2      3   3   3    .090  73.408      212.      269.
  251   1      2   5   1    .090  74.150      882.      965.
  252   1      5   2   1    .090  74.150     1724.     1887.
  253   1      2   4   3    .090  74.273     3906.     4113.
  254   1      4   2   3    .090  74.273      236.      249.
  255   2      2   5   1    .090  74.364      439.      443.
  256   2      5   2   1    .090  74.364      858.      866.
0NO.  CODE    H   K   L   HW    POSN      ICALC     IOBS 
  257   2      2   4   3    .090  74.487     1943.     2123.
  258   2      4   2   3    .090  74.487      118.      129.
  259   1      2   3   4    .091  75.048      892.     1067.
  260   1      3   2   4    .091  75.048      110.      131.
  261   2      2   3   4    .091  75.266      444.      560.
  262   2      3   2   4    .091  75.266       55.       69.
  263   1      0   6   2    .091  75.399      509.      618.
  264   1      6   0   2    .091  75.399      509.      618.
  265   1      1   2   5    .091  75.585     1566.     1735.
  266   1      2   1   5    .091  75.585     3944.     4371.
  267   2      0   6   2    .091  75.618      253.      273.
  268   2      6   0   2    .091  75.618      253.      273.
  269   2      1   2   5    .091  75.805      779.      883.
  270   2      2   1   5    .091  75.805     1962.     2223.
  271   1      3   4   2    .092  76.463     2516.     2599.
  272   1      4   3   2    .092  76.463       70.       73.
  273   2      3   4   2    .092  76.686     1252.     1336.
  274   2      4   3   2    .092  76.686       35.       37.
  275   1      1   6   0    .092  76.933      860.     1045.
  276   1      6   1   0    .092  76.933     1353.     1645.
  277   2      1   6   0    .092  77.158      428.      430.
  278   2      6   1   0    .092  77.158      673.      677.
  279   1      1   4   4    .092  77.174     5264.     5233.
  280   1      4   1   4    .092  77.174     3001.     2983.
  281   2      1   4   4    .093  77.400     2621.     2543.
  282   2      4   1   4    .093  77.400     1494.     1450.
  283   1      1   5   3    .093  77.465       95.       93.
  284   1      5   1   3    .093  77.465     3815.     3732.
  285   2      1   5   3    .093  77.692       47.       47.
  286   2      5   1   3    .093  77.692     1899.     1901.
  287   1      0   3   5    .093  77.707       73.       74.
  288   1      3   0   5    .093  77.707       73.       74.
  289   2      0   3   5    .093  77.935       36.       39.
  290   2      3   0   5    .093  77.935       36.       39.
  291   1      1   6   1    .093  78.400      702.      681.
  292   1      6   1   1    .093  78.400      600.      582.
  293   1      2   5   2    .094  78.577     5903.     5724.
  294   1      5   2   2    .094  78.577     1205.     1169.
  295   2      1   6   1    .094  78.631      349.      323.
  296   2      6   1   1    .094  78.631      299.      277.
  297   2      2   5   2    .094  78.809     2938.     2903.
  298   2      5   2   2    .094  78.809      600.      593.
  299   1      2   2   5    .096  80.858      555.      556.
  300   2      2   2   5    .096  81.099      277.      277.
  301   1      0   5   4    .096  81.377      486.      595.
  302   1      5   0   4    .096  81.377      486.      595.
  303   2      0   5   4    .096  81.620      242.      294.
  304   2      5   0   4    .096  81.620      242.      294.
  305   1      1   3   5    .097  81.902      373.      469.
  306   1      3   1   5    .097  81.902      258.      324.
  307   2      1   3   5    .097  82.147      186.      188.
  308   2      3   1   5    .097  82.147      128.      130.
  309   1      4   4   0    .097  82.181     2394.     2320.
  310   2      4   4   0    .097  82.428     1193.      996.
  311   1      0   6   3    .097  82.705        1.        2.
  312   1      6   0   3    .097  82.705        1.        2.
  313   1      1   6   2    .097  82.761      804.      851.
  314   1      6   1   2    .097  82.761        1.        1.
  315   2      0   6   3    .098  82.955        1.        1.
  316   2      6   0   3    .098  82.955        1.        1.
0NO.  CODE    H   K   L   HW    POSN      ICALC     IOBS 
  317   2      1   6   2    .098  83.011      401.      441.
  318   2      6   1   2    .098  83.011        1.        1.
  319   1      0   7   0    .098  83.222       54.       64.
  320   1      7   0   0    .098  83.222       54.       64.
  321   1      3   5   0    .098  83.222      453.      543.
  322   1      5   3   0    .098  83.222      229.      275.
  323   1      3   3   4    .098  83.459     1095.     1169.
  324   2      0   7   0    .098  83.473       27.       28.
  325   2      7   0   0    .098  83.473       27.       28.
  326   2      3   5   0    .098  83.473      225.      240.
  327   2      5   3   0    .098  83.473      114.      121.
  328   1      4   4   1    .098  83.626     1010.     1104.
  329   2      3   3   4    .098  83.711      545.      558.
  330   1      3   4   3    .098  83.745       12.       12.
  331   1      4   3   3    .098  83.745     4290.     4293.
  332   2      4   4   1    .098  83.879      504.      492.
  333   2      3   4   3    .099  83.998        6.        6.
  334   2      4   3   3    .099  83.998     2137.     2154.
  335   1      0   0   6    .099  84.274     2006.     2095.
  336   1      2   4   4    .099  84.497     2344.     2201.
  337   1      4   2   4    .099  84.497     1734.     1628.
  338   2      0   0   6    .099  84.530     1000.      930.
  339   1      0   7   1    .099  84.664        8.        8.
  340   1      3   5   1    .099  84.664       24.       25.
  341   1      5   3   1    .099  84.664       62.       64.
  342   1      7   0   1    .099  84.664        8.        8.
  343   2      2   4   4    .099  84.754     1168.     1100.
  344   2      4   2   4    .099  84.754      864.      814.
  345   2      0   7   1    .100  84.921        4.        3.
  346   2      3   5   1    .100  84.921       12.       11.
  347   2      5   3   1    .100  84.921       31.       27.
  348   2      7   0   1    .100  84.921        4.        3.
  349   1      0   4   5    .100  85.018       41.       40.
  350   1      4   0   5    .100  85.018       41.       40.
  351   2      0   4   5    .100  85.278       20.       20.
  352   2      4   0   5    .100  85.278       20.       20.
  353   1      0   1   6    .100  85.311      313.      305.
  354   1      1   0   6    .100  85.311      313.      305.
  355   2      0   1   6    .100  85.571      156.      143.
  356   2      1   0   6    .100  85.571      156.      143.
  357   1      2   5   3    .100  85.817      695.      594.
  358   1      5   2   3    .100  85.817     1467.     1254.
  359   2      2   5   3    .101  86.081      346.      258.
  360   2      5   2   3    .101  86.081      731.      544.
  361   1      2   6   0    .101  86.331      205.      132.
  362   1      6   2   0    .101  86.331       42.       27.
  363   2      2   6   0    .101  86.597      102.       73.
  364   2      6   2   0    .101  86.597       21.       15.
  365   1      1   1   6    .102  87.379     4308.     4437.
  366   1      1   5   4    .102  87.601       14.       14.
  367   1      5   1   4    .102  87.601     2279.     2206.
  368   2      1   1   6    .102  87.649     2148.     2049.
  369   1      2   6   1    .103  87.767      117.      126.
  370   1      6   2   1    .103  87.767        1.        1.
  371   2      1   5   4    .103  87.872        7.        7.
  372   2      5   1   4    .103  87.872     1136.     1164.
  373   1      4   4   2    .103  87.940      369.      379.
  374   2      2   6   1    .103  88.039       58.       61.
  375   2      6   2   1    .103  88.039        1.        1.
  376   1      2   3   5    .103  88.121     1912.     1923.
0NO.  CODE    H   K   L   HW    POSN      ICALC     IOBS 
  377   1      3   2   5    .103  88.121      952.      957.
  378   2      4   4   2    .103  88.213      184.      180.
  379   2      2   3   5    .103  88.395      953.      933.
  380   2      3   2   5    .103  88.395      475.      465.
  381   1      0   2   6    .103  88.412      105.      104.
  382   1      2   0   6    .103  88.412      105.      104.
  383   2      0   2   6    .104  88.687       53.       50.
  384   2      2   0   6    .104  88.687       53.       50.
  385   1      0   7   2    .104  88.973      519.      516.
  386   1      3   5   2    .104  88.973     3825.     3797.
  387   1      5   3   2    .104  88.973     3539.     3513.
  388   1      7   0   2    .104  88.973      519.      516.
  389   2      0   7   2    .104  89.251      259.      243.
  390   2      3   5   2    .104  89.251     1905.     1788.
  391   2      5   3   2    .104  89.251     1762.     1654.
  392   2      7   0   2    .104  89.251      259.      243.
  393   1      1   6   3    .105  89.949      381.      151.
  394   1      6   1   3    .105  89.949       26.       10.
  395   1      1   4   5    .105  90.185        4.        0.
  396   1      4   1   5    .105  90.185        7.        0.
  397   2      1   6   3    .105  90.232        9.        0.
  398   2      6   1   3    .105  90.232        1.        0.
0 DERIVED BRAGG R-FACTOR =    4.72
1PARAMETERS IN EACH CYCLE
0CYCLE    1         2         3         4         5         6         7         8         9        10        11        12
  0)   .1080E-02-.3690E-01 .7730E+02 .1987E+03 .6420E-02 .9905E+00 .5393E+03 .9770E-02 .6468E+00 .9373E+01 .6887E+01 .9665E+00
  1)   .1076E-02-.3690E-01 .7730E+02 .1987E+03 .6424E-02 .9905E+00 .5393E+03 .9773E-02 .6466E+00 .9373E+01 .6887E+01 .9665E+00
0CYCLE   13        14        15        16        17        18        19        20        21        22        23        24
  0)   .9788E+00 .9845E+00 .9541E+00 .3254E+00 .4866E+00 .5891E+00 .4686E+00 .3396E+00 .2592E+00 .7217E-01 .3965E+00 .3665E+00
  1)   .9788E+00 .9845E+00 .9541E+00 .3254E+00 .4866E+00 .5891E+00 .4686E+00 .3396E+00 .2592E+00 .7217E-01 .3965E+00 .3665E+00
0CYCLE   25        26        27        28        29        30        31        32
  0)   .2414E+00 .9919E+00 .2510E-02 .1000E+01 .9691E+00-.1336E+00 .4540E-01 .8000E-03
  1)   .2414E+00 .9919E+00 .2509E-02 .1000E+01 .9691E+00-.1338E+00 .4544E-01 .8012E-03
1R-VALUE VARIATION WITH CYCLE
0CYCLE    R-P     R-WP      S      D-W D
  0)      7.36    9.44    1.90     .85
  1)      7.37    9.45    1.90     .86
1APPLIED PARAMETER SHIFT IN EACH CYCLE
0CYCLE    1         2         3         4         5         6         7         8         9        10        11        12
  1)  -.4030E-05 .1317E-05-.6207E-03-.4989E-02 .3743E-05-.1078E-04-.4543E-01 .3183E-05-.2352E-03-.3815E-05 .1669E-04-.4596E-05
0CYCLE   13        14        15        16        17        18        19        20        21        22        23        24
  1)  -.1331E-04 .2928E-05-.9739E-05 .0000E+00-.1517E-05 .0000E+00-.4581E-05 .0000E+00 .6052E-07 .7032E-06 .0000E+00-.3066E-05
0CYCLE   25        26        27        28        29        30        31        32
  1)   .0000E+00-.5556E-06-.6879E-06-.8305E-05-.3671E-05-.1599E-03 .3860E-04 .1205E-05
