1RIETVELD ANALYSIS PROGRAM DBWS-9807, RELEASE  21.09.98,
   COPYRIGHT 1998 BY R.A.YOUNG,
   SEE APPENDIX B ON COPYRIGHT-AND-FAIR-USE IN USERS GUIDE FOR CONDITIONS,
   THIS PROGRAM SHOULD BE CITED IN ALL WORK TO WHICH IT HAS CONTRIBUTED AS AN UPGRADE OF:
  "DBWS-9411 - an upgrade of the DBWS programs for Rietveld
   Refinement with PC and mainframe computers",
   J. Appl. Cryst., Vol. 28, 366-7; 1995
 ---------------------------------------------------------
  pw_DBWS3 is a version of DBWS98, compiled for Intel *86
         interface with Powder v3, december 2000 
 ---------------------------------------------------------
 PROGRAM PARAMETERS:
 IDSZ=32000    IRS= 4096    NATS= 300     MSZ=200     NOV=1024
 laB6                                                                  
 FOR X-RAY DATA
 READ DATA IN TRADITIONAL DBWS FORMAT
 ---------------------------------------------------------
 NUMBER OF PHASES=    1
 NUMBER OF EXCLUDED REGIONS=    0
 NUMBER OF SCATTERING SETS=    0
 BACKGROUND TO BE REFINED  
 PSEUDO-VOIGT (PV) PROFILE, NPROF =    5
 IPREF=1, MARCH-DOLLASE PREFERRED ORIENTATION FUNCTION
 ---------------------------------------------------------
 IABSR=1, CORRECTION OF SURFACE ROUGHNESS BY YOUNG
 IASYM=0, Usual Rietveld Asymmetry
 ---------------------------------------------------------
 NO AMOPHOUS AND COMPTON CORRECTION TO THE BGD
 GENERATE PARAMETER LIST
 OUTPUT ABSOLUTE VALUES OF STRUCTURE FACTORS + PHASE ANGLE
 OUTPUT CORRELATION MATRIX
 GENERATE NEW INPUT FILE
 PRINT REFLECTION LIST
 WAVELENGTHS=    1.54050  1.54430  LAMDA MEAN =    1.54177
 ALPHA2:ALPHA1 RATIO =   0.5000
 BASE OF PEAK = 2.0*HW*   30.00
 MONOCHROMATOR CORRECTION =  0.8009
 ABSORPTION CORRECTION COEFFICIENT =   1.0000 CM-1
 SLAB-WIDTH =   0.0000 CM.
 RIETVELD ASYMMETRY CORRECTION FOR ANGLES LESS THAN   35.000 DEGREES
 NUMBER OF CYCLES =    5
 RELAXATION FACTORS
 FOR COORDINATES= 0.95
 FOR ANISOTRPIC TEMPERATURE FACTORS= 0.95
 FOR FWHM PARAMETERS=  0.95
 FOR LATTICE CONSTANTS= 0.95
 EPS-VALUE=   0.1
 ---------------------------------------------------------
 NUMBER OF PARAMETERS VARIED=   11
 GLOBAL PARAMETERS AND CODEWORDS
 ZEROPOINT=    0.00   11.00
 BACKGROUND PARAMETERS AND CODEWORDS
 ORIGIN OF BACKGROUND POLYNOMIAL AT TWO-THETA =   90.000DEGREES
 38.6100     116.930     134.890        0.000000    0.000000    0.000000
  31.000      41.000      51.000      61.000       0.000       0.000
 DISPLACEMENT PEAKSHIFT PARAMETER AND CODEWORD   -0.02   21.00
 TRANSPARENCY PEAKSHIFT PARAMETER AND CODEWORD    0.00    0.00
 SURFACE ROUGHNESS P PARAMETER AND CODEWORD   0.0000   0.0000
 SURFACE ROUGHNESS Q PARAMETER AND CODEWORD   0.0000   0.0000
 SURFACE ROUGHNESS R PARAMETER AND CODEWORD   1.0000   0.0000
 SURFACE ROUGHNESS T PARAMETER AND CODEWORD   0.0000   0.0000

     DATA ID                                                         
 DATA RANGE (2THETA):  START =   5.000, STOP =  75.000, STEP =   0.020

1PHASE  1
 Alpha quartz                                      
 NUMBER OF ATOMS=    2
 NUMBER OF FORMULA UNITS PER UNIT CELL=    3
 PARTICLE ABSORPTION FACTOR =   1.0000
 PREFERRED ORIENTATION VECTOR=   0.0000  0.0000  1.0000

0THE SPACE GROUP IS P 32 2 1            
 The multiplicity of the general site is   6

 ***INITIAL PARAMETERS***
 ATOM    M NTYP              X         Y         Z         B        So
                           B11       B22       B33       B12       B13       B23
 La      1 LA+3          0.00000   0.00000   0.00000   0.54946   1.00000
                         0.00490   0.00270   0.00490   0.00140  -0.00010  -0.00002
 b       6 B             0.19948   0.00000   0.00000   1.14810   0.98000
                         0.01430   0.00000   0.01900   0.00850  -0.00320  -0.00420
 OVERALL SCALE FACTOR=0.658000E-02
 OVERALL TEMP. FACTOR=     0.00000
 DIRECT CELL PARAMETERS=   4.1570   4.1570   4.1570  90.0000  90.0000  90.0000
 PREFERRED ORIENTATION PARAMETERS=  1.000  0.000
 ASYMMETRY PARAMETER=0.166240
 MIXING PARAMETERS = .510       0.000   0.000

 FWHM PARAMETERS (U,V,W,CT,Z,X,Y)=   0.0196  -0.0033   0.0059   0.0000   0.0000   0.0000   0.0000

0THE LAUE SYMMETRY IS 3BAR M 1
 CELL VOLUME PHASE( 1 ) =      62.2115
0***Coding of variables***
 ATOM                        X         Y         Z         B         So
                           B11       B22       B33       B12       B13       B23
 La                        91.00     91.00      0.00      0.00      0.00
                            0.00      0.00      0.00      0.00      0.00      0.00
 b                          0.00      0.00      0.00      0.00      0.00
                            0.00      0.00      0.00      0.00      0.00      0.00
 OVERALL SCALE FACTOR=  111.00
 OVERALL TEMP. FACTOR=    0.00
 DIRECT CELL PARAMETERS=    0.00    0.00    0.00    0.00    0.00    0.00
 PREFERRED ORIENTATION PARAMETERS=    0.00    0.00
 ASYMMETRY PARAMETER=    0.00
 MIXING PARAMETERS =   101.00    0.00    0.00

 FWHM PARAMETERS (U,V,W,CT,Z,X,Y)=   71.00   81.00   91.00    0.00    0.00    0.00    0.00

 ATOM =LA+3 dfp,dfpp=  -1.40940    9.03760  MASS= 138.905  Wlenght:1.540500
 Scat Coef.= 20.24890   2.92070  19.37630   0.25070  11.63230  17.82110   0.33605  54.94530   2.40860
 ATOM =B    dfp,dfpp=   0.00900    0.00390  MASS=  10.810  Wlenght:1.540500
 Scat Coef.=  2.05450  23.21850   1.33260   1.02100   1.09790  60.34980   0.70680   0.14030  -0.19320
 LAUE SYMMETRY 3BAR M 1 WILL BE USED TO GENERATE INDICES
1NO.  CODE    H   K   L  MULT     HW    POSN    FACTOR  

    1   1      0   1   0     3   0.079  24.690 18.572180
    2   1      1   0   0     3   0.079  24.690 18.572180
    3   2      0   1   0     3   0.079  24.752 18.475763
    4   2      1   0   0     3   0.079  24.752 18.475763
    5   1      0   1   1     6   0.082  32.865 10.183255
    6   1      1   0   1     6   0.082  32.865 10.183255
    7   2      0   1   1     6   0.082  32.949 10.128491
    8   2      1   0   1     6   0.082  32.949 10.128491
    9   1      1   1   0     6   0.088  43.486  5.571743
   10   2      1   1   0     6   0.088  43.599  5.540392
   11   1      1   1   1    12   0.092  48.936  4.305599
   12   2      1   1   1    12   0.092  49.065  4.280954
   13   1      0   1   2     6   0.094  50.653  3.993206
   14   1      0   2   0     3   0.094  50.653  3.993206
   15   1      1   0   2     6   0.094  50.653  3.993206
   16   1      2   0   0     3   0.094  50.653  3.993206
   17   2      0   1   2     6   0.094  50.787  3.970264
   18   2      0   2   0     3   0.094  50.787  3.970264
   19   2      1   0   2     6   0.094  50.787  3.970264
   20   2      2   0   0     3   0.094  50.787  3.970264
   21   1      0   2   1     6   0.098  55.573  3.264286
   22   1      2   0   1     6   0.098  55.573  3.264286
   23   2      0   2   1     6   0.098  55.722  3.245449
   24   2      2   0   1     6   0.098  55.722  3.245449
   25   1      1   1   2    12   0.107  63.197  2.485213
   26   2      1   1   2    12   0.107  63.371  2.471156
   27   1      0   0   3     2   0.112  67.526  2.174149
   28   2      0   0   3     2   0.112  67.715  2.162249
   29   1      0   2   2     6   0.114  68.938  2.088364
   30   1      2   0   2     6   0.114  68.938  2.088364
   31   1      1   2   0     6   0.114  68.938  2.088363
   32   1      2   1   0     6   0.114  68.938  2.088363
   33   2      0   2   2     6   0.114  69.132  2.077105
   34   2      2   0   2     6   0.114  69.132  2.077105
   35   2      1   2   0     6   0.114  69.132  2.077104
   36   2      2   1   0     6   0.114  69.132  2.077104
   37   1      0   1   3     6   0.120  73.100  1.873118
   38   1      1   0   3     6   0.120  73.100  1.873118
   39   1      1   2   1    12   0.120  73.100  1.873118
   40   1      2   1   1    12   0.120  73.100  1.873118
   41   2      0   1   3     6   0.120  73.309  1.863614
   42   2      1   0   3     6   0.120  73.309  1.863614
   43   2      1   2   1    12   0.120  73.309  1.863614
   44   2      2   1   1    12   0.120  73.309  1.863614
0******* CODEWORD   9 is used   3 times **

 R-P        =   114.22%
 R-WP       =   436.04%
 R-EXPECTED =     6.41%
 S          =    67.99     SQRT(RESIDUAL/N-P)GOODNESS OF FIT
 D - W D    =     0.08     UNWEIGHTED DURBIN-WATSON STATISTIC D
0N-P        =     3490

       SUMYDIF       SUMYOBS      SUMYCALC      SUMWYOBSSQ      RESIDUAL      CONDITION
     0.9691E+06    0.8484E+06    0.3358E+06    0.8484E+06    0.1613E+08    0.0000E+00

1++++++++++++++++++++++++++++++++++++++++++++++++++++++++++++++++++++++++++++++++++++++++++++++++++++++++++++++++++++++++

 CYCLE NUMBER=   1
0PHASE  1: Alpha quartz                                      
 NEW PARAMETERS, SHIFTS, AND STANDARD DEVIATIONS=

 ATOM     X      DX     SX      Y      DY     SY      Z      DZ     SZ      B      DB     SB      So     DSo    SSo
 La    -0.0001-0.0001 0.0064 -0.0001-0.0001 0.0064  0.0000 0.0000 0.0000  0.5495 0.0000 0.0000  1.0000 0.0000 0.0000
 b      0.1995 0.0000 0.0000  0.0000 0.0000 0.0000  0.0000 0.0000 0.0000  1.1481 0.0000 0.0000  0.9800 0.0000 0.0000
0ATOM       B11      DB11      SB11       B22      DB22      SB22       B33      DB33      SB33
            B12      DB12      SB12       B13      DB13      SB13       B23      DB23      SB23
 La    0.004900  0.000000  0.000000  0.002700  0.000000  0.000000  0.004900  0.000000  0.000000
       0.001400  0.000000  0.000000 -0.000100  0.000000  0.000000 -0.000020  0.000000  0.000000
 b     0.014300  0.000000  0.000000  0.000000  0.000000  0.000000  0.019000  0.000000  0.000000
       0.008500  0.000000  0.000000 -0.003200  0.000000  0.000000 -0.004200  0.000000  0.000000
0OVERALL SCALE FACTOR=0.318E-03-.626E-020.217E-03
0OVERALL TEMP. FACTOR=   0.0000   0.0000   0.0000
0CELL PARAMETERS=
   4.157000   0.000000   0.000000
   4.157000   0.000000   0.000000
   4.157000   0.000000   0.000000
    90.0000     0.0000     0.0000
    90.0000     0.0000     0.0000
   120.0000    30.0000     0.0000
0PREFERRED ORIENTATION PARAMETERS=
  1.00000 0.00000 0.00000
  0.00000 0.00000 0.00000
0ASYMMETRY PARAMETER=
  0.16624 0.00000 0.00000
0LORENTZIAN HALF WIDTH PARAMS (X AND Y) 
  0.00000 0.00000 0.00000
  0.00000 0.00000 0.00000

0MIXING PARAMETERS 
 NA= 0.5057    -.4337E-020.1116    
 NB=     0.0000    0.0000    0.0000
 NC=     0.0000    0.0000    0.0000

0FWHM PARAMETERS=
 U =   0.019046 -0.000544  0.046184
 V =  -0.002866  0.000404  0.038410
 W =   0.005881 -0.000059  0.006365
 CT=   0.000000  0.000000  0.000000
 Z =   0.000000  0.000000  0.000000

Volume=    62.211(+/-)  0.000 UCW=  202.47 U.C.Density =   5.406 gr/cm^3
                     _____________________________
 PHASE =  1 => %MASS = 100.00(+/-)  0.00  %MOLAR = 100.00(+/-)  0.00


0GLOBAL PARAMETERS
 ZEROPOINT (ZER)             : -0.0005 -0.0005  0.0629
 SAMPLE DISPLACEMENT (DISP)  : -0.0178  0.0005  0.0646
 SAMPLE TRANSPARENCY (TRANSP):  0.0000  0.0000  0.0000
 ROUGHNESS PARAMETERS        :
              P              :  0.0000  0.0000  0.0000
              Q              :  0.0000  0.0000  0.0000
              R              :  1.0000  0.0000  0.0000
              T              :  0.0000  0.0000  0.0000

 AMORPHOUS SCALE (SCAM):  0.0000  0.0000  0.0000

 MONOCROMATOR BANDPASS PARAMETERS (PMONI) 
  0.0000  0.0000  0.0000  0.0000  0.0000  0.0000

0BACKGROUND PARAMETERS
  97.8101     59.2001     171.605    
  349.385     232.455     1198.64    
  942.430     807.540     2499.06    
  312.826     312.826     1580.17    
     0.000000    0.000000    0.000000
     0.000000    0.000000    0.000000

 R-P        =    36.70%
 R-WP       =    58.77%
 R-EXPECTED =     6.41%
 S          =     9.16     SQRT(RESIDUAL/N-P)GOODNESS OF FIT
 D - W D    =     0.09     UNWEIGHTED DURBIN-WATSON STATISTIC D
0N-P        =     3490

       SUMYDIF       SUMYOBS      SUMYCALC      SUMWYOBSSQ      RESIDUAL      CONDITION
     0.3114E+06    0.8484E+06    0.5803E+06    0.8484E+06    0.2930E+06    0.0000E+00

1++++++++++++++++++++++++++++++++++++++++++++++++++++++++++++++++++++++++++++++++++++++++++++++++++++++++++++++++++++++++

 CYCLE NUMBER=   2
0PHASE  1: Alpha quartz                                      
 NEW PARAMETERS, SHIFTS, AND STANDARD DEVIATIONS=

 ATOM     X      DX     SX      Y      DY     SY      Z      DZ     SZ      B      DB     SB      So     DSo    SSo
 La    -0.0013-0.0013 0.0178 -0.0013-0.0013 0.0178  0.0000 0.0000 0.0000  0.5495 0.0000 0.0000  1.0000 0.0000 0.0000
 b      0.1995 0.0000 0.0000  0.0000 0.0000 0.0000  0.0000 0.0000 0.0000  1.1481 0.0000 0.0000  0.9800 0.0000 0.0000
0ATOM       B11      DB11      SB11       B22      DB22      SB22       B33      DB33      SB33
            B12      DB12      SB12       B13      DB13      SB13       B23      DB23      SB23
 La    0.004900  0.000000  0.000000  0.002700  0.000000  0.000000  0.004900  0.000000  0.000000
       0.001400  0.000000  0.000000 -0.000100  0.000000  0.000000 -0.000020  0.000000  0.000000
 b     0.014300  0.000000  0.000000  0.000000  0.000000  0.000000  0.019000  0.000000  0.000000
       0.008500  0.000000  0.000000 -0.003200  0.000000  0.000000 -0.004200  0.000000  0.000000
0OVERALL SCALE FACTOR=0.541E-05-.313E-030.292E-04
0OVERALL TEMP. FACTOR=   0.0000   0.0000   0.0000
0CELL PARAMETERS=
   4.157000   0.000000   0.000000
   4.157000   0.000000   0.000000
   4.157000   0.000000   0.000000
    90.0000     0.0000     0.0000
    90.0000     0.0000     0.0000
   120.0000     0.0000     0.0000
0PREFERRED ORIENTATION PARAMETERS=
  1.00000 0.00000 0.00000
  0.00000 0.00000 0.00000
0ASYMMETRY PARAMETER=
  0.16624 0.00000 0.00000
0LORENTZIAN HALF WIDTH PARAMS (X AND Y) 
  0.00000 0.00000 0.00000
  0.00000 0.00000 0.00000

0MIXING PARAMETERS 
 NA= 0.4196    -.8602E-010.3114    
 NB=     0.0000    0.0000    0.0000
 NC=     0.0000    0.0000    0.0000

0FWHM PARAMETERS=
 U =   0.007469 -0.011576  0.128638
 V =   0.005790  0.008656  0.107151
 W =   0.004604 -0.001277  0.017759
 CT=   0.000000  0.000000  0.000000
 Z =   0.000000  0.000000  0.000000

Volume=    62.211(+/-)  0.000 UCW=  202.47 U.C.Density =   5.406 gr/cm^3
                     _____________________________
 PHASE =  1 => %MASS = 100.00(+/-)  0.00  %MOLAR = 100.00(+/-)  0.00


0GLOBAL PARAMETERS
 ZEROPOINT (ZER)             : -0.0106 -0.0101  0.1746
 SAMPLE DISPLACEMENT (DISP)  : -0.0075  0.0103  0.1792
 SAMPLE TRANSPARENCY (TRANSP):  0.0000  0.0000  0.0000
 ROUGHNESS PARAMETERS        :
              P              :  0.0000  0.0000  0.0000
              Q              :  0.0000  0.0000  0.0000
              R              :  1.0000  0.0000  0.0000
              T              :  0.0000  0.0000  0.0000

 AMORPHOUS SCALE (SCAM):  0.0000  0.0000  0.0000

 MONOCROMATOR BANDPASS PARAMETERS (PMONI) 
  0.0000  0.0000  0.0000  0.0000  0.0000  0.0000

0BACKGROUND PARAMETERS
  100.677     2.86674     23.1291    
  360.346     10.9614     161.554    
  981.440     39.0098     336.825    
  327.631     14.8056     212.977    
     0.000000    0.000000    0.000000
     0.000000    0.000000    0.000000

 R-P        =    36.10%
 R-WP       =    54.85%
 R-EXPECTED =     6.41%
 S          =     8.55     SQRT(RESIDUAL/N-P)GOODNESS OF FIT
 D - W D    =     0.09     UNWEIGHTED DURBIN-WATSON STATISTIC D
0N-P        =     3490

       SUMYDIF       SUMYOBS      SUMYCALC      SUMWYOBSSQ      RESIDUAL      CONDITION
     0.3063E+06    0.8484E+06    0.5925E+06    0.8484E+06    0.2553E+06    0.0000E+00

1++++++++++++++++++++++++++++++++++++++++++++++++++++++++++++++++++++++++++++++++++++++++++++++++++++++++++++++++++++++++

 CYCLE NUMBER=   3
0PHASE  1: Alpha quartz                                      
 NEW PARAMETERS, SHIFTS, AND STANDARD DEVIATIONS=

 ATOM     X      DX     SX      Y      DY     SY      Z      DZ     SZ      B      DB     SB      So     DSo    SSo
 La    -0.0494-0.0481 1.0092 -0.0494-0.0481 1.0092  0.0000 0.0000 0.0000  0.5495 0.0000 0.0000  1.0000 0.0000 0.0000
 b      0.1995 0.0000 0.0000  0.0000 0.0000 0.0000  0.0000 0.0000 0.0000  1.1481 0.0000 0.0000  0.9800 0.0000 0.0000
0ATOM       B11      DB11      SB11       B22      DB22      SB22       B33      DB33      SB33
            B12      DB12      SB12       B13      DB13      SB13       B23      DB23      SB23
 La    0.004900  0.000000  0.000000  0.002700  0.000000  0.000000  0.004900  0.000000  0.000000
       0.001400  0.000000  0.000000 -0.000100  0.000000  0.000000 -0.000020  0.000000  0.000000
 b     0.014300  0.000000  0.000000  0.000000  0.000000  0.000000  0.019000  0.000000  0.000000
       0.008500  0.000000  0.000000 -0.003200  0.000000  0.000000 -0.004200  0.000000  0.000000
0OVERALL SCALE FACTOR=-.106E-04-.160E-040.274E-04
0OVERALL TEMP. FACTOR=   0.0000   0.0000   0.0000
0CELL PARAMETERS=
   4.157000   0.000000   0.000000
   4.157000   0.000000   0.000000
   4.157000   0.000000   0.000000
    90.0000     0.0000     0.0000
    90.0000     0.0000     0.0000
   120.0000     0.0000     0.0000
0PREFERRED ORIENTATION PARAMETERS=
  1.00000 0.00000 0.00000
  0.00000 0.00000 0.00000
0ASYMMETRY PARAMETER=
  0.16624 0.00000 0.00000
0LORENTZIAN HALF WIDTH PARAMS (X AND Y) 
  0.00000 0.00000 0.00000
  0.00000 0.00000 0.00000

0MIXING PARAMETERS 
 NA= -5.108    -5.527     17.35    
 NB=     0.0000    0.0000    0.0000
 NC=     0.0000    0.0000    0.0000

0FWHM PARAMETERS=
 U =  -0.444544 -0.452014  7.076455
 V =   0.350414  0.344625  6.076253
 W =  -0.043480 -0.048084  1.009228
 CT=   0.000000  0.000000  0.000000
 Z =   0.000000  0.000000  0.000000

Volume=    62.211(+/-)  0.000 UCW=  202.47 U.C.Density =   5.406 gr/cm^3
                     _____________________________
 PHASE =  1 => %MASS = 100.00(+/-)  0.00  %MOLAR = 100.00(+/-)  0.00


0GLOBAL PARAMETERS
 ZEROPOINT (ZER)             : -0.5182 -0.5076  8.7519
 SAMPLE DISPLACEMENT (DISP)  :  0.5077  0.5153  8.9864
 SAMPLE TRANSPARENCY (TRANSP):  0.0000  0.0000  0.0000
 ROUGHNESS PARAMETERS        :
              P              :  0.0000  0.0000  0.0000
              Q              :  0.0000  0.0000  0.0000
              R              :  1.0000  0.0000  0.0000
              T              :  0.0000  0.0000  0.0000

 AMORPHOUS SCALE (SCAM):  0.0000  0.0000  0.0000

 MONOCROMATOR BANDPASS PARAMETERS (PMONI) 
  0.0000  0.0000  0.0000  0.0000  0.0000  0.0000

0BACKGROUND PARAMETERS
  100.869    0.192406     21.5902    
  361.239    0.893276     150.805    
  984.122     2.68165     314.418    
  328.826     1.19485     198.808    
     0.000000    0.000000    0.000000
     0.000000    0.000000    0.000000

   SQUARE OF FWHM NEGATIVE AT TWO-THETA=  67.541 FOR PHASE NO.    1
