1RIETVELD ANALYSIS PROGRAM DBWS-9807, RELEASE  21.09.98,
   COPYRIGHT 1998 BY R.A.YOUNG,
   SEE APPENDIX B ON COPYRIGHT-AND-FAIR-USE IN USERS GUIDE FOR CONDITIONS,
   THIS PROGRAM SHOULD BE CITED IN ALL WORK TO WHICH IT HAS CONTRIBUTED AS AN UPGRADE OF:
  "DBWS-9411 - an upgrade of the DBWS programs for Rietveld
   Refinement with PC and mainframe computers",
   J. Appl. Cryst., Vol. 28, 366-7; 1995
 ---------------------------------------------------------
  pw_DBWS3 is a version of DBWS98, compiled for Intel *86
         interface with Powder v3, december 2000 
 ---------------------------------------------------------
 PROGRAM PARAMETERS:
 IDSZ=32000    IRS= 4096    NATS= 300     MSZ=200     NOV=1024
 fluoroApatite (DBWS test file)  Powder v3 config file                 
 FOR X-RAY DATA
 READ DATA IN TRADITIONAL DBWS FORMAT
 ---------------------------------------------------------
 NUMBER OF PHASES=    1
 NUMBER OF EXCLUDED REGIONS=    1
 NUMBER OF SCATTERING SETS=    1
 BACKGROUND TO BE REFINED  
 PSEUDO-VOIGT (PV) PROFILE, NPROF =    5
 IPREF=1, MARCH-DOLLASE PREFERRED ORIENTATION FUNCTION
 ---------------------------------------------------------
 IABSR=1, CORRECTION OF SURFACE ROUGHNESS BY YOUNG
 IASYM=1, Asymmetry by Riello et al.: Powder Diffraction,10,204-206,1995
 ---------------------------------------------------------
 NO AMOPHOUS AND COMPTON CORRECTION TO THE BGD
 GENERATE PARAMETER LIST
 OUTPUT ABSOLUTE VALUES OF STRUCTURE FACTORS + PHASE ANGLE
 OUTPUT CORRELATION MATRIX
 GENERATE NEW INPUT FILE
 PRINT REFLECTION LIST
 WAVELENGTHS=    1.54050  1.54430  LAMDA MEAN =    1.54177
 ALPHA2:ALPHA1 RATIO =   0.5000
 BASE OF PEAK = 2.0*HW*    8.00
 MONOCHROMATOR CORRECTION =  0.8009
 ABSORPTION CORRECTION COEFFICIENT =   1.0000 CM-1
 SLAB-WIDTH =   0.0000 CM.
 ASYMMETRY CORRECTION FOR ANGLES LESS THAN   55.000 DEGREES
                          AND GREATER THAN  125.000 DEGREES
 NUMBER OF CYCLES =    1
 RELAXATION FACTORS
 FOR COORDINATES= 0.95
 FOR ANISOTRPIC TEMPERATURE FACTORS= 0.95
 FOR FWHM PARAMETERS=  0.95
 FOR LATTICE CONSTANTS= 0.95
 EPS-VALUE=   0.1
 EXCLUDED REGIONS 
 FROM     TO
  15.0000  25.0000

 ---------------------------------------------------------
 FORMFACTORS
 FOR P-1  DFP=  0.100000 DFPP=  0.120000
 COEFFICIENTS= -1.739570  2.000000  0.362660  4.272240  2.747610  6.958600  5.403990  9.414380  6.260430
 ---------------------------------------------------------
 NUMBER OF PARAMETERS VARIED=   32
 GLOBAL PARAMETERS AND CODEWORDS
 ZEROPOINT=    0.00    0.00
 BACKGROUND PARAMETERS AND CODEWORDS
 ORIGIN OF BACKGROUND POLYNOMIAL AT TWO-THETA =   90.000DEGREES
 81.6900     177.530     520.350        0.000000    0.000000    0.000000
  31.000      41.000      71.000       0.000       0.000       0.000
 DISPLACEMENT PEAKSHIFT PARAMETER AND CODEWORD   -0.02   21.00
 TRANSPARENCY PEAKSHIFT PARAMETER AND CODEWORD    0.00    0.00
 SURFACE ROUGHNESS P PARAMETER AND CODEWORD   0.0000   0.0000
 SURFACE ROUGHNESS Q PARAMETER AND CODEWORD   0.0000   0.0000
 SURFACE ROUGHNESS R PARAMETER AND CODEWORD   1.0000   0.0000
 SURFACE ROUGHNESS T PARAMETER AND CODEWORD   0.0000   0.0000

     DATA ID 	this file is on C:\                                    
 DATA RANGE (2THETA):  START =   5.000, STOP =  75.000, STEP =   0.020

1PHASE  1
 Fluorapatite                                      
 NUMBER OF ATOMS=    7
 NUMBER OF FORMULA UNITS PER UNIT CELL=    6
 PARTICLE ABSORPTION FACTOR =   1.0000
 PREFERRED ORIENTATION VECTOR=   0.0000  0.0000  1.0000

0THE SPACE GROUP IS P 63/M              
 The multiplicity of the general site is  12

 ***INITIAL PARAMETERS***
 ATOM    M NTYP              X         Y         Z         B        So
                           B11       B22       B33       B12       B13       B23
 O1      6 O-1           0.32537   0.44742   0.25000   0.00000   0.29211
                         0.00350   0.00260   0.00410   0.00230   0.00000   0.00000
 O2      6 O-1           0.58913   0.33439   0.25000   0.00000   0.23792
                         0.00160   0.00240   0.00700   0.00070   0.00000   0.00000
 O3     12 O-1           0.33962   0.31239   0.09324   0.00000   1.00000
                         0.00610   0.00310   0.00310   0.00290   0.00210   0.00140
 P       6 P-1           0.39651   0.33409   0.25000   0.00000   0.76881
                         0.00140   0.00120   0.00170   0.00070   0.00000   0.00000
 CA1     4 CA+2          0.33333   0.66667  -0.00650   0.00000   0.58124
                         0.00110   0.00300   0.00300   0.00200   0.00150   0.00000
 CA2     6 CA+2          0.24139   1.01395   0.25000   0.00000   0.30969
                         0.00200   0.00200   0.00270   0.00110   0.00000   0.00000
 F       2 F-1           0.00000   0.00000   0.25000   0.00000   1.49667
                         0.00250   0.00250   0.01290   0.00120   0.00000   0.00000
 OVERALL SCALE FACTOR=0.376000E-03
 OVERALL TEMP. FACTOR=    11.12340
 DIRECT CELL PARAMETERS=   9.3743   9.3743   6.8876  90.0000  90.0000 120.0000
 PREFERRED ORIENTATION PARAMETERS=  1.126  0.000
 ASYMMETRY PARAMETER=-.241300
 MIXING PARAMETERS = 1.02    ********   0.000

 FWHM PARAMETERS (U,V,W,CT,Z,X,Y)=   0.0077  -0.0068   0.0075   0.0000   0.0000   0.0000   0.0000

0THE LAUE SYMMETRY IS 6/M     
 CELL VOLUME PHASE( 1 ) =     524.1749
0***Coding of variables***
 ATOM                        X         Y         Z         B         So
                           B11       B22       B33       B12       B13       B23
 O1                       160.00    171.00      0.00      0.00    131.00
                            0.00      0.00      0.00      0.00      0.00      0.00
 O2                       180.00    191.00      0.00      0.00    141.00
                            0.00      0.00      0.00      0.00      0.00      0.00
 O3                       200.00    211.00    221.00      0.00      0.00
                            0.00      0.00      0.00      0.00      0.00      0.00
 P                        230.00    241.00      0.00      0.00    151.00
                            0.00      0.00      0.00      0.00      0.00      0.00
 CA1                        0.00      0.00    271.00      0.00    291.00
                            0.00      0.00      0.00      0.00      0.00      0.00
 CA2                      250.00    261.00      0.00      0.00    121.00
                            0.00      0.00      0.00      0.00      0.00      0.00
 F                          0.00      0.00      0.00      0.00    281.00
                            0.00      0.00      0.00      0.00      0.00      0.00
 OVERALL SCALE FACTOR=   11.00
 OVERALL TEMP. FACTOR=  311.00
 DIRECT CELL PARAMETERS=  100.50  100.50  110.50    0.00    0.00  100.50
 PREFERRED ORIENTATION PARAMETERS=   60.30    0.00
 ASYMMETRY PARAMETER=  300.50
 MIXING PARAMETERS =    90.50  320.30    0.00

 FWHM PARAMETERS (U,V,W,CT,Z,X,Y)=   80.20  320.10   50.50    0.00    0.00    0.00    0.00

 ATOM =O-1  dfp,dfpp=   0.04920    0.03220  MASS=  15.999  Wlenght:1.540500
 Scat Coef.=  4.19160  12.85730   1.63969   4.17236   1.52673  47.01790 -20.30700  -0.01404  21.94120
 ATOM =CA+2 dfp,dfpp=   0.36410    1.28550  MASS=  40.080  Wlenght:1.540500
 Scat Coef.= 15.63480  -0.00740   7.95180   0.60890   8.43720  10.31160   0.85370  25.99050 -14.87500
 ATOM =F-1  dfp,dfpp=   0.07270    0.05340  MASS=  18.998  Wlenght:1.540500
 Scat Coef.=  3.63220   5.27756   3.51057  14.73530   1.26064   0.44226   0.94071  47.34370   0.65340
 LAUE SYMMETRY 6/M      WILL BE USED TO GENERATE INDICES
1The operations of the space group are
0 ( 1. 0. 0. )     ( X )     ( 0.000 )     ( X2 )
 (  0. 1. 0.  ) * (  Y  ) + (  0.000  ) = (  Y2  )
  ( 0. 0. 1. )     ( Z )     ( 0.000 )     ( Z2 )          IVEC(  1) =      755450384
0 ( 0.-1. 0. )     ( X )     ( 0.000 )     ( X2 )
 (  1.-1. 0.  ) * (  Y  ) + (  0.000  ) = (  Y2  )
  ( 0. 0. 1. )     ( Z )     ( 0.000 )     ( Z2 )          IVEC(  2) =      355942928
0 (-1. 1. 0. )     ( X )     ( 0.000 )     ( X2 )
 ( -1. 0. 0.  ) * (  Y  ) + (  0.000  ) = (  Y2  )
  ( 0. 0. 1. )     ( Z )     ( 0.000 )     ( Z2 )          IVEC(  3) =      239550992
0 (-1. 0. 0. )     ( X )     ( 0.000 )     ( X2 )
 (  0.-1. 0.  ) * (  Y  ) + (  0.000  ) = (  Y2  )
  ( 0. 0. 1. )     ( Z )     ( 0.500 )     ( Z2 )          IVEC(  4) =      145179158
0 ( 0. 1. 0. )     ( X )     ( 0.000 )     ( X2 )
 ( -1. 1. 0.  ) * (  Y  ) + (  0.000  ) = (  Y2  )
  ( 0. 0. 1. )     ( Z )     ( 0.500 )     ( Z2 )          IVEC(  5) =      544686614
0 ( 1.-1. 0. )     ( X )     ( 0.000 )     ( X2 )
 (  1. 0. 0.  ) * (  Y  ) + (  0.000  ) = (  Y2  )
  ( 0. 0. 1. )     ( Z )     ( 0.500 )     ( Z2 )          IVEC(  6) =      661078550
0 ( 1. 0. 0. )     ( X )     ( 0.000 )     ( X2 )
 (  0. 1. 0.  ) * (  Y  ) + (  0.000  ) = (  Y2  )
  ( 0. 0.-1. )     ( Z )     ( 0.500 )     ( Z2 )          IVEC(  7) =      755384854
0 ( 0.-1. 0. )     ( X )     ( 0.000 )     ( X2 )
 (  1.-1. 0.  ) * (  Y  ) + (  0.000  ) = (  Y2  )
  ( 0. 0.-1. )     ( Z )     ( 0.500 )     ( Z2 )          IVEC(  8) =      355877398
0 (-1. 1. 0. )     ( X )     ( 0.000 )     ( X2 )
 ( -1. 0. 0.  ) * (  Y  ) + (  0.000  ) = (  Y2  )
  ( 0. 0.-1. )     ( Z )     ( 0.500 )     ( Z2 )          IVEC(  9) =      239485462
0 (-1. 0. 0. )     ( X )     ( 0.000 )     ( X2 )
 (  0.-1. 0.  ) * (  Y  ) + (  0.000  ) = (  Y2  )
  ( 0. 0.-1. )     ( Z )     ( 0.000 )     ( Z2 )          IVEC( 10) =      145113616
0 ( 0. 1. 0. )     ( X )     ( 0.000 )     ( X2 )
 ( -1. 1. 0.  ) * (  Y  ) + (  0.000  ) = (  Y2  )
  ( 0. 0.-1. )     ( Z )     ( 0.000 )     ( Z2 )          IVEC( 11) =      544621072
0 ( 1.-1. 0. )     ( X )     ( 0.000 )     ( X2 )
 (  1. 0. 0.  ) * (  Y  ) + (  0.000  ) = (  Y2  )
  ( 0. 0.-1. )     ( Z )     ( 0.000 )     ( Z2 )          IVEC( 12) =      661013008
1NO.  CODE    H   K   L  MULT     HW    POSN    FACTOR  

    1   1      0   1   0     3   0.083  10.872 98.889816
    2   1      1   0   0     3   0.083  10.872 98.889816
    3   2      0   1   0     3   0.083  10.899 98.398186
    4   2      1   0   0     3   0.083  10.899 98.398186
    5   1      0   1   1     6   0.081  16.850 40.739025
    6   1      1   0   1     6   0.081  16.850 40.739025
    7   2      0   1   1     6   0.081  16.892 40.533367
    8   2      1   0   1     6   0.081  16.892 40.533367
    9   1      1   1   0     6   0.081  18.901 32.223228
   10   2      1   1   0     6   0.081  18.948 32.059494
   11   1      0   2   0     3   0.080  21.861 23.897837
   12   1      2   0   0     3   0.080  21.861 23.897837
   13   2      0   2   0     3   0.080  21.916 23.775127
   14   2      2   0   0     3   0.080  21.916 23.775127
   15   1      1   1   1    12   0.080  22.915 21.683826
   16   2      1   1   1    12   0.080  22.972 21.572041
   17   1      0   2   1     6   0.079  25.432 17.465813
   18   1      2   0   1     6   0.079  25.432 17.465813
   19   2      0   2   1     6   0.079  25.496 17.374866
   20   2      2   0   1     6   0.079  25.496 17.374866
   21   1      0   0   2     2   0.079  25.833 16.906614
   22   2      0   0   2     2   0.079  25.898 16.818434
   23   1      0   1   2     6   0.079  28.106 14.172330
   24   1      1   0   2     6   0.079  28.106 14.172330
   25   2      0   1   2     6   0.079  28.177 14.097699
   26   2      1   0   2     6   0.079  28.177 14.097699
   27   1      1   2   0     6   0.079  29.060 13.212328
   28   1      2   1   0     6   0.079  29.060 13.212328
   29   2      1   2   0     6   0.079  29.133 13.142464
   30   2      2   1   0     6   0.079  29.133 13.142464
   31   1      1   2   1    12   0.078  31.885 10.860932
   32   1      2   1   1    12   0.078  31.885 10.860932
   33   2      1   2   1    12   0.078  31.966 10.802780
   34   2      2   1   1    12   0.078  31.966 10.802780
   35   1      1   1   2    12   0.078  32.212 10.628732
   36   2      1   1   2    12   0.078  32.293 10.571740
   37   1      0   3   0     3   0.078  33.058 10.058592
   38   1      3   0   0     3   0.078  33.058 10.058592
   39   2      0   3   0     3   0.078  33.142 10.004452
   40   2      3   0   0     3   0.078  33.142 10.004452
   41   1      0   2   2     6   0.078  34.097  9.416652
   42   1      2   0   2     6   0.078  34.097  9.416652
   43   2      0   2   2     6   0.078  34.184  9.365729
   44   2      2   0   2     6   0.078  34.184  9.365729
   45   1      0   3   1     6   0.078  35.599  8.587685
   46   1      3   0   1     6   0.078  35.599  8.587685
   47   2      0   3   1     6   0.078  35.689  8.540933
   48   2      3   0   1     6   0.078  35.689  8.540933
   49   1      2   2   0     6   0.078  38.360  7.313437
   50   2      2   2   0     6   0.078  38.458  7.273135
   51   1      1   2   2    12   0.078  39.277  6.949808
   52   1      2   1   2    12   0.078  39.277  6.949808
   53   2      1   2   2    12   0.078  39.378  6.911359
   54   2      2   1   2    12   0.078  39.378  6.911359
   55   1      1   3   0     6   0.077  39.993  6.683572
   56   1      3   1   0     6   0.077  39.993  6.683572
   57   2      1   3   0     6   0.077  40.096  6.646484
   58   2      3   1   0     6   0.077  40.096  6.646484
   59   1      2   2   1    12   0.077  40.613  6.464282
   60   2      2   2   1    12   0.077  40.718  6.428319
1NO.  CODE    H   K   L  MULT     HW    POSN    FACTOR  

   61   1      0   1   3     6   0.077  40.794  6.402205
   62   1      1   0   3     6   0.077  40.794  6.402205
   63   2      0   1   3     6   0.077  40.900  6.366561
   64   2      1   0   3     6   0.077  40.900  6.366561
   65   1      1   3   1    12   0.077  42.173  5.956583
   66   1      3   1   1    12   0.077  42.173  5.956583
   67   2      1   3   1    12   0.077  42.282  5.923235
   68   2      3   1   1    12   0.077  42.282  5.923235
   69   1      0   3   2     6   0.077  42.430  5.878314
   70   1      3   0   2     6   0.077  42.430  5.878314
   71   2      0   3   2     6   0.077  42.540  5.845372
   72   2      3   0   2     6   0.077  42.540  5.845372
   73   1      1   1   3    12   0.077  43.858  5.469765
   74   2      1   1   3    12   0.077  43.972  5.438946
   75   1      0   4   0     3   0.077  44.591  5.275519
   76   1      4   0   0     3   0.077  44.591  5.275519
   77   2      0   4   0     3   0.077  44.707  5.245716
   78   2      4   0   0     3   0.077  44.707  5.245716
   79   1      0   2   3     6   0.077  45.327  5.090556
   80   1      2   0   3     6   0.077  45.327  5.090556
   81   2      0   2   3     6   0.077  45.445  5.061726
   82   2      2   0   3     6   0.077  45.445  5.061726
   83   1      0   4   1     6   0.077  46.597  4.792419
   84   1      4   0   1     6   0.077  46.597  4.792419
   85   2      0   4   1     6   0.077  46.719  4.765166
   86   2      4   0   1     6   0.077  46.719  4.765166
   87   1      2   2   2    12   0.077  46.835  4.739384
   88   2      2   2   2    12   0.077  46.958  4.712413
   89   1      1   3   2    12   0.077  48.233  4.444326
   90   1      3   1   2    12   0.077  48.233  4.444326
   91   2      1   3   2    12   0.077  48.360  4.418933
   92   2      3   1   2    12   0.077  48.360  4.418933
   93   1      2   3   0     6   0.077  48.843  4.324058
   94   1      3   2   0     6   0.077  48.843  4.324058
   95   2      2   3   0     6   0.077  48.971  4.299314
   96   2      3   2   0     6   0.077  48.971  4.299314
   97   1      1   2   3    12   0.077  49.529  4.194133
   98   1      2   1   3    12   0.077  49.529  4.194133
   99   2      1   2   3    12   0.077  49.660  4.170094
  100   2      2   1   3    12   0.077  49.660  4.170094
  101   1      2   3   1    12   0.077  50.719  3.982198
  102   1      3   2   1    12   0.077  50.719  3.982198
  103   2      2   3   1    12   0.077  50.853  3.959317
  104   2      3   2   1    12   0.077  50.853  3.959317
  105   1      1   4   0     6   0.077  51.528  3.847025
  106   1      4   1   0     6   0.077  51.528  3.847025
  107   2      1   4   0     6   0.077  51.665  3.824890
  108   2      4   1   0     6   0.077  51.665  3.824890
  109   1      0   3   3     6   0.077  52.189  3.741623
  110   1      3   0   3     6   0.077  52.189  3.741623
  111   1      0   4   2     6   0.077  52.259  3.730763
  112   1      4   0   2     6   0.077  52.259  3.730763
  113   2      0   3   3     6   0.077  52.328  3.720074
  114   2      3   0   3     6   0.077  52.328  3.720074
  115   2      0   4   2     6   0.077  52.397  3.709274
  116   2      4   0   2     6   0.077  52.397  3.709274
  117   1      0   0   4     2   0.077  53.130  3.598859
  118   2      0   0   4     2   0.077  53.271  3.578110
  119   1      1   4   1    12   0.077  53.336  3.568665
  120   1      4   1   1    12   0.077  53.336  3.568665
1NO.  CODE    H   K   L  MULT     HW    POSN    FACTOR  

  121   2      1   4   1    12   0.077  53.478  3.548086
  122   2      4   1   1    12   0.077  53.478  3.548086
  123   1      0   1   4     6   0.077  54.409  3.417664
  124   1      1   0   4     6   0.077  54.409  3.417664
  125   2      0   1   4     6   0.077  54.554  3.397944
  126   2      1   0   4     6   0.077  54.554  3.397944
  127   1      2   2   3    12   0.077  56.010  3.209801
  128   1      2   3   2    12   0.077  56.076  3.201608
  129   1      3   2   2    12   0.077  56.076  3.201608
  130   2      2   2   3    12   0.078  56.160  3.191282
  131   2      2   3   2    12   0.078  56.227  3.183136
  132   2      3   2   2    12   0.078  56.227  3.183136
  133   1      0   5   0     3   0.078  56.624  3.135141
  134   1      5   0   0     3   0.078  56.624  3.135141
  135   2      0   5   0     3   0.078  56.777  3.117059
  136   2      5   0   0     3   0.078  56.777  3.117059
  137   1      1   1   4    12   0.078  56.907  3.101741
  138   2      1   1   4    12   0.078  57.060  3.083856
  139   1      1   3   3    12   0.078  57.245  3.062566
  140   1      3   1   3    12   0.078  57.245  3.062566
  141   2      1   3   3    12   0.078  57.399  3.044914
  142   2      3   1   3    12   0.078  57.399  3.044914
  143   1      0   2   4     6   0.078  58.130  2.963506
  144   1      2   0   4     6   0.078  58.130  2.963506
  145   2      0   2   4     6   0.078  58.287  2.946446
  146   2      2   0   4     6   0.078  58.287  2.946446
  147   1      0   5   1     6   0.078  58.324  2.942443
  148   1      5   0   1     6   0.078  58.324  2.942443
  149   2      0   5   1     6   0.078  58.482  2.925510
  150   2      5   0   1     6   0.078  58.482  2.925510
  151   1      1   4   2    12   0.078  58.527  2.920657
  152   1      4   1   2    12   0.078  58.527  2.920657
  153   2      1   4   2    12   0.078  58.686  2.903856
  154   2      4   1   2    12   0.078  58.686  2.903856
  155   1      3   3   0     6   0.078  59.061  2.864686
  156   2      3   3   0     6   0.078  59.222  2.848226
  157   1      2   4   0     6   0.078  60.256  2.745551
  158   1      4   2   0     6   0.078  60.256  2.745551
  159   2      2   4   0     6   0.078  60.421  2.729826
  160   2      4   2   0     6   0.078  60.421  2.729826
  161   1      3   3   1    12   0.078  60.718  2.701730
  162   1      0   4   3     6   0.078  60.853  2.689092
  163   1      4   0   3     6   0.078  60.853  2.689092
  164   2      3   3   1    12   0.078  60.884  2.686279
  165   2      0   4   3     6   0.078  61.019  2.673721
  166   2      4   0   3     6   0.078  61.019  2.673721
  167   1      1   2   4    12   0.078  61.706  2.611721
  168   1      2   1   4    12   0.078  61.706  2.611721
  169   2      1   2   4    12   0.078  61.875  2.596842
  170   2      2   1   4    12   0.078  61.875  2.596842
  171   1      2   4   1    12   0.078  61.894  2.595224
  172   1      4   2   1    12   0.078  61.894  2.595224
  173   2      2   4   1    12   0.078  62.063  2.580451
  174   2      4   2   1    12   0.078  62.063  2.580451
  175   1      0   5   2     6   0.079  63.251  2.480960
  176   1      5   0   2     6   0.079  63.251  2.480960
  177   2      0   5   2     6   0.079  63.425  2.466931
  178   2      5   0   2     6   0.079  63.425  2.466931
  179   1      1   5   0     6   0.079  63.761  2.440266
  180   1      5   1   0     6   0.079  63.761  2.440266
1NO.  CODE    H   K   L  MULT     HW    POSN    FACTOR  

  181   2      1   5   0     6   0.079  63.937  2.426508
  182   2      5   1   0     6   0.079  63.937  2.426508
  183   1      0   3   4     6   0.079  64.025  2.419735
  184   1      3   0   4     6   0.079  64.025  2.419735
  185   2      0   3   4     6   0.079  64.201  2.406115
  186   2      3   0   4     6   0.079  64.201  2.406115
  187   1      2   3   3    12   0.079  64.339  2.395585
  188   1      3   2   3    12   0.079  64.339  2.395585
  189   2      2   3   3    12   0.079  64.517  2.382128
  190   2      3   2   3    12   0.079  64.517  2.382128
  191   1      1   5   1    12   0.079  65.348  2.321066
  192   1      5   1   1    12   0.079  65.348  2.321066
  193   2      1   5   1    12   0.079  65.530  2.308119
  194   2      5   1   1    12   0.079  65.530  2.308119
  195   1      3   3   2    12   0.079  65.539  2.307477
  196   2      3   3   2    12   0.079  65.721  2.294624
  197   1      1   4   3    12   0.079  66.607  2.233968
  198   1      4   1   3    12   0.079  66.607  2.233968
  199   1      2   4   2    12   0.079  66.667  2.229973
  200   1      4   2   2    12   0.079  66.667  2.229973
  201   2      1   4   3    12   0.079  66.793  2.221634
  202   2      4   1   3    12   0.079  66.793  2.221634
  203   2      2   4   2    12   0.079  66.853  2.217667
  204   2      4   2   2    12   0.079  66.853  2.217667
  205   1      2   2   4    12   0.080  67.420  2.181002
  206   2      2   2   4    12   0.080  67.608  2.169051
  207   1      1   3   4    12   0.080  68.532  2.112395
  208   1      3   1   4    12   0.080  68.532  2.112395
  209   2      1   3   4    12   0.080  68.725  2.100953
  210   2      3   1   4    12   0.080  68.725  2.100953
  211   1      0   1   5     6   0.080  69.090  2.079651
  212   1      1   0   5     6   0.080  69.090  2.079651
  213   2      0   1   5     6   0.080  69.285  2.068458
  214   2      1   0   5     6   0.080  69.285  2.068458
  215   1      0   6   0     3   0.080  69.384  2.062778
  216   1      6   0   0     3   0.080  69.384  2.062778
  217   2      0   6   0     3   0.080  69.580  2.051715
  218   2      6   0   0     3   0.080  69.580  2.051715
  219   1      1   5   2    12   0.080  69.997  2.028572
  220   1      5   1   2    12   0.080  69.997  2.028572
  221   2      1   5   2    12   0.080  70.195  2.017777
  222   2      5   1   2    12   0.080  70.195  2.017777
  223   1      3   4   0     6   0.080  70.483  2.002350
  224   1      4   3   0     6   0.080  70.483  2.002350
  225   2      3   4   0     6   0.080  70.682  1.991763
  226   2      4   3   0     6   0.080  70.682  1.991763
  227   1      0   6   1     6   0.081  70.908  1.979962
  228   1      6   0   1     6   0.081  70.908  1.979962
  229   1      0   5   3     6   0.081  71.033  1.973490
  230   1      5   0   3     6   0.081  71.033  1.973490
  231   2      0   6   1     6   0.081  71.110  1.969556
  232   2      6   0   1     6   0.081  71.110  1.969556
  233   2      0   5   3     6   0.081  71.235  1.963136
  234   2      5   0   3     6   0.081  71.235  1.963136
  235   1      1   1   5    12   0.081  71.283  1.960702
  236   2      1   1   5    12   0.081  71.486  1.950454
  237   1      0   4   4     6   0.081  71.822  1.933719
  238   1      4   0   4     6   0.081  71.822  1.933719
  239   1      3   4   1    12   0.081  71.996  1.925208
  240   1      4   3   1    12   0.081  71.996  1.925208
1NO.  CODE    H   K   L  MULT     HW    POSN    FACTOR  

  241   2      0   4   4     6   0.081  72.027  1.923695
  242   2      4   0   4     6   0.081  72.027  1.923695
  243   2      3   4   1    12   0.081  72.202  1.915255
  244   2      4   3   1    12   0.081  72.202  1.915255
  245   1      0   2   5     6   0.081  72.369  1.907264
  246   1      2   0   5     6   0.081  72.369  1.907264
  247   2      0   2   5     6   0.081  72.576  1.897464
  248   2      2   0   5     6   0.081  72.576  1.897464
  249   1      2   5   0     6   0.081  72.657  1.893627
  250   1      5   2   0     6   0.081  72.657  1.893627
  251   2      2   5   0     6   0.081  72.865  1.883944
  252   2      5   2   0     6   0.081  72.865  1.883944
  253   1      3   3   3    12   0.081  73.201  1.868574
  254   2      3   3   3    12   0.081  73.411  1.859110
  255   1      2   5   1    12   0.082  74.153  1.826658
  256   1      5   2   1    12   0.082  74.153  1.826658
  257   1      2   4   3    12   0.082  74.276  1.821424
  258   1      4   2   3    12   0.082  74.276  1.821424
  259   2      2   5   1    12   0.082  74.367  1.817571
  260   2      5   2   1    12   0.082  74.367  1.817571
  261   2      2   4   3    12   0.082  74.490  1.812385
  262   2      4   2   3    12   0.082  74.490  1.812385
  263   1      2   3   4    12   0.082  75.051  1.789258
  264   1      3   2   4    12   0.082  75.051  1.789258
  265   2      2   3   4    12   0.082  75.269  1.780520
  266   2      3   2   4    12   0.082  75.269  1.780520
0******* CODEWORD  10 is used   3 times **
0******* CODEWORD  32 is used   2 times **

 R-P        =    41.89%
 R-WP       =    58.27%
 R-EXPECTED =     6.41%
 S          =     9.10     SQRT(RESIDUAL/N-P)GOODNESS OF FIT
 D - W D    =     0.09     UNWEIGHTED DURBIN-WATSON STATISTIC D
0N-P        =     2968

       SUMYDIF       SUMYOBS      SUMYCALC      SUMWYOBSSQ      RESIDUAL      CONDITION
     0.3030E+06    0.7234E+06    0.5145E+06    0.7234E+06    0.2456E+06    0.0000E+00

1++++++++++++++++++++++++++++++++++++++++++++++++++++++++++++++++++++++++++++++++++++++++++++++++++++++++++++++++++++++++

 CYCLE NUMBER=   1
0PHASE  1: Fluorapatite                                      
 NEW PARAMETERS, SHIFTS, AND STANDARD DEVIATIONS=

 ATOM     X      DX     SX      Y      DY     SY      Z      DZ     SZ      B      DB     SB      So     DSo    SSo
 O1     0.3254 0.0000 0.1061  0.3612-0.0862 0.0954  0.2500 0.0000 0.0000  0.0000 0.0000 0.0000  0.3095 0.0174 0.3803
 O2     0.5891 0.0000 0.1487 -0.0182-0.3526 0.1915  0.2500 0.0000 0.0000  0.0000 0.0000 0.0000  1.0461 0.8082 0.2899
 O3     0.3396 0.0000 0.0208  0.2769-0.0355 0.0166  0.0492-0.0440 0.0257  0.0000 0.0000 0.0000  1.0000 0.0000 0.0000
 P      0.3965 0.0000 0.0165  0.3325-0.0015 0.0197  0.2500 0.0000 0.0000  0.0000 0.0000 0.0000  0.7196-0.0492 0.4388
 CA1    0.3333 0.0000 0.0000  0.6667 0.0000 0.0000  0.0402 0.0467 0.0738  0.0000 0.0000 0.0000  0.8672 0.2860 0.2602
 CA2    0.2414 0.0000 0.0250  1.0759 0.0619 0.0421  0.2500 0.0000 0.0000  0.0000 0.0000 0.0000  0.4756 0.1659 0.1591
 F      0.0000 0.0000 0.0000  0.0000 0.0000 0.0000  0.2500 0.0000 0.0000  0.0000 0.0000 0.0000  1.9523 0.4556 0.5744
0ATOM       B11      DB11      SB11       B22      DB22      SB22       B33      DB33      SB33
            B12      DB12      SB12       B13      DB13      SB13       B23      DB23      SB23
 O1    0.003500  0.000000  0.000000  0.002600  0.000000  0.000000  0.004100  0.000000  0.000000
       0.002300  0.000000  0.000000  0.000000  0.000000  0.000000  0.000000  0.000000  0.000000
 O2    0.001600  0.000000  0.000000  0.002400  0.000000  0.000000  0.007000  0.000000  0.000000
       0.000700  0.000000  0.000000  0.000000  0.000000  0.000000  0.000000  0.000000  0.000000
 O3    0.006100  0.000000  0.000000  0.003100  0.000000  0.000000  0.003100  0.000000  0.000000
       0.002900  0.000000  0.000000  0.002100  0.000000  0.000000  0.001400  0.000000  0.000000
 P     0.001400  0.000000  0.000000  0.001200  0.000000  0.000000  0.001700  0.000000  0.000000
       0.000700  0.000000  0.000000  0.000000  0.000000  0.000000  0.000000  0.000000  0.000000
 CA1   0.001100  0.000000  0.000000  0.003000  0.000000  0.000000  0.003000  0.000000  0.000000
       0.002000  0.000000  0.000000  0.001500  0.000000  0.000000  0.000000  0.000000  0.000000
 CA2   0.002000  0.000000  0.000000  0.002000  0.000000  0.000000  0.002700  0.000000  0.000000
       0.001100  0.000000  0.000000  0.000000  0.000000  0.000000  0.000000  0.000000  0.000000
 F     0.002500  0.000000  0.000000  0.002500  0.000000  0.000000  0.012900  0.000000  0.000000
       0.001200  0.000000  0.000000  0.000000  0.000000  0.000000  0.000000  0.000000  0.000000
0OVERALL SCALE FACTOR=0.777E-030.401E-030.266E-03
0OVERALL TEMP. FACTOR=  27.1954  16.0720   4.2182
0CELL PARAMETERS=
   9.375545   0.001245   0.002343
   9.375545   0.001245   0.002343
   6.886949  -0.000651   0.002136
    90.0000     0.0000     0.0000
    90.0000     0.0000     0.0000
   120.0000     0.0000     0.0000
0PREFERRED ORIENTATION PARAMETERS=
  1.27034 0.14467 0.11784
  0.00000 0.00000 0.00000
0ASYMMETRY PARAMETER=
 -0.25869-0.01739 0.11277
0LORENTZIAN HALF WIDTH PARAMS (X AND Y) 
  0.00000 0.00000 0.00000
  0.00000 0.00000 0.00000

0MIXING PARAMETERS 
 NA= 0.8748    -.1481     1.385    
 NB= -.5217E-02-.1017E-020.3778E-01
 NC=     0.0000    0.0000    0.0000

0FWHM PARAMETERS=
 U =   0.005062 -0.002598  0.042778
 V =  -0.007169 -0.000339  0.037775
 W =   0.008684  0.001214  0.004690
 CT=   0.000000  0.000000  0.000000
 Z =   0.000000  0.000000  0.000000

Volume=   524.265(+/-)  0.247 UCW=  783.45 U.C.Density =   2.482 gr/cm^3
                     _____________________________
 PHASE =  1 => %MASS = 100.00(+/-)  0.00  %MOLAR = 100.00(+/-)  0.00


0GLOBAL PARAMETERS
 ZEROPOINT (ZER)             :  0.0000  0.0000  0.0000
 SAMPLE DISPLACEMENT (DISP)  : -0.0156  0.0007  0.0211
 SAMPLE TRANSPARENCY (TRANSP):  0.0000  0.0000  0.0000
 ROUGHNESS PARAMETERS        :
              P              :  0.0000  0.0000  0.0000
              Q              :  0.0000  0.0000  0.0000
              R              :  1.0000  0.0000  0.0000
              T              :  0.0000  0.0000  0.0000

 AMORPHOUS SCALE (SCAM):  0.0000  0.0000  0.0000

 MONOCROMATOR BANDPASS PARAMETERS (PMONI) 
  0.0000  0.0000  0.0000  0.0000  0.0000  0.0000

0BACKGROUND PARAMETERS
  75.9718    -5.71820     9.96696    
  150.894    -26.6358     45.7024    
  496.814    -23.5355     44.8481    
     0.000000    0.000000    0.000000
     0.000000    0.000000    0.000000
     0.000000    0.000000    0.000000


0CORRELATION MATRIX=
0         1     2     3     4     5     6     7     8     9    10    11    12    13    14    15    16    17    18    19
    1   100     2     3     0    10   -17    -3   -10     6    -2    -1   -77    52   -50   -79   -22   -39   -36   -26
    2     2   100    -2    -3    30     0    -3   -19     0   -92   -82     0     0     0     1    -1     0     1     1
    3     3    -2   100    96     0     0    89     1    -4     2     2    -1     0    -1    -4    -3     5     3     3
    4     0    -3    96   100    -1     0    98     3    -9     4     3     0    -1    -1    -4    -4     6     4     4
    5    10    30     0    -1   100    -2    -1   -88   -55   -21   -18    -6     2    -6    -1     1     0     2     2
    6   -17     0     0     0    -2   100     0     3     0     0     0    21     6    40     0    -4    21   -18    -2
    7    -3    -3    89    98    -1     0   100     3   -12     4     3     0    -1     0    -3    -3     5     3     4
    8   -10   -19     1     3   -88     3     3   100    61    18    16     8    -1     7     2     0     0    -1    -1
    9     6     0    -4    -9   -55     0   -12    61   100    -2     0     9    -3     7     6     0     1     0    -1
   10    -2   -92     2     4   -21     0     4    18    -2   100    79     0     0     0    -1     2     1     0     0
   11    -1   -82     2     3   -18     0     3    16     0    79   100     0     0     0     0     2     0     0     0
   12   -77     0    -1     0    -6    21     0     8     9     0     0   100   -65    79    84    11    56    37    33
   13    52     0     0    -1     2     6    -1    -1    -3     0     0   -65   100   -34   -58   -12   -72   -64   -57
   14   -50     0    -1    -1    -6    40     0     7     7     0     0    79   -34   100    55     3    33     0    11
   15   -79     1    -4    -4    -1     0    -3     2     6    -1     0    84   -58    55   100    10    49    47    40
   16   -22    -1    -3    -4     1    -4    -3     0     0     2     2    11   -12     3    10   100    22   -14   -11
   17   -39     0     5     6     0    21     5     0     1     1     0    56   -72    33    49    22   100    42    41
   18   -36     1     3     4     2   -18     3    -1     0     0     0    37   -64     0    47   -14    42   100    85
   19   -26     1     3     4     2    -2     4    -1    -1     0     0    33   -57    11    40   -11    41    85   100
   20    29     0    -1    -1     0    -4    -1     0    -1     0     0   -70    64   -59   -57     1   -60   -43   -46
   21   -16     0    -1    -2     7   -18    -1    -6    -4     0     0   -10   -42   -39    11    44    31    38    35
   22    34     0     8     8     1    36     7     0    -3     1     1   -44     2   -35   -63    -6     4    -1    -1
   23    36     0     6     6     3    -1     5    -3    -4     1     1   -33   -16   -34   -45   -25    -8    34    22
   24     3     1     5     6    -2    11     5     3     1     0     0     0   -20    -3    -6   -73     8    23     9
   25    -1     0    -6    -6    -3   -27    -5     4     4     0     1   -11    16   -15   -10    22   -47   -29   -30
   26    30     0    -2    -4    -1    17    -4     2     0     1     0   -27    59     9   -35    12   -62   -68   -46
   27   -33     1     3     5    -1    -1     5     2     2    -1     0    42   -55    19    42   -46    48    75    52
   28   -86     0    -4    -3    -7    42    -3     8     9     0     0    73   -40    59    76    15    41    26    19
   29   -74     2    -1     0    -4    50     0     5     6    -1    -1    90   -45    83    78     4    50    22    23
   30     2   -54     4     4   -24     0     2    10     9    28    27     1     0     0     0     1     0     0     0
   31    29     9    -6   -17    12    23   -20   -12    33   -10    -7    18    -6    26    19   -19    22     1     8
   32    -5    -2     7    12    50     0    14   -59   -98     5     2    -9     4    -6    -5     0     0     1     2
0        20    21    22    23    24    25    26    27    28    29    30    31    32
    1    29   -16    34    36     3    -1    30   -33   -86   -74     2    29    -5
    2     0     0     0     0     1     0     0     1     0     2   -54     9    -2
    3    -1    -1     8     6     5    -6    -2     3    -4    -1     4    -6     7
    4    -1    -2     8     6     6    -6    -4     5    -3     0     4   -17    12
    5     0     7     1     3    -2    -3    -1    -1    -7    -4   -24    12    50
    6    -4   -18    36    -1    11   -27    17    -1    42    50     0    23     0
    7    -1    -1     7     5     5    -5    -4     5    -3     0     2   -20    14
    8     0    -6     0    -3     3     4     2     2     8     5    10   -12   -59
    9    -1    -4    -3    -4     1     4     0     2     9     6     9    33   -98
   10     0     0     1     1     0     0     1    -1     0    -1    28   -10     5
   11     0     0     1     1     0     1     0     0     0    -1    27    -7     2
   12   -70   -10   -44   -33     0   -11   -27    42    73    90     1    18    -9
   13    64   -42     2   -16   -20    16    59   -55   -40   -45     0    -6     4
   14   -59   -39   -35   -34    -3   -15     9    19    59    83     0    26    -6
   15   -57    11   -63   -45    -6   -10   -35    42    76    78     0    19    -5
   16     1    44    -6   -25   -73    22    12   -46    15     4     1   -19     0
   17   -60    31     4    -8     8   -47   -62    48    41    50     0    22     0
   18   -43    38    -1    34    23   -29   -68    75    26    22     0     1     1
   19   -46    35    -1    22     9   -30   -46    52    19    23     0     8     2
   20   100    15    33    -1     1    47    39   -48   -19   -59     1   -37     3
   21    15   100    22    16   -23     3   -35     4     9   -21     0   -20     5
   22    33    22   100    67    35   -14    -9     3   -24   -34     0   -14     4
   23    -1    16    67   100    43   -16   -19    28   -39   -36     0    -7     5
   24     1   -23    35    43   100    -7   -28    54     6     2     0     7     0
   25    47     3   -14   -16    -7   100    55   -51     0   -23     0   -25    -4
   26    39   -35    -9   -19   -28    55   100   -80   -17   -13     1     3     0
   27   -48     4     3    28    54   -51   -80   100    29    33     0     8    -1
   28   -19     9   -24   -39     6     0   -17    29   100    82     3     4    -8
   29   -59   -21   -34   -36     2   -23   -13    33    82   100    -1    28    -5
   30     1     0     0     0     0     0     1     0     3    -1   100     0    -3
   31   -37   -20   -14    -7     7   -25     3     8     4    28     0   100   -34
   32     3     5     4     5     0    -4     0    -1    -8    -5    -3   -34   100

 R-P        =    46.35%
 R-WP       =    76.60%
 R-EXPECTED =     6.41%
 S          =    11.89     SQRT(RESIDUAL/N-P)GOODNESS OF FIT
 D - W D    =     0.09     UNWEIGHTED DURBIN-WATSON STATISTIC D
0N-P        =     3000

       SUMYDIF       SUMYOBS      SUMYCALC      SUMWYOBSSQ      RESIDUAL      CONDITION
     0.3353E+06    0.7234E+06    0.5435E+06    0.7234E+06    0.4244E+06    0.0000E+00


0AVERAGE INTENSITY DIFFERENCE FOR PATTERN,
0GIVEN FOR BLOCKS OF 20 OBSERVATIONS.
0         1   -6.0   2   -6.2   3   -6.4   4   -6.5   5   -6.6   6   -6.7   7   -6.9   8   -7.0   9   -7.1  10   -7.2
0        11   -7.4  12   -7.5  13   -7.7  14  -47.3  15  *****  16   -8.1  17   -9.7  18   -8.2  19   -8.3  20   -8.5
0        21   -8.6  22   -8.7  23   -8.7  24   -8.9  25   -9.0  26   -9.1  27   -9.2  28   -9.3  29   -9.3  30   -9.5
0        31   -9.6  32   -9.7  33   -9.8  34   -9.8  35  -10.0  36  -10.0  37  -10.0  38  -10.2  39  -10.3  40  -10.4
0        41  -10.4  42  -10.5  43  -10.6  44  -10.6  45  -10.7  46  -10.8  47  -10.9  48  -10.9  49  -11.0  50  -11.1
0        51  *****  52  *****  53  -63.9  54  113.8  55  *****  56  212.2  57   -3.4  58  *****  59  -32.4  60  -53.2
0        61  *****  62  -14.2  63  -11.7  64  -11.7  65  -11.8  66   -3.6  67  275.5  68  *****  69  -44.7  70  352.3
0        71  *****  72   15.8  73  *****  74  -34.0  75  -12.9  76  -12.9  77  -34.3  78  -12.6  79  -12.1  80  -12.1
0        81  -12.1  82  -10.2  83   59.1  84  *****  85   28.2  86  -39.4  87  -16.0  88  -27.1  89  -29.8  90  -54.5
0        91  -12.7  92  -12.0  93  -11.1  94  -15.3  95   -8.4  96   43.5  97  -11.1  98  -12.8  99  -13.1 100  -13.3
0       101  -12.7 102  -12.3 103  -11.9 104  -12.9 105  -16.1 106  -11.3 107   -5.3 108  -13.0 109  -18.2 110  -17.8
0       111  -12.6 112  -21.6 113   -7.9 114  211.2 115  101.4 116   -9.6 117  -20.1 118  -11.7 119  -11.7 120  -11.3
0       121  -14.5 122  -11.6 123  -11.0 124  -11.0 125   -9.6 126   75.6 127   87.3 128  -15.5 129  -13.4 130  -10.6
0       131  -10.9 132  -10.0 133   25.2 134   17.5 135   15.7 136  240.6 137   -4.1 138   -9.8 139  -10.8 140   -9.9
0       141   -9.6 142   -9.7 143   -8.6 144   26.2 145   74.3 146   -7.9 147   -9.4 148   -9.1 149   -9.1 150   -8.7
0       151   -7.7 152   -4.3 153  151.2 154   50.8 155   -6.8 156   -7.9 157   -8.2 158   -7.8 159   -7.4 160   -2.8
0       161  220.6 162  324.5 163    2.2 164   -6.4 165   -7.3 166   -7.2 167   -4.8 168    6.2 169   -5.5 170   -2.8
0       171   -6.1 172   -6.0 173   -5.9 174   -5.8 175   -5.7 176   -0.3

1PHASE NO. =   1     PHASE NAME Fluorapatite                                      
0NO.  CODE     H   K   L    FWHM    POSN    ICALC      IOBS      FCALC     FOBS   PHASE_C
    1   1      0   1   0   0.090  10.871     5789.     -235.   146.792    29.577     0.00
    2   1      1   0   0   0.090  10.871     5789.     -235.   146.792    29.577     0.00
    3   2      0   1   0   0.090  10.898     2868.      -93.
    4   2      1   0   0   0.090  10.898     2868.      -93.
   21   1      0   0   2   0.085  25.836      865.      364.   460.730   298.794  -180.00
   22   2      0   0   2   0.085  25.901      430.      374.
   23   1      0   1   2   0.085  28.108     1364.     -150.   380.607   126.202  -180.00
   24   1      1   0   2   0.085  28.108     1364.     -150.   380.607   126.202  -180.00
   25   2      0   1   2   0.085  28.179      678.     -105.
   26   2      1   0   2   0.085  28.179      678.     -105.
   27   1      1   2   0   0.085  29.057     1202.     -169.   240.211    89.984     0.00
   28   1      2   1   0   0.085  29.057     2195.     -308.   324.617   121.603  -180.00
   29   2      1   2   0   0.085  29.130      598.     -101.
   30   2      2   1   0   0.085  29.130     1092.     -184.
   31   1      1   2   1   0.084  31.883     2129.     2400.   324.547   344.626  -180.00
   32   1      2   1   1   0.084  31.883     2155.     2430.   326.552   346.755  -180.00
   33   2      1   2   1   0.084  31.964     1059.      644.
   34   2      2   1   1   0.084  31.964     1072.      652.
   35   1      1   1   2   0.084  32.213      824.       67.   271.974    77.309     0.00
   36   2      1   1   2   0.084  32.294      410.      -38.
   37   1      0   3   0   0.084  33.054     6923.    26284.  1148.562  2237.936     0.00
   38   1      3   0   0   0.084  33.054     6923.    26284.  1148.562  2237.936     0.00
   39   2      0   3   0   0.084  33.138     3443.    12777.
   40   2      3   0   0   0.084  33.138     3443.    12777.
   41   1      0   2   2   0.083  34.098     1214.     -166.   532.435   196.764  -180.00
   42   1      2   0   2   0.083  34.098     1214.     -166.   532.435   196.764  -180.00
   43   2      0   2   2   0.083  34.184      604.     -125.
   44   2      2   0   2   0.083  34.184      604.     -125.
   45   1      0   3   1   0.083  35.596      159.     -177.   169.559   179.005  -180.00
   46   1      3   0   1   0.083  35.596      159.     -177.   169.559   179.005     0.00
   47   2      0   3   1   0.083  35.686       79.     -133.
   48   2      3   0   1   0.083  35.686       79.     -133.
   49   1      2   2   0   0.082  38.355      400.    24643.   311.910  2448.569     0.00
   50   2      2   2   0   0.082  38.454      199.    12112.
   51   1      1   2   2   0.082  39.276       98.      -30.   158.131    87.361  -180.00
   52   1      2   1   2   0.082  39.276      332.     -101.   291.003   160.768  -180.00
   53   2      1   2   2   0.082  39.377       49.      -45.
   54   2      2   1   2   0.082  39.377      165.     -154.
   55   1      1   3   0   0.082  39.988       26.      -25.    93.031    90.937     0.00
   56   1      3   1   0   0.082  39.988      180.     -172.   242.827   237.363  -180.00
   57   2      1   3   0   0.082  40.091       13.      -17.
   58   2      3   1   0   0.082  40.091       90.     -117.
   59   1      2   2   1   0.082  40.609      727.     -297.   394.407   252.371  -180.00
   60   2      2   2   1   0.082  40.714      361.     -200.
   61   1      0   1   3   0.082  40.798       42.      -44.   210.170   213.987     0.00
   62   1      1   0   3   0.082  40.798       42.      -44.   210.170   213.987  -180.00
   63   2      0   1   3   0.082  40.904       21.      -51.
   64   2      1   0   3   0.082  40.904       21.      -51.
   65   1      1   3   1   0.082  42.169        9.      -19.    50.437    73.355     0.00
   66   1      3   1   1   0.082  42.169       54.     -115.   123.908   180.210     0.00
   67   2      1   3   1   0.082  42.278        4.      -14.
   68   2      3   1   1   0.082  42.278       27.      -82.
   69   1      0   3   2   0.082  42.429       10.      -44.    92.179   193.264     0.00
   70   1      3   0   2   0.082  42.429       10.      -44.    92.179   193.264     0.00
   71   2      0   3   2   0.082  42.539        5.      -34.
   72   2      3   0   2   0.082  42.539        5.      -34.
   73   1      1   1   3   0.081  43.861       11.      -96.    97.067   284.581  -180.00
   74   2      1   1   3   0.081  43.975        6.      -62.
   75   1      0   4   0   0.081  44.586       16.      -68.   159.315   324.197  -180.00
   76   1      4   0   0   0.081  44.586       16.      -68.   159.315   324.197  -180.00
0NO.  CODE     H   K   L    FWHM    POSN    ICALC      IOBS      FCALC     FOBS   PHASE_C
   77   2      0   4   0   0.081  44.702        8.      -49.
   78   2      4   0   0   0.081  44.702        8.      -49.
   79   1      0   2   3   0.081  45.329        8.      -54.   126.512   338.906  -180.00
   80   1      2   0   3   0.081  45.329        8.      -54.   126.512   338.905     0.00
   81   2      0   2   3   0.081  45.448        4.      -37.
   82   2      2   0   3   0.081  45.448        4.      -37.
   83   1      0   4   1   0.081  46.592       16.      -59.   142.434   273.530  -180.00
   84   1      4   0   1   0.081  46.592       16.      -59.   142.434   273.530     0.00
   85   2      0   4   1   0.081  46.714        8.      -30.
   86   2      4   0   1   0.081  46.714        8.      -30.
   87   1      2   2   2   0.081  46.833       44.     -118.   200.615   327.747     0.00
   88   2      2   2   2   0.081  46.955       22.     -101.
   89   1      1   3   2   0.081  48.231       17.      -32.   140.601   192.525     0.00
   90   1      3   1   2   0.081  48.231       87.     -164.   319.441   437.413  -180.00
   91   2      1   3   2   0.081  48.357        8.      -23.
   92   2      3   1   2   0.081  48.357       43.     -119.
   93   1      2   3   0   0.080  48.836        2.       -4.    56.699    79.908  -180.00
   94   1      3   2   0   0.080  48.836       88.     -175.   392.214   552.766     0.00
   95   2      2   3   0   0.080  48.965        1.       -3.
   96   2      3   2   0   0.080  48.965       44.     -132.
   97   1      1   2   3   0.080  49.531      139.     -207.   548.752   668.268     0.00
   98   1      2   1   3   0.080  49.531        3.       -5.    82.352   100.288     0.00
   99   2      1   2   3   0.080  49.661       69.     -157.
  100   2      2   1   3   0.080  49.661        2.       -4.
  101   1      2   3   1   0.080  50.713       81.     2925.   336.900  2022.479     0.00
  102   1      3   2   1   0.080  50.713        5.      185.    84.768   508.881  -180.00
  103   2      2   3   1   0.080  50.847       40.      324.
  104   2      3   2   1   0.080  50.847        3.       21.
  105   1      1   4   0   0.080  51.521       13.      -21.   196.122   247.151     0.00
  106   1      4   1   0   0.080  51.521      113.     -179.   577.525   727.788     0.00
  107   2      1   4   0   0.080  51.658        6.      -16.
  108   2      4   1   0   0.080  51.658       56.     -139.
  109   1      0   3   3   0.080  52.190        3.      -32.   152.814   470.686     0.00
  110   1      3   0   3   0.080  52.190        3.      -32.   152.814   470.686  -180.00
  111   1      0   4   2   0.080  52.255        1.      -14.    80.173   260.824  -180.00
  112   1      4   0   2   0.080  52.255        1.      -14.    80.173   260.825  -180.00
  113   2      0   3   3   0.080  52.328        2.      -18.
  114   2      3   0   3   0.080  52.328        2.      -18.
  115   2      0   4   2   0.080  52.394        1.       -7.
  116   2      4   0   2   0.080  52.394        1.       -7.
  117   1      0   0   4   0.080  53.136       34.     -121.  1102.418  2082.552     0.00
  118   2      0   0   4   0.080  53.277       17.      -56.
  119   1      1   4   1   0.080  53.330       16.      -61.   194.357   376.477     0.00
  120   1      4   1   1   0.080  53.330        5.      -20.   112.789   218.476     0.00
  121   2      1   4   1   0.080  53.472        8.      -58.
  122   2      4   1   1   0.080  53.472        3.      -20.
  123   1      0   1   4   0.080  54.414        1.       -6.    94.239   311.792     0.00
  124   1      1   0   4   0.080  54.414        1.       -6.    94.239   311.792     0.00
  125   2      0   1   4   0.080  54.560        0.       -3.
  126   2      1   0   4   0.080  54.560        0.       -3.
  127   1      2   2   3   0.079  56.009        3.       -3.   139.944   140.613     0.00
  128   1      2   3   2   0.079  56.072       31.      -18.   397.198   299.579  -180.00
  129   1      3   2   2   0.079  56.072       99.      -56.   710.507   535.886  -180.00
  130   2      2   2   3   0.079  56.160        1.       -2.
  131   2      2   3   2   0.079  56.222       15.      -30.
  132   2      3   2   2   0.079  56.222       49.      -96.
  133   1      0   5   0   0.079  56.617        0.        0.    13.495    43.253     0.00
  134   1      5   0   0   0.079  56.617        0.        0.    13.495    43.253     0.00
  135   2      0   5   0   0.079  56.769        0.        0.
  136   2      5   0   0   0.079  56.769        0.        0.
0NO.  CODE     H   K   L    FWHM    POSN    ICALC      IOBS      FCALC     FOBS   PHASE_C
  137   1      1   1   4   0.079  56.912        0.        0.    18.201    59.286  -180.00
  138   2      1   1   4   0.079  57.065        0.        0.
  139   1      1   3   3   0.079  57.244        6.      -58.   234.012   713.580  -180.00
  140   1      3   1   3   0.079  57.244        1.      -13.   109.517   333.952  -180.00
  141   2      1   3   3   0.079  57.398        3.      -32.
  142   2      3   1   3   0.079  57.398        1.       -7.
  143   1      0   2   4   0.079  58.134        0.       14.    68.802   643.023     0.00
  144   1      2   0   4   0.079  58.134        0.       14.    68.802   643.025     0.00
  145   2      0   2   4   0.079  58.291        0.        4.
  146   2      2   0   4   0.079  58.291        0.        4.
  147   1      0   5   1   0.079  58.317        0.        7.    44.620   298.744  -180.00
  148   1      5   0   1   0.079  58.317        0.        7.    44.620   298.743     0.00
  149   2      0   5   1   0.079  58.475        0.        0.
  150   2      5   0   1   0.079  58.475        0.        0.
  151   1      1   4   2   0.079  58.523        5.       -6.   195.552   229.184     0.00
  152   1      4   1   2   0.079  58.523        1.       -2.   103.456   121.249  -180.00
  153   2      1   4   2   0.079  58.681        2.        2.
  154   2      4   1   2   0.079  58.681        1.        1.
  155   1      3   3   0   0.079  59.053       18.     3163.   496.893  6583.870     0.00
  156   2      3   3   0   0.079  59.213        9.     1483.
  157   1      2   4   0   0.079  60.248        4.      -22.   252.155   625.607  -180.00
  158   1      4   2   0   0.079  60.248       10.      -64.   426.659  1058.556     0.00
  159   2      2   4   0   0.079  60.412        2.      -16.
  160   2      4   2   0   0.079  60.412        5.      -46.
  161   1      3   3   1   0.079  60.710        0.        0.     5.047    15.550     0.00
  162   1      0   4   3   0.079  60.852        2.      -16.   243.019   757.559     0.00
  163   1      4   0   3   0.079  60.852        2.      -16.   243.019   757.560  -180.00
  164   2      3   3   1   0.079  60.876        0.        0.
  165   2      0   4   3   0.079  61.018        1.       -8.
  166   2      4   0   3   0.079  61.018        1.       -8.
  167   1      1   2   4   0.079  61.710        0.       -2.    78.221   242.210     0.00
  168   1      2   1   4   0.079  61.710        1.       -5.   121.958   377.641  -180.00
  169   2      1   2   4   0.079  61.879        0.       -1.
  170   2      2   1   4   0.079  61.879        0.       -2.
  171   1      2   4   1   0.079  61.886        0.        0.    22.210    67.291  -180.00
  172   1      4   2   1   0.079  61.886        0.       -2.    56.736   171.894  -180.00
  173   2      2   4   1   0.079  62.056        0.        0.
  174   2      4   2   1   0.079  62.056        0.       -1.
  175   1      0   5   2   0.079  63.245        5.      -27.   471.520  1077.767  -180.00
  176   1      5   0   2   0.079  63.245        5.      -27.   471.520  1077.767  -180.00
  177   2      0   5   2   0.079  63.419        3.      -22.
  178   2      5   0   2   0.079  63.419        3.      -22.
  179   1      1   5   0   0.079  63.752        0.       -4.   131.018   397.147     0.00
  180   1      5   1   0   0.079  63.752        0.       -1.    47.140   142.893  -180.00
  181   2      1   5   0   0.079  63.928        0.       -2.
  182   2      5   1   0   0.079  63.928        0.        0.
  183   1      0   3   4   0.079  64.027        2.      -21.   457.728  1358.513     0.00
  184   1      3   0   4   0.079  64.027        2.      -21.   457.728  1358.513     0.00
  185   2      0   3   4   0.079  64.204        1.      -10.
  186   2      3   0   4   0.079  64.204        1.      -10.
  187   1      2   3   3   0.079  64.337        0.       -2.    85.310   254.629     0.00
  188   1      3   2   3   0.079  64.337        2.      -17.   257.785   769.428  -180.00
  189   2      2   3   3   0.079  64.515        0.       -1.
  190   2      3   2   3   0.079  64.515        1.       -9.
  191   1      1   5   1   0.079  65.340        1.       -7.   163.954   434.838     0.00
  192   1      5   1   1   0.079  65.340        1.       -9.   182.819   484.875  -180.00
  193   2      1   5   1   0.079  65.521        0.       -2.
  194   2      5   1   1   0.079  65.521        1.       -3.
  195   1      3   3   2   0.079  65.533        0.        0.    50.976   104.706     0.00
  196   2      3   3   2   0.079  65.715        0.        0.
0NO.  CODE     H   K   L    FWHM    POSN    ICALC      IOBS      FCALC     FOBS   PHASE_C
  197   1      1   4   3   0.078  66.604        0.       -1.   139.768   194.913  -180.00
  198   1      4   1   3   0.078  66.604        0.        0.    44.457    61.998  -180.00
  199   1      2   4   2   0.078  66.660        1.       -2.   161.835   307.868  -180.00
  200   1      4   2   2   0.078  66.660        1.       -3.   200.440   381.309  -180.00
  201   2      1   4   3   0.078  66.790        0.       -1.
  202   2      4   1   3   0.078  66.790        0.        0.
  203   2      2   4   2   0.078  66.847        0.       -2.
  204   2      4   2   2   0.078  66.847        0.       -3.
  205   1      2   2   4   0.078  67.421        0.       -1.   115.880   334.860     0.00
  206   2      2   2   4   0.078  67.610        0.       -1.
  207   1      1   3   4   0.078  68.534        0.        0.    55.972   148.712  -180.00
  208   1      3   1   4   0.078  68.534        0.        0.    49.636   131.878  -180.00
  209   2      1   3   4   0.078  68.727        0.        0.
  210   2      3   1   4   0.078  68.727        0.        0.
  211   1      0   1   5   0.078  69.097        0.        1.    95.823   519.809     0.00
  212   1      1   0   5   0.078  69.097        0.        1.    95.823   519.809  -180.00
  213   2      0   1   5   0.078  69.292        0.        4.
  214   2      1   0   5   0.078  69.292        0.        4.
  215   1      0   6   0   0.078  69.374        0.      154.   208.927  6131.586     0.00
  216   1      6   0   0   0.078  69.374        0.      154.   208.927  6131.585     0.00
  217   2      0   6   0   0.078  69.570        0.       42.
  218   2      6   0   0   0.078  69.570        0.       42.
  219   1      1   5   2   0.078  69.990        1.        3.   212.504   516.105  -180.00
  220   1      5   1   2   0.078  69.990        0.        2.   189.507   460.252  -180.00
  221   2      1   5   2   0.078  70.188        0.       -1.
  222   2      5   1   2   0.078  70.188        0.       -1.
  223   1      3   4   0   0.078  70.472        0.       -3.   276.834   709.427  -180.00
  224   1      4   3   0   0.078  70.472        0.        0.    14.370    36.826     0.00
  225   2      3   4   0   0.078  70.672        0.       -2.
  226   2      4   3   0   0.078  70.672        0.        0.
  227   1      0   6   1   0.078  70.899        0.        0.    70.220   189.814     0.00
  228   1      6   0   1   0.078  70.899        0.        0.    70.220   189.814  -180.00
  229   1      0   5   3   0.078  71.029        1.       -4.   377.954  1015.908  -180.00
  230   1      5   0   3   0.078  71.029        1.       -4.   377.954  1015.908     0.00
  231   2      0   6   1   0.078  71.100        0.        0.
  232   2      6   0   1   0.078  71.100        0.        0.
  233   2      0   5   3   0.078  71.231        0.       -2.
  234   2      5   0   3   0.078  71.231        0.       -2.
  235   1      1   1   5   0.078  71.290        1.       -4.   402.596  1060.370     0.00
  236   2      1   1   5   0.078  71.493        0.       -2.
  237   1      0   4   4   0.078  71.823        0.        0.    90.826   346.114  -180.00
  238   1      4   0   4   0.078  71.823        0.        0.    90.826   346.114  -180.00
  239   1      3   4   1   0.078  71.986        0.        0.    49.833    83.678  -180.00
  240   1      4   3   1   0.078  71.986        0.        0.    24.810    41.656  -180.00
  241   2      0   4   4   0.078  72.028        0.        0.
  242   2      4   0   4   0.078  72.028        0.        0.
  243   2      3   4   1   0.078  72.192        0.        0.
  244   2      4   3   1   0.078  72.192        0.        0.
  245   1      0   2   5   0.078  72.375        0.       -2.   441.741  1009.615  -180.00
  246   1      2   0   5   0.078  72.375        0.       -2.   441.741  1009.615     0.00
  247   2      0   2   5   0.078  72.582        0.       -1.
  248   2      2   0   5   0.078  72.582        0.       -1.
  249   1      2   5   0   0.078  72.647        1.        0.   419.941   236.953     0.00
  250   1      5   2   0   0.078  72.647        1.        0.   363.303   204.995     0.00
  251   2      2   5   0   0.078  72.855        0.       -1.
  252   2      5   2   0   0.078  72.855        0.       -1.
  253   1      3   3   3   0.078  73.196        0.        0.    77.452   190.768     0.00
  254   2      3   3   3   0.078  73.407        0.        0.
  255   1      2   5   1   0.078  74.142        0.       -1.   151.742   365.727     0.00
  256   1      5   2   1   0.078  74.142        0.       -1.   129.137   311.244     0.00
0NO.  CODE     H   K   L    FWHM    POSN    ICALC      IOBS      FCALC     FOBS   PHASE_C
  257   1      2   4   3   0.078  74.271        0.        0.    30.702    73.784  -180.00
  258   1      4   2   3   0.078  74.271        0.       -1.   224.075   538.508     0.00
  259   2      2   5   1   0.078  74.356        0.        0.
  260   2      5   2   1   0.078  74.356        0.        0.
  261   2      2   4   3   0.078  74.485        0.        0.
  262   2      4   2   3   0.078  74.485        0.       -1.
  263   1      2   3   4   0.079  75.051        0.        0.   158.322   378.799     0.00
  264   1      3   2   4   0.079  75.051        0.        0.   158.322   378.799     0.00
  265   2      2   3   4   0.079  75.268        0.        0.
  266   2      3   2   4   0.079  75.268        0.        0.
0 DERIVED BRAGG R-FACTOR =  121.29
0 DERIVED R-F            =    68.80
1PARAMETERS IN EACH CYCLE
0CYCLE    1         2         3         4         5         6         7         8         9        10        11        12
  0)  0.3760E-03-.1630E-010.8169E+020.1775E+030.7470E-020.1126E+010.5203E+030.7660E-020.1023E+010.9374E+010.6888E+010.3097E+00
  1)  0.7774E-03-.1564E-010.7597E+020.1509E+030.8684E-020.1270E+010.4968E+030.5062E-020.8748E+000.9376E+010.6887E+010.4756E+00
0CYCLE   13        14        15        16        17        18        19        20        21        22        23        24
  0)  0.2921E+000.2379E+000.7688E+000.3254E+000.4474E+000.5891E+000.3344E+000.3396E+000.3124E+000.9324E-010.3965E+000.3341E+00
  1)  0.3095E+000.1046E+010.7196E+000.3254E+000.3612E+000.5891E+00-.1816E-010.3396E+000.2769E+000.4923E-010.3965E+000.3325E+00
0CYCLE   25        26        27        28        29        30        31        32
  0)  0.2414E+000.1014E+01-.6500E-020.1497E+010.5812E+00-.2413E+000.1112E+02-.4200E-02
  1)  0.2414E+000.1076E+010.4025E-010.1952E+010.8672E+00-.2587E+000.2720E+02-.5217E-02
1R-VALUE VARIATION WITH CYCLE
0CYCLE    R-P     R-WP      S      D-W D
  0)     41.89   58.27    9.05    0.09
  1)     46.35   76.60   11.89    0.09
1APPLIED PARAMETER SHIFT IN EACH CYCLE
0CYCLE    1         2         3         4         5         6         7         8         9        10        11        12
  1)  0.4014E-030.6630E-03-.5718E+01-.2664E+020.1214E-020.1447E+00-.2354E+02-.2598E-02-.1481E+000.1245E-02-.6514E-030.1659E+00
0CYCLE   13        14        15        16        17        18        19        20        21        22        23        24
  1)  0.1737E-010.8082E+00-.4920E-010.0000E+00-.8623E-010.0000E+00-.3526E+000.0000E+00-.3545E-01-.4401E-010.0000E+00-.1542E-02
0CYCLE   25        26        27        28        29        30        31        32
  1)  0.0000E+000.6194E-010.4675E-010.4556E+000.2860E+00-.1739E-010.1607E+02-.1017E-02
 -------------------------------------------------------     
  program pw_DBWS3 run on 2001/01/08, at 13:48
   CPU time :        1.590000 seconds 
 -------------------------------------------------------     
