1RIETVELD ANALYSIS PROGRAM DBWS-9807, RELEASE  21.09.98,
   COPYRIGHT 1998 BY R.A.YOUNG,
   SEE APPENDIX B ON COPYRIGHT-AND-FAIR-USE IN USERS GUIDE FOR CONDITIONS,
   THIS PROGRAM SHOULD BE CITED IN ALL WORK TO WHICH IT HAS CONTRIBUTED AS AN UPGRADE OF:
  "DBWS-9411 - an upgrade of the DBWS programs for Rietveld
   Refinement with PC and mainframe computers",
   J. Appl. Cryst., Vol. 28, 366-7; 1995
 PROGRAM PARAMETERS:
 IDSZ=20000    IRS= 2048    NATS= 128     MSZ=140     NOV= 256
 Powder v3 config file                 c60 test                        
 PATTERN CALCULATION,XRAY
 READ DATA IN TRADITIONAL DBWS FORMAT
 NUMBER OF PHASES=    1
 NUMBER OF EXCLUDED REGIONS=    0
 NUMBER OF SCATTERING SETS=    0
 BACKGROUND TO BE REFINED  
 GAUSSIAN PROFILE, NPROF =    0
 IPREF=0, UDA-RIETVELD PREFERRED ORIENTATION FUNCTION
 IABSR=2, CORRECTION OF SURFACE ROUGHNESS BY, SPARKS, ET AL.
 IASYM=0, Usual Rietveld Asymmetry
 NO AMOPHOUS AND COMPTON CORRECTION TO THE BGD
 OUTPUT OBSERVED AND CALCULATED INTENSITIES ON LAST CYCLE
 OUTPUT ABSOLUTE VALUES OF STRUCTURE FACTORS + PHASE ANGLE
 WAVELENGTHS=    1.54050  1.54430  LAMDA MEAN =    1.54177
 ALPHA2:ALPHA1 RATIO =    .5000
 BASE OF PEAK = 2.0*HW*    8.00
 MONOCHROMATOR CORRECTION =   .8009
 ABSORPTION CORRECTION COEFFICIENT =   1.0000 CM-1
 SLAB-WIDTH =    .0000 CM.
 RIETVELD ASYMMETRY CORRECTION FOR ANGLES LESS THAN   35.000 DEGREES
 NUMBER OF CYCLES =    1
 RELAXATION FACTORS
 FOR COORDINATES=  .95
 FOR ANISOTRPIC TEMPERATURE FACTORS=  .95
 FOR FWHM PARAMETERS=   .95
 FOR LATTICE CONSTANTS=  .95
 EPS-VALUE=    .1
 NUMBER OF PARAMETERS VARIED=    0
 GLOBAL PARAMETERS AND CODEWORDS
 ZEROPOINT=     .00     .00
 BACKGROUND PARAMETERS AND CODEWORDS
 ORIGIN OF BACKGROUND POLYNOMIAL AT TWO-THETA =   90.000DEGREES
 77.3000     198.730     539.290     .000000     .000000     .000000    
    .000        .000        .000        .000        .000        .000
 DISPLACEMENT PEAKSHIFT PARAMETER AND CODEWORD    -.04     .00
 TRANSPARENCY PEAKSHIFT PARAMETER AND CODEWORD     .00     .00
 SURFACE ROUGHNESS P PARAMETER AND CODEWORD    .0000    .0000
 SURFACE ROUGHNESS Q PARAMETER AND CODEWORD    .0000    .0000
 SURFACE ROUGHNESS R PARAMETER AND CODEWORD   1.0000    .0000
 SURFACE ROUGHNESS T PARAMETER AND CODEWORD    .0000    .0000

1PHASE  1
 c60 test                                          
 NUMBER OF ATOMS=    1
 NUMBER OF FORMULA UNITS PER UNIT CELL=    4
 PARTICLE ABSORPTION FACTOR =   1.0000
 PREFERRED ORIENTATION VECTOR=    .0000   .0000   .0000

0THE SPACE GROUP IS F M 3 M             
 The multiplicity of the general site is 192

 ***INITIAL PARAMETERS***
 ATOM    M NTYP              X         Y         Z         B        So
                           B11       B22       B33       B12       B13       B23
 c60     1 O-1            .00000    .00000    .00000   9.50000   1.00000
                          .00000    .00000    .00000    .00000    .00000    .00000
 OVERALL SCALE FACTOR= 1.00000    
 OVERALL TEMP. FACTOR=      .04540
 DIRECT CELL PARAMETERS=  14.1569  14.1569  14.1569  90.0000  90.0000  90.0000
 PREFERRED ORIENTATION PARAMETERS=   .991   .000
 ASYMMETRY PARAMETER=-.133760
 MIXING PARAMETERS = .647    .800E-03.000    

 FWHM PARAMETERS (U,V,W,CT,Z,X,Y)=    .0098   -.0051    .0064    .0000    .0000    .0000    .0000

0THE LAUE SYMMETRY IS M3M     
 CELL VOLUME PHASE( 1 ) =    2837.2950
0***Coding of variables***
 ATOM                        X         Y         Z         B         So
                           B11       B22       B33       B12       B13       B23
 c60                         .00       .00       .00       .00       .00
                             .00       .00       .00       .00       .00       .00
 OVERALL SCALE FACTOR=     .00
 OVERALL TEMP. FACTOR=     .00
 DIRECT CELL PARAMETERS=     .00     .00     .00     .00     .00     .00
 PREFERRED ORIENTATION PARAMETERS=     .00     .00
 ASYMMETRY PARAMETER=     .00
 MIXING PARAMETERS =      .00     .00     .00

 FWHM PARAMETERS (U,V,W,CT,Z,X,Y)=     .00     .00     .00     .00     .00     .00     .00

 ATOM =O-1  dfp,dfpp=    .04920     .03220  MASS=  15.999  Wlenght:1.540500
 Scat Coef.=  4.19160  12.85730   1.63969   4.17236   1.52673  47.01790 -20.30700   -.01404  21.94120
 LAUE SYMMETRY M3M      WILL BE USED TO GENERATE INDICES
