0* * * * * * * * * * * * * * * * * * * * * * * * * * * * * * * * * * * * * * * * 
0Powder v4.0 S1286 90MR21 Y286 DOUBLE  T=19X2        15.000                      
0* * * * * * * * * * * * * * * * * * * * * * * * * * * * * * * * * * * * * * * * 
1 ISKIP1 ISKIP2  PKBG1  PKBG2   CURV               IPRNT1 IPRNT2   LAAG IBROAD IALFA2  GAMMA  REFLIN HWBST 

     100    150   0.00  25.00   0.30                    0      1      1      1      0   0.00  13.00  0.100

0   STEPW  THMON RADIUS     FM   DLOL RATHWB SKWPOS  MAXPK DSTMIN MAXPNT   FRNL  IPGST        IASMRF   SKEW 

 0.020000   0.00   0.00   0.000.00249   3.00 180.00      8   1.00   9000   0.50      2             1    5.0


0   HWMIN FACSTD IDIFFR SIGDEF ITERSG 

      0.0    1.0      1   0.15      2
0NUMBER OF POINTS    3900
0TRUNCATION INTERVALS 
 LOWER LIMIT    UPPER LIMIT 
0        51        52

0 RESULTS OF THE ROUTINE NOISE  ACTING ON    
 Powder v4.0 S1286 90MR21 Y286 DOUBLE  T=19X2        15.000                      
0NUMBER OF      UPPER LIMIT OF     STAND.DEV. OF NOISE 
 DATA BLOCK     DATA BLOCK         IN DATA BLOCK 
0    1               724            0.10
0    2              1300            0.10
0    3              1848            0.11
0    4              2419            0.08
0    5              2942            0.09
0    6              3900            0.08
1RESULTS OF THE PEAK GROUP DETECTION ACTING ON    
 Powder v4.0 S1286 90MR21 Y286 DOUBLE  T=19X2        15.000                      
0PEAK GROUPS  

      NR          BEGIN            END                AREA       LARGEST VALUE
0      1            8.0           90.0              707.00              107.48
       2          234.0          248.0               22.71                3.73
       3          339.0          349.0                9.14                1.56
       4          486.0          500.0               44.14                7.57
       5          538.0          553.0               42.94                6.59
       6          665.0          708.0              299.49               40.10
       7          793.0          819.0               91.76               12.15
       8          836.0          867.0              118.09               16.61
       9          965.0         1071.0             1459.11               90.74
      10         1089.0         1120.0              179.64               23.57
      11         1173.0         1189.0               30.76                4.27
      12         1355.0         1375.0               44.36                5.83
      13         1383.0         1416.0              180.65               22.63
      14         1426.0         1444.0               24.55                2.95
      15         1501.0         1530.0               53.40                5.71
      16         1587.0         1604.0               34.70                4.57
      17         1626.0         1638.0                9.81                1.41
      18         1661.0         1677.0               29.04                3.95
      19         1725.0         1760.0              209.86               25.15
      20         1801.0         1827.0               95.78               12.29
      21         1838.0         1854.0               25.93                3.46
      22         1859.0         1896.0              258.03               31.44
      23         1922.0         1952.0              120.57               15.25
      24         1964.0         1993.0              111.50               14.13
      25         1999.0         2028.0              101.79               11.58
      26         2041.0         2078.0              140.77               16.03
      27         2118.0         2124.0                2.28                0.51
      28         2192.0         2220.0               55.71                6.38
      29         2251.0         2275.0               26.13                3.00
      30         2312.0         2330.0               14.05                1.53
      31         2350.0         2357.0                3.31                0.66
      32         2406.0         2428.0               35.25                4.12
      33         2428.0         2450.0               33.99                3.91
      34         2479.0         2508.0               47.93                3.87
      35         2549.0         2632.0              214.24               10.02
      36         2657.0         2691.0               61.13                5.79
      37         2726.0         2747.0               20.74                1.90
      38         2895.0         2915.0               17.69                1.92
      39         2988.0         3022.0               39.49                3.93
      40         3026.0         3049.0               24.37                2.72
      41         3102.0         3131.0               47.52                3.53
      42         3150.0         3158.0                4.31                0.81
      43         3160.0         3199.0               51.84                4.86
      44         3219.0         3291.0              119.98                6.83
      45         3316.0         3348.0               56.59                5.41
      46         3441.0         3447.0                1.94                0.43
      47         3466.0         3474.0                4.38                0.83
      48         3493.0         3499.0                2.44                0.52
      49         3505.0         3515.0                9.42                1.66
      50         3519.0         3526.0                2.75                0.53
      51         3536.0         3542.0                2.00                0.43
      52         3559.0         3565.0                2.60                0.56
      53         3570.0         3606.0               41.99                3.40
      54         3609.0         3643.0               37.53                3.13
      55         3664.0         3669.0                1.86                0.41
      56         3687.0         3697.0                7.31                1.27
      57         3701.0         3709.0                3.05                0.54
      58         3763.0         3827.0               71.64                3.32
1RESULTS OF THE PEAK DETECTION ACTING ON    
 Powder v4.0 S1286 90MR21 Y286 DOUBLE  T=19X2        15.000                      
0PEAKGROUP                          PEAK            POSITION              HEIGHT

         1                             1               -52.0              -83.91                2.50


         2                             1               242.0                3.73                2.50


         3                             1               345.0                1.56                2.41


         4                             1               493.0                7.57                2.39


         5                             1               546.0                6.59                2.67


         6                             1               672.0                2.33                2.89
                                       2               692.0               40.10               -2.89

         7                             1               805.0               12.15                3.09


         8                             1               853.0               16.61                2.91


         9                             1               994.0               90.52                3.12
                                       2              1011.0               39.09               -3.12
                                       3              1053.0               62.19                3.12

        10                             1              1105.0               23.57                3.12


        11                             1              1180.0                4.27                2.95


        12                             1              1364.0                5.67                2.30
                                       2              1370.0                2.25               -2.30

        13                             1              1400.0               21.92                2.41
                                       2              1406.0                8.98               -2.41

        14                             1              1431.0                2.95                3.41


        15                             1              1509.0                5.51                2.43
                                       2              1515.0                2.34               -2.43
                                       3              1522.0                1.21                2.43

        16                             1              1593.0                4.49                2.23
                                       2              1600.0                1.90               -2.23

        17                             1             -1630.0                1.41                2.85


        18                             1              1666.0                3.80                2.12
                                       2              1673.0                1.82               -2.12

        19                             1              1742.0               24.60                2.41
                                       2              1749.0               11.31               -2.41

        20                             1              1812.0               12.07                2.20
                                       2              1819.0                5.78               -2.20

        21                             1              1842.0                3.41                2.11
                                       2              1849.0                1.64               -2.11

        22                             1              1877.0               30.79                2.34
                                       2              1884.0               14.36               -2.34

        23                             1              1936.0               14.97                2.23
                                       2              1943.0                7.21               -2.23

        24                             1              1977.0               13.87                2.22
                                       2              1984.0                6.75               -2.22

        25                             1              2013.0               11.38                2.49
                                       2              2021.0                5.38               -2.49

        26                             1              2057.0               15.61                2.45
                                       2              2064.0                8.00               -2.45

        27                             1             -2121.0                0.51                1.84


        28                             1              2204.0                6.28                2.43
                                       2              2212.0                3.15               -2.43

        29                             1              2263.0                2.95                2.49
                                       2              2271.0                1.35               -2.49

        30                             1              2317.0                1.51                2.26
                                       2              2326.0                1.03               -2.26

        31                             1             -2354.0                0.66                2.04


        32                             1              2413.0                4.08                2.37
                                       2              2422.0                2.02               -2.37

        33                             1              2436.0                3.87                2.39
                                       2              2445.0                1.97               -2.39

        34                             1              2486.0                3.44                2.35
                                       2              2495.0                3.78               -2.35
                                       3              2504.0                1.13                2.35

        35                             1              2563.0                9.90                2.49
                                       2              2572.0                4.96               -2.49
                                       3              2589.0                1.41                2.49
                                       4              2602.0                7.26               -2.49
                                       5              2611.0                3.64                2.49
                                       6              2618.0                5.30               -2.49
                                       7              2627.0                2.78                2.49

        36                             1              2668.0                5.70                2.46
                                       2              2677.0                3.82               -2.46
                                       3              2687.0                0.67                2.46

        37                             1              2732.0                1.86                3.04
                                       2              2741.0                0.93               -3.04

        38                             1              2900.0                1.91                2.51
                                       2              2911.0                0.98               -2.51

        39                             1              3001.0                3.88                2.79
                                       2              3011.0                1.92               -2.79

        40                             1              3033.0                2.71                2.48
                                       2              3044.0                1.32               -2.48

        41                             1              3108.0                1.93                2.79
                                       2              3115.0                3.36               -2.79
                                       3              3126.0                1.66                2.79

        42                             1             -3154.0                0.81                2.18


        43                             1              3171.0                0.90                2.71
                                       2              3180.0                4.79               -2.71
                                       3              3191.0                2.13                2.71

        44                             1              3224.0                1.80                2.82
                                       2              3236.0                0.86               -2.82
                                       3              3248.0                2.04                2.82
                                       4              3260.0                6.76               -2.82
                                       5              3273.0                4.47                2.82
                                       6              3286.0                1.49               -2.82

        45                             1              3321.0                0.92                2.62
                                       2              3330.0                5.35               -2.62
                                       3              3341.0                2.55                2.62

        46                             1             -3444.0                0.43                1.87


        47                             1             -3470.0                0.83                2.15


        48                             1             -3496.0                0.52                1.91


        49                             1              3510.0                1.66                2.33


        50                             1             -3522.0                0.53                2.14


        51                             1             -3539.0                0.43                1.89


        52                             1             -3562.0                0.56                1.90


        53                             1              3574.0                0.99                2.97
                                       2              3588.0                3.38               -2.97
                                       3              3601.0                1.42                2.97

        54                             1              3614.0                1.40                2.67
                                       2              3626.0                3.10               -2.67
                                       3              3639.0                1.27                2.67

        55                             1             -3666.0                0.41                1.87


        56                             1              3692.0                1.27                2.37


        57                             1             -3705.0                0.54                2.32


        58                             1              3770.0                3.28                2.94
                                       2              3782.0                2.47               -2.94
                                       3              3795.0                0.98                2.94
                                       4              3807.0                2.04               -2.94
                                       5              3821.0                1.19                2.94
0  1 PEAKGROUP   BEGIN    11    END    90           1 PEAKS       SHIFTS --ALFA2  0.00  -SECOND COATING  0.00
     WIDTH CONST ASYMM INTC/O POSITION HEIGHT  AREA  POSITION HEIGHT  AREA  POSITION HEIGHT  AREA  POSITION HEIGHT AREA
 BEGIN 2.50                     -52.00  -83.9       
