 ON THIS PAGE THE CARD IMAGES OF THE INPUT CARDS ARE PRINTED. 

  NR     CONTENTS   

        0        10        20        30        40        50        60        70        80
        I....|....I....|....I....|....I....|....I....|....I....|....I....|....I....|....I
   1     Powder v3.beta - 06/11/2001 09:10:41 - scw f2                                   
   2      1 4-1-1-1 3.00 4.50   1.54056  0                0                      8.0000  
   3         0.0000       4.0       12.                                                  
   4     17.9850                                                                         
   5     21.7650                                                                         
   6     22.7650                                                                         
   7     27.6450                                                                         
   8     29.4050                                                                         
   9     29.6050                                                                         
  10     29.8850                                                                         
  11     30.5850                                                                         
  12     32.4050                                                                         
  13     33.0650                                                                         
  14     37.8650                                                                         
  15     43.6850                                                                         
  16     44.3250                                                                         
  17     45.1450                                                                         
  18     46.4850                                                                         
  19     47.4450                                                                         
  20     51.6850                                                                         
  21     55.7850                                                                         
  22     55.9450                                                                         
  23     57.0650                                                                         
  24     57.7850                                                                         
  25     67.7650                                                                         
  26     67.8450                                                                         
  27     67.9850                                                                         
  28     69.3450                                                                         
  29     72.1050                                                                         
  30     72.7650                                                                         
  31     76.2050                                                                         
  32     0.0                                                                             
  33     END                                                                             
