1
                             --------------------------------------------------------------------
                             | Powder v4.0 - 28/05/2003 17:14:01 -                              |
                             --------------------------------------------------------------------

                                                          INPUT DATA
                                                          **********
                                  EXPERIMENTAL                                   EXPERIMENTAL
                                    2-THETA                                          ERROR

                                     20.499                                         0.030
                                     29.147                                         0.030
                                     33.776                                         0.030
                                     35.899                                         0.030
                                     39.834                                         0.030
                                     43.477                                         0.030
                                     46.886                                         0.030
                                     48.516                                         0.030
                                     50.111                                         0.030
                                     53.195                                         0.030
                                     56.161                                         0.030
                                     57.606                                         0.030
                                     59.027                                         0.030
                                     60.422                                         0.030
                                     61.809                                         0.030
                                     64.517                                         0.030
                                     69.772                                         0.030
                                     71.051                                         0.030
                                     72.329                                         0.030
                                     73.591                                         0.030
                                     74.844                                         0.030
                                     77.334                                         0.030
                                     78.571                                         0.030
                                     81.036                                         0.030
                                     84.687                                         0.030
                                     87.118                                         0.030
                                     90.745                                         0.030
                                     91.956                                         0.030


                                           ******************************************

                    -------------  PARAMETER LIMITS  --------------     --------  VOLUME LIMITS  ---------
                    |                                             |     |                                |
                    |              A MAXIMUM = 20.00              |     |                                |
                    |                                             |     |    VOLUME MINIMUM =  100.00    |
                    |              B MAXIMUM = 20.00              |     |                                |
                    |                                             |     |    VOLUME MAXIMUM = 1500.00    |
                    |              C MAXIMUM = 20.00              |     |                                |
                    |                                             |     |                                |
                    -----------------------------------------------     ----------------------------------


                                                     WAVELENGTH = 1.540600

     LOWER FIGURE OF MERIT REQUIRED FOR PRINTED SOLUTION(S) :  M( 28) =   5.0




                                  ************************************************************
                                  **                                                        **
                                  **  ATTENTION  : VOSDONNEES SONT-ELLES IRREPROCHABLES ?  **
                                  **  WARNING  :   ARE YOUR DATA IRREPROACHABLE ?           **
                                  **                                                        **
                                  ************************************************************





                                                  SEARCH OF CUBIC SOLUTION(S)
                                                  ***************************




          VOLUME-DOMAIN BEING SCANNED       LOWER BOUND =   100.00A**3     HIGHER BOUND =  1500.00A**3
          ===========================


        CUBIC SYSTEM
        ------------


                     C U B I C    S Y S T E M 

      DIRECT PARAMETERS :               A= 10.60532         VOLUME= 1192.809
      STANDARD DEVIATIONS :                 0.00012

      H   K   L          DOBS      DCAL    DOBS-DCAL      QOBS      QCAL      2TH.OBS   2TH.CAL   DIF.2TH.

      2   1   1        4.32905   4.32960  -0.00055      0.05336   0.05335      20.499   20.497    0.003
      2   2   2        3.06131   3.06149  -0.00018      0.10671   0.10669      29.147   29.146    0.002
      4   0   0        2.65160   2.65133   0.00027      0.14223   0.14226      33.776   33.780   -0.004
      3   3   0        2.49955   2.49970  -0.00015      0.16006   0.16004      35.899   35.896    0.002
      4   1   1                  2.49970  -0.00015                0.16004               35.896    0.002
      3   3   2        2.26120   2.26106   0.00014      0.19558   0.19560      39.834   39.837   -0.003
      4   3   1        2.07980   2.07987  -0.00008      0.23118   0.23117      43.477   43.476    0.002
      5   1   0                  2.07987  -0.00008                0.23117               43.476    0.002
      5   2   1        1.93621   1.93626  -0.00004      0.26674   0.26673      46.886   46.885    0.001
      4   4   0        1.87493   1.87477   0.00015      0.28447   0.28451      48.516   48.520   -0.004
      4   3   3        1.81889   1.81880   0.00009      0.30226   0.30230      50.111   50.114   -0.003
      5   3   0                  1.81880   0.00009                0.30230               50.114   -0.003
      5   3   2        1.72050   1.72041   0.00009      0.33782   0.33786      53.195   53.198   -0.003
      6   1   1                  1.72041   0.00009                0.33786               53.198   -0.003
      5   4   1        1.63646   1.63644   0.00002      0.37341   0.37342      56.161   56.162   -0.001
      6   2   2        1.59878   1.59881  -0.00003      0.39122   0.39121      57.606   57.605    0.001
      6   3   1        1.56366   1.56367  -0.00001      0.40900   0.40899      59.027   59.026    0.001
      4   4   4        1.53084   1.53075   0.00009      0.42672   0.42677      60.422   60.426   -0.004
      5   4   3        1.49977   1.49982  -0.00004      0.44458   0.44455      61.809   61.807    0.002
      5   5   0                  1.49982  -0.00004                0.44455               61.807    0.002
      7   1   0                  1.49982  -0.00004                0.44455               61.807    0.002
      5   5   2        1.44322   1.44320   0.00002      0.48010   0.48012      64.517   64.518   -0.001
      6   3   3                  1.44320   0.00002                0.48012               64.518   -0.001
      7   2   1                  1.44320   0.00002                0.48012               64.518   -0.001
      6   5   1        1.34680   1.34688  -0.00007      0.55130   0.55124      69.772   69.768    0.004
      7   3   2                  1.34688  -0.00007                0.55124               69.768    0.004
      8   0   0        1.32568   1.32566   0.00001      0.56902   0.56903      71.051   71.051   -0.001
      5   5   4        1.30536   1.30542  -0.00006      0.58687   0.58681      72.329   72.325    0.004
      7   4   1                  1.30542  -0.00006                0.58681               72.325    0.004
      8   1   1                  1.30542  -0.00006                0.58681               72.325    0.004
      6   4   4        1.28607   1.28608  -0.00002      0.60461   0.60459      73.591   73.590    0.001
      8   2   0                  1.28608  -0.00002                0.60459               73.590    0.001
      6   5   3        1.26760   1.26758   0.00003      0.62235   0.62237      74.844   74.846   -0.002
      7   4   3        1.23289   1.23284   0.00004      0.65789   0.65794      77.334   77.337   -0.003
      7   5   0                  1.23284   0.00004                0.65794               77.337   -0.003
      8   3   1                  1.23284   0.00004                0.65794               77.337   -0.003
      6   6   2        1.21655   1.21651   0.00004      0.67568   0.67572      78.571   78.574   -0.003
      8   4   0        1.18565   1.18571  -0.00006      0.71135   0.71128      81.036   81.031    0.005
      6   5   5        1.14360   1.14360   0.00000      0.76463   0.76463      84.687   84.687    0.000
      7   6   1                  1.14360   0.00000                0.76463               84.687    0.000
      9   2   1                  1.14360   0.00000                0.76463               84.687    0.000
      7   5   4        1.11783   1.11790  -0.00007      0.80029   0.80019      87.118   87.112    0.007
      8   5   1                  1.11790  -0.00007                0.80019               87.112    0.007
      9   3   0                  1.11790  -0.00007                0.80019               87.112    0.007
      8   4   4        1.08236   1.08240  -0.00004      0.85361   0.85354      90.745   90.740    0.005
      7   7   0        1.07124   1.07130  -0.00006      0.87142   0.87132      91.956   91.950    0.007
      8   5   3                  1.07130  -0.00006                0.87132               91.950    0.007
      9   4   1                  1.07130  -0.00006                0.87132               91.950    0.007


          * NUMBER OF LINES
               .- INPUT DATA =  28
               .- CALCULATED = 137


          * MEAN ABSOLUTE DISCREPANCIES
                                              <Q> =0.3439E-04
                                 <DELTA(2-THETA)> =0.2739E-02
               MAX. ERROR ACCEPTED (DEG. 2-THETA) =0.4500E-01


          * FIGURES OF MERIT
                 1.- M( 28) =   92.5                         (REF. 4)
                 2.- F( 28) =   74.6(0.0027, 137)            (REF. 5)

                                                   ---------


          ITERATION NUMBER AT EACH DICHOTOMY LEVEL :              3       1       1       1       1       1       1


                                              END OF SEARCH FOR CUBIC SOLUTION(S)
                                              ***********************************




                             SEARCH OF TETRAGONAL AND/OR HEXAGONAL AND/OR ORTHORHOMBIC SOLUTION(S)
                             *********************************************************************



          VOLUME-DOMAIN BEING SCANNED       LOWER BOUND =   100.00A**3     HIGHER BOUND =   500.00A**3
          ===========================


        TETRAGONAL SYSTEM
        -----------------


                    T E T R A G O N A L   S Y S T E M  

      DIRECT PARAMETERS :               A=  7.49945     C=  5.30255         VOLUME=  298.225
      STANDARD DEVIATIONS :                 0.00020         0.00019

      H   K   L          DOBS      DCAL    DOBS-DCAL      QOBS      QCAL      2TH.OBS   2TH.CAL   DIF.2TH.

      1   0   1        4.32905   4.32961  -0.00056      0.05336   0.05335      20.499   20.497    0.003
      2   0   1        3.06131   3.06157  -0.00026      0.10671   0.10669      29.147   29.145    0.003
      0   0   2        2.65160   2.65127   0.00032      0.14223   0.14226      33.776   33.781   -0.004
      2   2   0                  2.65146   0.00014                0.14224               33.778   -0.002
      1   0   2        2.49955   2.49966  -0.00011      0.16006   0.16004      35.899   35.897    0.002
      3   0   0                  2.49982  -0.00027                0.16002               35.895    0.004
      3   0   1        2.26120   2.26114   0.00006      0.19558   0.19559      39.834   39.835   -0.001
      2   1   2        2.07980   2.07988  -0.00009      0.23118   0.23116      43.477   43.475    0.002
      3   2   0                  2.07997  -0.00018                0.23114               43.473    0.004
      3   2   1        1.93621   1.93633  -0.00012      0.26674   0.26671      46.886   46.883    0.003
      2   2   2        1.87493   1.87480   0.00013      0.28447   0.28451      48.516   48.519   -0.004
      4   0   0                  1.87486   0.00006                0.28449               48.517   -0.002
      3   0   2        1.81889   1.81882   0.00007      0.30226   0.30229      50.111   50.113   -0.002
      4   1   0                  1.81888   0.00001                0.30227               50.112    0.000
      4   1   1        1.72050   1.72048   0.00002      0.33782   0.33783      53.195   53.195   -0.001
      3   2   2        1.63646   1.63647  -0.00001      0.37341   0.37341      56.161   56.161    0.000
      2   0   3        1.59878   1.59880  -0.00001      0.39122   0.39121      57.606   57.606    0.000
      4   2   1                  1.59888  -0.00009                0.39117               57.603    0.004
      2   1   3        1.56366   1.56366   0.00000      0.40900   0.40899      59.027   59.027    0.000
      4   0   2        1.53084   1.53078   0.00006      0.42672   0.42675      60.422   60.425   -0.002
      4   1   2        1.49977   1.49986  -0.00008      0.44458   0.44453      61.809   61.805    0.004
      4   3   0                  1.49989  -0.00012                0.44451               61.804    0.005
      5   0   0                  1.49989  -0.00012                0.44451               61.804    0.005
      3   0   3        1.44322   1.44320   0.00002      0.48010   0.48011      64.517   64.517   -0.001
      4   3   1                  1.44326  -0.00004                0.48008               64.514    0.002
      5   0   1                  1.44326  -0.00004                0.48008               64.514    0.002
      3   2   3        1.34680   1.34689  -0.00008      0.55130   0.55124      69.772   69.767    0.005
      5   2   1                  1.34694  -0.00013                0.55120               69.764    0.008
      4   4   0        1.32568   1.32573  -0.00005      0.56902   0.56897      71.051   71.047    0.003
      0   0   4                  1.32564   0.00004                0.56905               71.053   -0.002
      4   3   2        1.30536   1.30546  -0.00011      0.58687   0.58677      72.329   72.322    0.007
      5   0   2                  1.30546  -0.00011                0.58677               72.322    0.007
      1   0   4                  1.30540  -0.00004                0.58683               72.326    0.003
      4   0   3        1.28607   1.28610  -0.00003      0.60461   0.60458      73.591   73.589    0.002
      4   4   1                  1.28614  -0.00007                0.60454               73.586    0.005
      5   1   2                  1.28612  -0.00006                0.60455               73.587    0.004
      5   3   0                  1.28615  -0.00008                0.60453               73.585    0.005
      1   1   4                  1.28606   0.00000                0.60461               73.591    0.000
      4   1   3        1.26760   1.26759   0.00001      0.62235   0.62236      74.844   74.845   -0.001
      5   2   2        1.23289   1.23288   0.00000      0.65789   0.65789      77.334   77.334    0.000
      6   1   0                  1.23290  -0.00002                0.65787               77.333    0.001
      4   2   3        1.21655   1.21653   0.00002      0.67568   0.67570      78.571   78.572   -0.002
      6   0   1                  1.21657  -0.00002                0.67566               78.570    0.001
      4   4   2        1.18565   1.18575  -0.00010      0.71135   0.71123      81.036   81.027    0.008
      6   2   0                  1.18577  -0.00011                0.71122               81.026    0.009
      2   2   4                  1.18570  -0.00005                0.71129               81.032    0.004
      4   3   3        1.14360   1.14362  -0.00002      0.76463   0.76460      84.687   84.685    0.002
      5   0   3                  1.14362  -0.00002                0.76460               84.685    0.002
      5   4   1                  1.14365  -0.00005                0.76456               84.682    0.005
      3   2   4        1.11783   1.11790  -0.00007      0.80029   0.80020      87.118   87.112    0.007
      6   1   2                  1.11794  -0.00011                0.80014               87.108    0.011
      6   3   0                  1.11795  -0.00012                0.80012               87.106    0.012
      4   0   4        1.08236   1.08240  -0.00005      0.85361   0.85354      90.745   90.740    0.005
      6   2   2                  1.08244  -0.00008                0.85348               90.736    0.009
      4   1   4        1.07124   1.07130  -0.00006      0.87142   0.87132      91.956   91.949    0.007
      5   4   2                  1.07134  -0.00010                0.87126               91.945    0.011
      7   0   0                  1.07135  -0.00011                0.87124               91.944    0.012


          * NUMBER OF LINES
               .- INPUT DATA =  28
               .- CALCULATED =  99


          * MEAN ABSOLUTE DISCREPANCIES
                                              <Q> =0.2836E-04
                                 <DELTA(2-THETA)> =0.2240E-02
               MAX. ERROR ACCEPTED (DEG. 2-THETA) =0.4500E-01


          * FIGURES OF MERIT
                 1.- M( 28) =  155.2                         (REF. 4)
                 2.- F( 28) =  126.2(0.0022,  99)            (REF. 5)

                                                   ---------


          ITERATION NUMBER AT EACH DICHOTOMY LEVEL :            112      35       4       1       1       1       1
        HEXAGONAL SYSTEM
        ----------------

          ITERATION NUMBER AT EACH DICHOTOMY LEVEL :             17       1       0       0       0       0       0

                                                          NO SOLUTION


          VOLUME-DOMAIN BEING SCANNED       LOWER BOUND =   500.00A**3     HIGHER BOUND =   900.00A**3
          ===========================


        TETRAGONAL SYSTEM
        -----------------

          ITERATION NUMBER AT EACH DICHOTOMY LEVEL :              0       0       0       0       0       0       0

                                                          NO SOLUTION
        HEXAGONAL SYSTEM
        ----------------

          ITERATION NUMBER AT EACH DICHOTOMY LEVEL :              0       0       0       0       0       0       0

                                                          NO SOLUTION


          VOLUME-DOMAIN BEING SCANNED       LOWER BOUND =   900.00A**3     HIGHER BOUND =  1192.81A**3
          ===========================


        TETRAGONAL SYSTEM
        -----------------

          ITERATION NUMBER AT EACH DICHOTOMY LEVEL :              0       0       0       0       0       0       0

                                                          NO SOLUTION
        HEXAGONAL SYSTEM
        ----------------

          ITERATION NUMBER AT EACH DICHOTOMY LEVEL :              0       0       0       0       0       0       0

                                                          NO SOLUTION


                         END OF SEARCH FOR TETRAGONAL AND/OR HEXAGONAL AND/OR ORTHORHOMBIC SOLUTION(S)
                         *****************************************************************************

            ---  CALCULATION TIME FOR SEARCH DOWN TO ORTHORHOMBIC SYMMETRY :    0.0117 SECONDS


            ---  T O T A L   CALCULATION TIME :     0.0117 SECONDS






              DICVOL91 :  USEFUL REFERENCES
              --------
                * LOUER, D. & LOUER, M. (1972). J. APPL. CRYST. 5, 271-275.
                * BOULTIF, A. & LOUER, D. (1991). J. APPL. CRYST. 24, 987-993.
