  VERSION JANUARY 1990 
  N A M E                                      N A M E                   N A M E
       12.112300       
       15.410300       
       19.422300       
       22.414300       
       22.856300       
       25.814300       
       28.024300       
       29.622300       
       30.710300       
       31.951300       
       32.393300       
       34.807300       
       39.439800       
       45.857300       
       46.817800       
       51.637300       
       52.759300       
       57.026300       
       66.911800       
       71.552800       
       76.108800       
       84.999800       
       93.686800       
 PRINT ALL TRIALS WITH IQ GE   20
 STOP LIMITS
 FIGURE OF MERIT REQUIRED=   10
 MAX NUMBER OF UNINDEXED LINES IN FIGURE OF MERIT TEST=    4
 THE 7 FIRST LINES ADJUSTED BY THEIR HIGHER ORDERS
 CUBIC,TETRAGONAL,HEXAGONAL AND ORTHOROMBIC SYMMETRY
 MAX CELL EDGE= 25.0 MAX CELL VOLUME=     750.0
 D1=   .000200 SSQTL=   .050000 D2=   .000400 WAVE=  1.540598
 NUMBER OF LINES WITH SQ LESS THAN 0.327 NOT EQUAL TO   23
 NUMBER OF TEST LINES=   19 IQ REQUIRED=   16
 ** CUBIC TEST ********************* MAX. VOLUME=  750.
 SELECTED BASE LINES (1) (2)
 BASE LINE ONE.(HKL)-MAX=    4    4    4 MAX H+K+L=    6
 ** TETRAGONAL TEST **************** MAX. VOLUME=  750.
 SELECTED BASE LINES (1,2) (1,3) (2,3)
 BASE LINE ONE.(HKL)-MAX=    4    4    4 MAX H+K+L=    4
 BASE LINE TWO.(HKL)-MAX=    4    4    4 MAX H+K+L=    4
 ** HEXAGONAL TEST ***************** MAX. VOLUME=  750.
 SELECTED BASE LINES (1,2) (1,3) (2,3)
 BASE LINE ONE.(HKL)-MAX=    4    4    4 MAX H+K+L=    4
 BASE LINE TWO.(HKL)-MAX=    4    4    4 MAX H+K+L=    4
 ** ORTHORHOMBIC TEST ************** MAX. VOLUME=  750.
 SELECTED BASE LINES (1,2,3) (1,2,4) (1,2,5) (1,3,4) (2,3,4) (1,2,6) 
 BASE LINE ONE.(HKL)-MAX=    2    2    2 MAX H+K+L=    3
 BASE LINE TWO.(HKL)-MAX=    2    2    2 MAX H+K+L=    4
 BASE LINE THREE.(HKL)-MAX=    2    2    2 MAX H+K+L=    4
 PROGRAM FOR DIFFERENCE ANALYSIS
 PROGRAM  I1  REF: WERNER,P-E., Z.KRIST. 120(1964)375-378
 NUMBER OF SINE SQUARE(THETA) USED=   19
  DELTA=X/16 IF THIS IS LESS THAN    .00040 OTHERWISE DELTA=    .00040
   NR MULT. DIFF.TABLE
    1   29  .004770
    2   28  .001490
    3   27  .005630
    4   24                                      .037980
    5   21  .006720
    6   21           .008740
    7   18  .007740
    8   18                                      .037930
    9   17                                      .037900
   10   17  .006060
   11   17  .002050
   12   17  .007680
   13   15           .010400
   14   15           .010630
   15   15           .009310
   16   15           .010480
   17   15  .006850
   18   14           .010800
   19   13                                      .038100
   20   11           .011660
  NO SOLUTION ACCEPTED.....THINK! 
 TEST FINISHED
 NUMBER OF CELLS WITH  16 OR MORE INDEXABLE LINES 
 IN MONOCLINIC (020)-TESTS     0 SOLUTIONS 
 IN MONOCLINIC DOMINANT ZONE TESTS     0 SOLUTIONS 
 IN MONOCLINIC GENERAL TESTS     0 SOLUTIONS 
 IN TRICLINIC TESTS     0 SOLUTIONS 
 USED CPU-TIME=       .00 SEC.
