 ON THIS PAGE THE CARD IMAGES OF THE INPUT CARDS ARE PRINTED. 

  NR     CONTENTS   

        0        10        20        30        40        50        60        70        80
        I....|....I....|....I....|....I....|....I....|....I....|....I....|....I....|....I
   1      Powder 4.0 - ITO interface                                                     
   2      1 4+1+1-1 3.00 4.50   1.54056  0                1                      6.0000  
   3         0.0000       4.0       14.                                                  
   4     25.0958                                                                         
   5     25.7809                                                                         
   6     27.7361                                                                         
   7     29.0563                                                                         
   8     29.7164                                                                         
   9     30.7442                                                                         
  10     34.5460                                                                         
  11     35.3983                                                                         
  12     38.9494                                                                         
  13     41.4895                                                                         
  14     43.1941                                                                         
  15     44.1383                                                                         
  16     49.0347                                                                         
  17     50.1710                                                                         
  18     51.3993                                                                         
  19     51.7837                                                                         
  20     52.9117                                                                         
  21     54.7248                                                                         
  22     57.2065                                                                         
  23     57.7830                                                                         
  24     60.0641                                                                         
  25     60.5487                                                                         
  26     67.0076                                                                         
  27     68.0354                                                                         
  28     71.2523                                                                         
  29     72.7563                                                                         
  30     73.8425                                                                         
  31     74.9288                                                                         
  32     75.5722                                                                         
  33     0.0                                                                             
  34     END                                                                             
